#
# A fatal error has been detected by the Java Runtime Environment:
#
#  EXCEPTION_UNCAUGHT_CXX_EXCEPTION (0xe06d7363) at pc=0x00007ffdd1463fa9, pid=16132, tid=7952
#
# JRE version: OpenJDK Runtime Environment Temurin-11.0.13+8 (11.0.13+8) (build 11.0.13+8)
# Java VM: OpenJDK 64-Bit Server VM Temurin-11.0.13+8 (11.0.13+8, mixed mode, tiered, compressed oops, g1 gc, windows-amd64)
# Problematic frame:
# C  [KERNELBASE.dll+0x43fa9]
#
# No core dump will be written. Minidumps are not enabled by default on client versions of Windows
#
# If you would like to submit a bug report, please visit:
#   https://github.com/adoptium/adoptium-support/issues
# The crash happened outside the Java Virtual Machine in native code.
# See problematic frame for where to report the bug.
#

---------------  S U M M A R Y ------------

Command Line: 

Host: Intel(R) Xeon(R) CPU E5-1660 v3 @ 3.00GHz, 16 cores, 63G,  Windows 10 , 64 bit Build 18362 (10.0.18362.1916)
Time: Sun Jan 23 00:06:02 2022 FLE Standard Time elapsed time: 7.081317 seconds (0d 0h 0m 7s)

---------------  T H R E A D  ---------------

Current thread (0x0000018ead617800):  JavaThread "main" [_thread_in_native, id=7952, stack(0x0000008450e00000,0x0000008450ff0000)]

Stack: [0x0000008450e00000,0x0000008450ff0000],  sp=0x0000008450fe80c0,  free space=1952k
Native frames: (J=compiled Java code, j=interpreted, Vv=VM code, C=native code)
C  [KERNELBASE.dll+0x43fa9]
C  [VCRUNTIME140.dll+0x6220]
C  0x00007ffdc38b49c7
C  0x00007ffdc38bd8b8
C  0x00007ffdc38b2535
C  0x0000018eb196f777

Java frames: (J=compiled Java code, j=interpreted, Vv=VM code)
j  org.jpype.manager.TypeFactoryNative.newWrapper(JJ)V+0
j  org.jpype.JPypeContext.newWrapper(J)V+16
v  ~StubRoutines::call_stub
j  org.jpype.manager.TypeFactoryNative.newWrapper(JJ)V+0
j  org.jpype.JPypeContext.newWrapper(J)V+16
v  ~StubRoutines::call_stub

siginfo: EXCEPTION_UNCAUGHT_CXX_EXCEPTION (0xe06d7363), ExceptionInformation=0x0000000019930520 0x0000008450fe8280 0x00007ffdc38fde18 0x00007ffdc3880000 


Register to memory mapping:

RIP=0x00007ffdd1463fa9 KERNELBASE.dll
RAX=0x0000008450fe7988 is pointing into the stack for thread: 0x0000018ead617800
RBX=0x00007ffdc38fde18 points into unknown readable memory: 0x0001fda000000000 | 00 00 00 00 a0 fd 01 00
RCX=0x0 is NULL
RDX=0x0000008450fe7a30 is pointing into the stack for thread: 0x0000018ead617800
RSP=0x0000008450fe80c0 is pointing into the stack for thread: 0x0000018ead617800
RBP=0x0000008450fe8379 is pointing into the stack for thread: 0x0000018ead617800
RSI=0x0000008450fe8280 is pointing into the stack for thread: 0x0000018ead617800
RDI=0x0000000019930520 is an unknown value
R8 =0x0000008450fe79f0 is pointing into the stack for thread: 0x0000018ead617800
R9 =0x0000008450fe7a80 is pointing into the stack for thread: 0x0000018ead617800
R10=0x0000018eb196a56c is at code_begin+2412 in an Interpreter codelet
invoke return entry points  [0x0000018eb1969c00, 0x0000018eb196a600]  2560 bytes
R11=0x0 is NULL
R12=0x0000008450fe8408 is pointing into the stack for thread: 0x0000018ead617800
R13=0x0000018eee7ee3d0 points into unknown readable memory: 0x00007ffdc38e3130 | 30 31 8e c3 fd 7f 00 00
R14=0x0000018eaec21278 points into unknown readable memory: 0x0000000000000003 | 03 00 00 00 00 00 00 00
R15=0x0 is NULL


Registers:
RAX=0x0000008450fe7988, RBX=0x00007ffdc38fde18, RCX=0x0000000000000000, RDX=0x0000008450fe7a30
RSP=0x0000008450fe80c0, RBP=0x0000008450fe8379, RSI=0x0000008450fe8280, RDI=0x0000000019930520
R8 =0x0000008450fe79f0, R9 =0x0000008450fe7a80, R10=0x0000018eb196a56c, R11=0x0000000000000000
R12=0x0000008450fe8408, R13=0x0000018eee7ee3d0, R14=0x0000018eaec21278, R15=0x0000000000000000
RIP=0x00007ffdd1463fa9, EFLAGS=0x0000000000000202

Top of Stack: (sp=0x0000008450fe80c0)
0x0000008450fe80c0:   0000000000000040 00007ffdc38fde18
0x0000008450fe80d0:   0000008450fe8280 0000000000000001
0x0000008450fe80e0:   00000001e06d7363 0000000000000000
0x0000008450fe80f0:   00007ffdd1463fa9 0000008400000004
0x0000008450fe8100:   0000000019930520 0000008450fe8280
0x0000008450fe8110:   00007ffdc38fde18 00007ffdc3880000
0x0000008450fe8120:   0000018eee7ee3d0 0000008450fe8408
0x0000008450fe8130:   0000008450fe8280 0000008450fe8379
0x0000008450fe8140:   0000008450fe81c0 00007ffdd381f41f
0x0000008450fe8150:   0000000019930520 00007ffd00000000
0x0000008450fe8160:   0000000000000000 00007ffdc3889174
0x0000008450fe8170:   00007ffdc3905000 00007ffdc3880000
0x0000008450fe8180:   00005ff96a78ed1d 00007ffd9b612119
0x0000008450fe8190:   00007ffdc38fde18 00007ffd9bcb6220
0x0000008450fe81a0:   0000008450fe8240 0000008450fe8379
0x0000008450fe81b0:   0000008450fe8328 00007ffdc389fd43 

Instructions: (pc=0x00007ffdd1463fa9)
0x00007ffdd1463ea9:   fe ff ff 4c 8d 05 25 da 1f 00 33 d2 8d 4a 02 e8
0x00007ffdd1463eb9:   c3 32 01 00 48 8b f8 48 89 44 24 58 e9 ef fd ff
0x00007ffdd1463ec9:   ff 45 33 c0 49 8b d7 48 83 c9 ff e8 b7 67 02 00
0x00007ffdd1463ed9:   e9 09 ff ff ff 48 8b 0d 53 98 22 00 e8 06 f2 ff
0x00007ffdd1463ee9:   ff 48 8b cf e8 ae 9f fe ff e9 f9 fe ff ff 49 8b
0x00007ffdd1463ef9:   ce e8 a1 9f fe ff e9 f5 fe ff ff 48 8b ce e8 94
0x00007ffdd1463f09:   9f fe ff e9 f1 fe ff ff cc cc cc cc cc cc cc cc
0x00007ffdd1463f19:   cc cc cc cc cc cc cc 65 48 8b 04 25 30 00 00 00
0x00007ffdd1463f29:   8b 40 68 c3 cc cc cc cc cc cc cc cc cc cc cc cc
0x00007ffdd1463f39:   cc cc cc cc cc cc cc 48 81 ec d8 00 00 00 48 8b
0x00007ffdd1463f49:   05 e2 6e 22 00 48 33 c4 48 89 84 24 c0 00 00 00
0x00007ffdd1463f59:   48 83 64 24 28 00 48 8d 05 da ff ff ff 83 e2 01
0x00007ffdd1463f69:   89 4c 24 20 89 54 24 24 48 89 44 24 30 4d 85 c9
0x00007ffdd1463f79:   74 4b b8 0f 00 00 00 48 8d 4c 24 40 44 3b c0 49
0x00007ffdd1463f89:   8b d1 44 0f 47 c0 44 89 44 24 38 49 c1 e0 03 e8
0x00007ffdd1463f99:   4a d6 04 00 48 8d 4c 24 20 48 ff 15 4f 42 16 00
0x00007ffdd1463fa9:   0f 1f 44 00 00 48 8b 8c 24 c0 00 00 00 48 33 cc
0x00007ffdd1463fb9:   e8 62 63 04 00 48 81 c4 d8 00 00 00 c3 83 64 24
0x00007ffdd1463fc9:   38 00 eb d0 cc cc cc cc cc cc cc 48 89 5c 24 08
0x00007ffdd1463fd9:   48 89 74 24 10 57 48 83 ec 20 8b da 48 8b f9 e8
0x00007ffdd1463fe9:   43 d3 ff ff 33 f6 85 c0 0f 84 15 2b 06 00 85 db
0x00007ffdd1463ff9:   0f 84 0d 2b 06 00 44 8d 4e 02 ba 09 10 00 20 4c
0x00007ffdd1464009:   8d 44 24 40 48 8b cf e8 cb b1 ff ff 85 c0 0f 84
0x00007ffdd1464019:   ef 2a 06 00 39 5c 24 40 0f 85 e5 2a 06 00 0f b7
0x00007ffdd1464029:   c3 48 8b 5c 24 30 48 8b 74 24 38 48 83 c4 20 5f
0x00007ffdd1464039:   c3 cc cc cc cc cc cc 48 89 5c 24 08 48 89 74 24
0x00007ffdd1464049:   10 57 48 83 ec 40 48 8b c2 48 8b f1 48 8b c8 33
0x00007ffdd1464059:   d2 49 8b d9 41 8b f8 e8 cb 69 ff ff 48 8b d0 48
0x00007ffdd1464069:   85 db 0f 85 cf 2a 06 00 48 8b 44 24 78 44 8b c7
0x00007ffdd1464079:   44 8b 4c 24 70 48 8b ce 48 89 44 24 38 8d 43 01
0x00007ffdd1464089:   89 44 24 30 89 44 24 28 89 44 24 20 e8 16 00 00
0x00007ffdd1464099:   00 48 8b 5c 24 50 48 8b 74 24 58 48 83 c4 40 5f 


Stack slot to memory mapping:
stack at sp + 0 slots: 64 is a compressed pointer to class: 0x0000000800000040
stack at sp + 1 slots: 0x00007ffdc38fde18 points into unknown readable memory: 0x0001fda000000000 | 00 00 00 00 a0 fd 01 00
stack at sp + 2 slots: 0x0000008450fe8280 is pointing into the stack for thread: 0x0000018ead617800
stack at sp + 3 slots: 0x0000000000000001 is an unknown value
stack at sp + 4 slots: 0x00000001e06d7363 is an unknown value
stack at sp + 5 slots: 0x0 is NULL
stack at sp + 6 slots: 0x00007ffdd1463fa9 KERNELBASE.dll
stack at sp + 7 slots: 0x0000008400000004 is an unknown value


---------------  P R O C E S S  ---------------

Threads class SMR info:
_java_thread_list=0x0000018eee220270, length=24, elements={
0x0000018ead617800, 0x0000018ead61a000, 0x0000018ead61a800, 0x0000018ead61b800,
0x0000018ead61d000, 0x0000018ead61c800, 0x0000018ead41d800, 0x0000018ead420000,
0x0000018eeaae9800, 0x0000018ead41a000, 0x0000018ead61e000, 0x0000018ead618000,
0x0000018ead41c000, 0x0000018eecacb800, 0x0000018ead61e800, 0x0000018ead619000,
0x0000018eecacf000, 0x0000018eecace000, 0x0000018eecad1800, 0x0000018eecad0000,
0x0000018eecad0800, 0x0000018ead616800, 0x0000018ead622000, 0x0000018ead61f800
}

Java Threads: ( => current thread )
=>0x0000018ead617800 JavaThread "main" [_thread_in_native, id=7952, stack(0x0000008450e00000,0x0000008450ff0000)]
  0x0000018ead61a000 JavaThread "Reference Handler" daemon [_thread_blocked, id=14096, stack(0x0000008453f30000,0x0000008454120000)]
  0x0000018ead61a800 JavaThread "Finalizer" daemon [_thread_blocked, id=12468, stack(0x0000008454120000,0x0000008454310000)]
  0x0000018ead61b800 JavaThread "Signal Dispatcher" daemon [_thread_blocked, id=15272, stack(0x0000008454310000,0x0000008454500000)]
  0x0000018ead61d000 JavaThread "Attach Listener" daemon [_thread_blocked, id=16308, stack(0x0000008454500000,0x00000084546f0000)]
  0x0000018ead61c800 JavaThread "Service Thread" daemon [_thread_blocked, id=13512, stack(0x00000084546f0000,0x00000084548e0000)]
  0x0000018ead41d800 JavaThread "C2 CompilerThread0" daemon [_thread_blocked, id=5436, stack(0x00000084548e0000,0x0000008454ad0000)]
  0x0000018ead420000 JavaThread "C1 CompilerThread0" daemon [_thread_blocked, id=3256, stack(0x0000008454ad0000,0x0000008454cc0000)]
  0x0000018eeaae9800 JavaThread "Sweeper thread" daemon [_thread_blocked, id=15308, stack(0x0000008454cc0000,0x0000008454eb0000)]
  0x0000018ead41a000 JavaThread "C1 CompilerThread1" daemon [_thread_blocked, id=2208, stack(0x0000008454eb0000,0x00000084550a0000)]
  0x0000018ead61e000 JavaThread "Common-Cleaner" daemon [_thread_blocked, id=17244, stack(0x0000008455290000,0x0000008455480000)]
  0x0000018ead618000 JavaThread "Python Reference Queue" daemon [_thread_blocked, id=8184, stack(0x0000008455670000,0x0000008455860000)]
  0x0000018ead41c000 JavaThread "C1 CompilerThread2" daemon [_thread_blocked, id=13292, stack(0x0000008455a50000,0x0000008455c40000)]
  0x0000018eecacb800 JavaThread "C1 CompilerThread3" daemon [_thread_blocked, id=16584, stack(0x0000008457380000,0x0000008457570000)]
  0x0000018ead61e800 JavaThread "Thread-2" daemon [_thread_blocked, id=10816, stack(0x0000008457760000,0x0000008457950000)]
  0x0000018ead619000 JavaThread "EMF Reference Cleaner" daemon [_thread_blocked, id=12724, stack(0x0000008457570000,0x0000008457760000)]
  0x0000018eecacf000 JavaThread "C2 CompilerThread1" daemon [_thread_blocked, id=9152, stack(0x0000008455480000,0x0000008455670000)]
  0x0000018eecace000 JavaThread "C2 CompilerThread2" daemon [_thread_blocked, id=17116, stack(0x0000008455860000,0x0000008455a50000)]
  0x0000018eecad1800 JavaThread "C2 CompilerThread3" daemon [_thread_blocked, id=10792, stack(0x0000008457d30000,0x0000008457f20000)]
  0x0000018eecad0000 JavaThread "C2 CompilerThread4" daemon [_thread_blocked, id=17084, stack(0x000000845a730000,0x000000845a920000)]
  0x0000018eecad0800 JavaThread "C2 CompilerThread5" daemon [_thread_blocked, id=7616, stack(0x000000845a920000,0x000000845ab10000)]
  0x0000018ead616800 JavaThread "pool-2-thread-1" [_thread_blocked, id=17248, stack(0x000000845ad00000,0x000000845aef0000)]
  0x0000018ead622000 JavaThread "pool-3-thread-1" [_thread_blocked, id=10208, stack(0x000000845aef0000,0x000000845b0e0000)]
  0x0000018ead61f800 JavaThread "pool-4-thread-1" [_thread_blocked, id=14372, stack(0x000000845b0e0000,0x000000845b2d0000)]

Other Threads:
  0x0000018eeaa61800 VMThread "VM Thread" [stack: 0x0000008453d40000,0x0000008453f30000] [id=2092]
  0x0000018ea6515000 WatcherThread [stack: 0x00000084550a0000,0x0000008455290000] [id=8508]
  0x0000018ea7c0c000 GCTaskThread "GC Thread#0" [stack: 0x00000084511e0000,0x00000084513d0000] [id=14440]
  0x0000018eeb77a000 GCTaskThread "GC Thread#1" [stack: 0x0000008455c40000,0x0000008455e30000] [id=16988]
  0x0000018eec501800 GCTaskThread "GC Thread#2" [stack: 0x0000008455e30000,0x0000008456020000] [id=13820]
  0x0000018eec02b000 GCTaskThread "GC Thread#3" [stack: 0x0000008456020000,0x0000008456210000] [id=12828]
  0x0000018eec02c000 GCTaskThread "GC Thread#4" [stack: 0x0000008456210000,0x0000008456400000] [id=13528]
  0x0000018eeaed6800 GCTaskThread "GC Thread#5" [stack: 0x0000008456400000,0x00000084565f0000] [id=17032]
  0x0000018eecdb1800 GCTaskThread "GC Thread#6" [stack: 0x00000084565f0000,0x00000084567e0000] [id=8380]
  0x0000018eeb79a800 GCTaskThread "GC Thread#7" [stack: 0x00000084567e0000,0x00000084569d0000] [id=11188]
  0x0000018eec415000 GCTaskThread "GC Thread#8" [stack: 0x00000084569d0000,0x0000008456bc0000] [id=16464]
  0x0000018eeb5b2000 GCTaskThread "GC Thread#9" [stack: 0x0000008456bc0000,0x0000008456db0000] [id=16400]
  0x0000018eeaeca800 GCTaskThread "GC Thread#10" [stack: 0x0000008456db0000,0x0000008456fa0000] [id=12744]
  0x0000018ea6514800 GCTaskThread "GC Thread#11" [stack: 0x0000008456fa0000,0x0000008457190000] [id=908]
  0x0000018ea6513800 GCTaskThread "GC Thread#12" [stack: 0x0000008457190000,0x0000008457380000] [id=14508]
  0x0000018ea924c800 ConcurrentGCThread "G1 Main Marker" [stack: 0x00000084513d0000,0x00000084515c0000] [id=10172]
  0x0000018ead487800 ConcurrentGCThread "G1 Conc#0" [stack: 0x0000008451dc0000,0x0000008451fb0000] [id=16088]
  0x0000018ea6511000 ConcurrentGCThread "G1 Conc#1" [stack: 0x0000008457950000,0x0000008457b40000] [id=8740]
  0x0000018ea6512800 ConcurrentGCThread "G1 Conc#2" [stack: 0x0000008457b40000,0x0000008457d30000] [id=9888]
  0x0000018eae1ac800 ConcurrentGCThread "G1 Refine#0" [stack: 0x0000008453960000,0x0000008453b50000] [id=7228]
  0x0000018eede10800 ConcurrentGCThread "G1 Refine#1" [stack: 0x0000008458300000,0x00000084584f0000] [id=9528]
  0x0000018eee6c6000 ConcurrentGCThread "G1 Refine#2" [stack: 0x0000008458110000,0x0000008458300000] [id=16172]
  0x0000018eed9a7000 ConcurrentGCThread "G1 Refine#3" [stack: 0x00000084588d0000,0x0000008458ac0000] [id=12360]
  0x0000018eec975000 ConcurrentGCThread "G1 Refine#4" [stack: 0x0000008457f20000,0x0000008458110000] [id=4748]
  0x0000018eae1ad000 ConcurrentGCThread "G1 Young RemSet Sampling" [stack: 0x0000008453b50000,0x0000008453d40000] [id=12284]

Threads with active compile tasks:

VM state:not at safepoint (normal execution)

VM Mutex/Monitor currently owned by a thread: None

Heap address: 0x0000000401000000, size: 16368 MB, Compressed Oops mode: Zero based, Oop shift amount: 3
Narrow klass base: 0x0000000800000000, Narrow klass shift: 0
Compressed class space size: 1073741824 Address: 0x0000000800000000

Heap:
 garbage-first heap   total 204800K, used 134908K [0x0000000401000000, 0x0000000800000000)
  region size 4096K, 20 young (81920K), 0 survivors (0K)
 Metaspace       used 50620K, capacity 51331K, committed 51632K, reserved 1093632K
  class space    used 6316K, capacity 6587K, committed 6656K, reserved 1048576K
Heap Regions: E=young(eden), S=young(survivor), O=old, HS=humongous(starts), HC=humongous(continues), CS=collection set, F=free, A=archive, TAMS=top-at-mark-start (previous, next)
|   0|0x0000000401000000, 0x0000000401400000, 0x0000000401400000|100%|HS|  |TAMS 0x0000000401000000, 0x0000000401000000| Untracked 
|   1|0x0000000401400000, 0x00000004017fffe8, 0x0000000401800000| 99%| O|  |TAMS 0x0000000401400000, 0x0000000401400000| Untracked 
|   2|0x0000000401800000, 0x0000000401bfffd0, 0x0000000401c00000| 99%| O|  |TAMS 0x0000000401800000, 0x0000000401800000| Untracked 
|   3|0x0000000401c00000, 0x0000000401ff8c40, 0x0000000402000000| 99%| O|  |TAMS 0x0000000401c00000, 0x0000000401c00000| Untracked 
|   4|0x0000000402000000, 0x0000000402400000, 0x0000000402400000|100%| O|  |TAMS 0x0000000402000000, 0x0000000402000000| Untracked 
|   5|0x0000000402400000, 0x00000004027ffff8, 0x0000000402800000| 99%| O|  |TAMS 0x0000000402400000, 0x0000000402400000| Untracked 
|   6|0x0000000402800000, 0x0000000402bfffd8, 0x0000000402c00000| 99%| O|  |TAMS 0x0000000402800000, 0x0000000402800000| Untracked 
|   7|0x0000000402c00000, 0x0000000402ffffb0, 0x0000000403000000| 99%| O|  |TAMS 0x0000000402c00000, 0x0000000402c00000| Untracked 
|   8|0x0000000403000000, 0x00000004033ffff8, 0x0000000403400000| 99%| O|  |TAMS 0x0000000403000000, 0x0000000403000000| Untracked 
|   9|0x0000000403400000, 0x0000000403800000, 0x0000000403800000|100%| O|  |TAMS 0x0000000403400000, 0x0000000403400000| Untracked 
|  10|0x0000000403800000, 0x0000000403bffff0, 0x0000000403c00000| 99%| O|  |TAMS 0x0000000403800000, 0x0000000403800000| Untracked 
|  11|0x0000000403c00000, 0x0000000403ff8930, 0x0000000404000000| 99%| O|  |TAMS 0x0000000403c00000, 0x0000000403c00000| Untracked 
|  12|0x0000000404000000, 0x00000004043fdb78, 0x0000000404400000| 99%| O|  |TAMS 0x0000000404000000, 0x0000000404000000| Untracked 
|  13|0x0000000404400000, 0x000000040476ffc0, 0x0000000404800000| 85%| O|  |TAMS 0x0000000404400000, 0x0000000404400000| Untracked 
|  14|0x0000000404800000, 0x0000000404800000, 0x0000000404c00000|  0%| F|  |TAMS 0x0000000404800000, 0x0000000404800000| Untracked 
|  15|0x0000000404c00000, 0x0000000404c00000, 0x0000000405000000|  0%| F|  |TAMS 0x0000000404c00000, 0x0000000404c00000| Untracked 
|  16|0x0000000405000000, 0x0000000405000000, 0x0000000405400000|  0%| F|  |TAMS 0x0000000405000000, 0x0000000405000000| Untracked 
|  17|0x0000000405400000, 0x0000000405400000, 0x0000000405800000|  0%| F|  |TAMS 0x0000000405400000, 0x0000000405400000| Untracked 
|  18|0x0000000405800000, 0x0000000405800000, 0x0000000405c00000|  0%| F|  |TAMS 0x0000000405800000, 0x0000000405800000| Untracked 
|  19|0x0000000405c00000, 0x0000000405c00000, 0x0000000406000000|  0%| F|  |TAMS 0x0000000405c00000, 0x0000000405c00000| Untracked 
|  20|0x0000000406000000, 0x0000000406000000, 0x0000000406400000|  0%| F|  |TAMS 0x0000000406000000, 0x0000000406000000| Untracked 
|  21|0x0000000406400000, 0x0000000406400000, 0x0000000406800000|  0%| F|  |TAMS 0x0000000406400000, 0x0000000406400000| Untracked 
|  22|0x0000000406800000, 0x0000000406800000, 0x0000000406c00000|  0%| F|  |TAMS 0x0000000406800000, 0x0000000406800000| Untracked 
|  23|0x0000000406c00000, 0x0000000406c00000, 0x0000000407000000|  0%| F|  |TAMS 0x0000000406c00000, 0x0000000406c00000| Untracked 
|  24|0x0000000407000000, 0x0000000407000000, 0x0000000407400000|  0%| F|  |TAMS 0x0000000407000000, 0x0000000407000000| Untracked 
|  25|0x0000000407400000, 0x0000000407400000, 0x0000000407800000|  0%| F|  |TAMS 0x0000000407400000, 0x0000000407400000| Untracked 
|  26|0x0000000407800000, 0x0000000407800000, 0x0000000407c00000|  0%| F|  |TAMS 0x0000000407800000, 0x0000000407800000| Untracked 
|  27|0x0000000407c00000, 0x0000000407c00000, 0x0000000408000000|  0%| F|  |TAMS 0x0000000407c00000, 0x0000000407c00000| Untracked 
|  28|0x0000000408000000, 0x0000000408000000, 0x0000000408400000|  0%| F|  |TAMS 0x0000000408000000, 0x0000000408000000| Untracked 
|  29|0x0000000408400000, 0x000000040872a5a8, 0x0000000408800000| 79%| E|  |TAMS 0x0000000408400000, 0x0000000408400000| Complete 
|  30|0x0000000408800000, 0x0000000408c00000, 0x0000000408c00000|100%| E|CS|TAMS 0x0000000408800000, 0x0000000408800000| Complete 
|  31|0x0000000408c00000, 0x0000000409000000, 0x0000000409000000|100%| E|CS|TAMS 0x0000000408c00000, 0x0000000408c00000| Complete 
|  32|0x0000000409000000, 0x0000000409400000, 0x0000000409400000|100%| E|CS|TAMS 0x0000000409000000, 0x0000000409000000| Complete 
|  33|0x0000000409400000, 0x0000000409800000, 0x0000000409800000|100%| E|CS|TAMS 0x0000000409400000, 0x0000000409400000| Complete 
|  34|0x0000000409800000, 0x0000000409c00000, 0x0000000409c00000|100%| E|CS|TAMS 0x0000000409800000, 0x0000000409800000| Complete 
|  35|0x0000000409c00000, 0x000000040a000000, 0x000000040a000000|100%| E|CS|TAMS 0x0000000409c00000, 0x0000000409c00000| Complete 
|  36|0x000000040a000000, 0x000000040a400000, 0x000000040a400000|100%| E|CS|TAMS 0x000000040a000000, 0x000000040a000000| Complete 
|  37|0x000000040a400000, 0x000000040a800000, 0x000000040a800000|100%| E|CS|TAMS 0x000000040a400000, 0x000000040a400000| Complete 
|  38|0x000000040a800000, 0x000000040ac00000, 0x000000040ac00000|100%| E|CS|TAMS 0x000000040a800000, 0x000000040a800000| Complete 
|  39|0x000000040ac00000, 0x000000040b000000, 0x000000040b000000|100%| E|CS|TAMS 0x000000040ac00000, 0x000000040ac00000| Complete 
|  40|0x000000040b000000, 0x000000040b400000, 0x000000040b400000|100%| E|CS|TAMS 0x000000040b000000, 0x000000040b000000| Complete 
|  41|0x000000040b400000, 0x000000040b800000, 0x000000040b800000|100%| E|CS|TAMS 0x000000040b400000, 0x000000040b400000| Complete 
|  42|0x000000040b800000, 0x000000040bc00000, 0x000000040bc00000|100%| E|CS|TAMS 0x000000040b800000, 0x000000040b800000| Complete 
|  43|0x000000040bc00000, 0x000000040c000000, 0x000000040c000000|100%| E|CS|TAMS 0x000000040bc00000, 0x000000040bc00000| Complete 
|  44|0x000000040c000000, 0x000000040c400000, 0x000000040c400000|100%| E|CS|TAMS 0x000000040c000000, 0x000000040c000000| Complete 
|  45|0x000000040c400000, 0x000000040c460218, 0x000000040c800000|  9%| O|  |TAMS 0x000000040c400000, 0x000000040c400000| Untracked 
|  46|0x000000040c800000, 0x000000040cc00000, 0x000000040cc00000|100%| E|CS|TAMS 0x000000040c800000, 0x000000040c800000| Complete 
|  47|0x000000040cc00000, 0x000000040d000000, 0x000000040d000000|100%| E|CS|TAMS 0x000000040cc00000, 0x000000040cc00000| Complete 
|  48|0x000000040d000000, 0x000000040d400000, 0x000000040d400000|100%| E|CS|TAMS 0x000000040d000000, 0x000000040d000000| Complete 
|  49|0x000000040d400000, 0x000000040d800000, 0x000000040d800000|100%| E|CS|TAMS 0x000000040d400000, 0x000000040d400000| Complete 

Card table byte_map: [0x0000018ec3930000,0x0000018ec5930000] _byte_map_base: 0x0000018ec1928000

Marking Bits (Prev, Next): (CMBitMap*) 0x0000018ead5c8b58, (CMBitMap*) 0x0000018ead5c8b90
 Prev Bits: [0x0000018ec7930000, 0x0000018ed78f0000)
 Next Bits: [0x0000018ed78f0000, 0x0000018ee78b0000)

Polling page: 0x0000018eaf330000

Metaspace:

Usage:
  Non-class:     43.70 MB capacity,    43.27 MB (>99%) used,   353.02 KB ( <1%) free+waste,    87.31 KB ( <1%) overhead. 
      Class:      6.43 MB capacity,     6.17 MB ( 96%) used,   230.54 KB (  3%) free+waste,    39.94 KB ( <1%) overhead. 
       Both:     50.13 MB capacity,    49.43 MB ( 99%) used,   583.56 KB (  1%) free+waste,   127.25 KB ( <1%) overhead. 

Virtual space:
  Non-class space:       44.00 MB reserved,      43.92 MB (>99%) committed 
      Class space:        1.00 GB reserved,       6.50 MB ( <1%) committed 
             Both:        1.04 GB reserved,      50.42 MB (  5%) committed 

Chunk freelists:
   Non-Class:  40.00 KB
       Class:  0 bytes
        Both:  40.00 KB

MaxMetaspaceSize: 17179869184.00 GB
CompressedClassSpaceSize: 1.00 GB
Initial GC threshold: 20.80 MB
Current GC threshold: 69.66 MB
CDS: off

CodeHeap 'non-profiled nmethods': size=119168Kb used=2937Kb max_used=2937Kb free=116230Kb
 bounds [0x0000018eb9500000, 0x0000018eb97e0000, 0x0000018ec0960000]
CodeHeap 'profiled nmethods': size=119168Kb used=11159Kb max_used=11159Kb free=108008Kb
 bounds [0x0000018eb20a0000, 0x0000018eb2b90000, 0x0000018eb9500000]
CodeHeap 'non-nmethods': size=7424Kb used=3015Kb max_used=3041Kb free=4409Kb
 bounds [0x0000018eb1960000, 0x0000018eb1c70000, 0x0000018eb20a0000]
 total_blobs=5330 nmethods=4695 adapters=544
 compilation: enabled
              stopped_count=0, restarted_count=0
 full_count=0

Compilation events (20 events):
Event: 7.046 Thread 0x0000018ead41c000 nmethod 4708 0x0000018eb2b71610 code [0x0000018eb2b71800, 0x0000018eb2b71d78]
Event: 7.046 Thread 0x0000018eecad1800 nmethod 4706 0x0000018eb97db590 code [0x0000018eb97db720, 0x0000018eb97db778]
Event: 7.046 Thread 0x0000018eecad1800 4709       4       java.util.ArrayList::grow (18 bytes)
Event: 7.046 Thread 0x0000018ead420000 4710       3       java.util.ArrayList::grow (11 bytes)
Event: 7.047 Thread 0x0000018eecacb800 4711       3       org.jpype.manager.MethodResolution::isMoreSpecificThan (519 bytes)
Event: 7.047 Thread 0x0000018ead41c000 4712       3       java.util.ArrayList::rangeCheckForAdd (26 bytes)
Event: 7.047 Thread 0x0000018ead41a000 4713       3       java.util.ArrayList::<init> (63 bytes)
Event: 7.047 Thread 0x0000018ead420000 nmethod 4710 0x0000018eb2b71e90 code [0x0000018eb2b72060, 0x0000018eb2b72358]
Event: 7.047 Thread 0x0000018ead420000 4714       3       java.util.LinkedHashMap$LinkedValues::iterator (12 bytes)
Event: 7.047 Thread 0x0000018ead41c000 nmethod 4712 0x0000018eb2b72490 code [0x0000018eb2b726e0, 0x0000018eb2b72d68]
Event: 7.047 Thread 0x0000018ead420000 nmethod 4714 0x0000018eb2b73010 code [0x0000018eb2b731e0, 0x0000018eb2b735b8]
Event: 7.047 Thread 0x0000018ead41c000 4716       3       java.util.ArrayList::add (65 bytes)
Event: 7.047 Thread 0x0000018ead420000 4715       3       java.util.LinkedHashMap$LinkedValueIterator::<init> (11 bytes)
Event: 7.047 Thread 0x0000018ead41a000 nmethod 4713 0x0000018eb2b73710 code [0x0000018eb2b73920, 0x0000018eb2b73e98]
Event: 7.048 Thread 0x0000018ead41a000 4717       3       org.jpype.manager.MethodResolution::<init> (498 bytes)
Event: 7.048 Thread 0x0000018ead420000 nmethod 4715 0x0000018eb2b74010 code [0x0000018eb2b741e0, 0x0000018eb2b74518]
Event: 7.048 Thread 0x0000018ead420000 4718       3       java.util.LinkedHashMap::values (25 bytes)
Event: 7.048 Thread 0x0000018eecace000 nmethod 4700 0x0000018eb97db890 code [0x0000018eb97dba40, 0x0000018eb97dbd18]
Event: 7.049 Thread 0x0000018ead41c000 nmethod 4716 0x0000018eb2b74610 code [0x0000018eb2b74860, 0x0000018eb2b750e8]
Event: 7.049 Thread 0x0000018ead420000 nmethod 4718 0x0000018eb2b75410 code [0x0000018eb2b755e0, 0x0000018eb2b75978]

GC Heap History (20 events):
Event: 3.107 GC heap before
{Heap before GC invocations=8 (full 4):
 garbage-first heap   total 81920K, used 56865K [0x0000000401000000, 0x0000000800000000)
  region size 4096K, 7 young (28672K), 1 survivors (4096K)
 Metaspace       used 19312K, capacity 19777K, committed 19968K, reserved 1067008K
  class space    used 2346K, capacity 2519K, committed 2560K, reserved 1048576K
}
Event: 3.126 GC heap after
{Heap after GC invocations=9 (full 4):
 garbage-first heap   total 81920K, used 39387K [0x0000000401000000, 0x0000000800000000)
  region size 4096K, 1 young (4096K), 1 survivors (4096K)
 Metaspace       used 19312K, capacity 19777K, committed 19968K, reserved 1067008K
  class space    used 2346K, capacity 2519K, committed 2560K, reserved 1048576K
}
Event: 3.592 GC heap before
{Heap before GC invocations=9 (full 4):
 garbage-first heap   total 81920K, used 55771K [0x0000000401000000, 0x0000000800000000)
  region size 4096K, 5 young (20480K), 1 survivors (4096K)
 Metaspace       used 20710K, capacity 21170K, committed 21296K, reserved 1069056K
  class space    used 2463K, capacity 2620K, committed 2688K, reserved 1048576K
}
Event: 3.609 GC heap after
{Heap after GC invocations=10 (full 4):
 garbage-first heap   total 81920K, used 46589K [0x0000000401000000, 0x0000000800000000)
  region size 4096K, 1 young (4096K), 1 survivors (4096K)
 Metaspace       used 20710K, capacity 21170K, committed 21296K, reserved 1069056K
  class space    used 2463K, capacity 2620K, committed 2688K, reserved 1048576K
}
Event: 3.677 GC heap before
{Heap before GC invocations=11 (full 4):
 garbage-first heap   total 81920K, used 50685K [0x0000000401000000, 0x0000000800000000)
  region size 4096K, 3 young (12288K), 1 survivors (4096K)
 Metaspace       used 20711K, capacity 21170K, committed 21296K, reserved 1069056K
  class space    used 2463K, capacity 2620K, committed 2688K, reserved 1048576K
}
Event: 3.729 GC heap after
{Heap after GC invocations=12 (full 5):
 garbage-first heap   total 90112K, used 48830K [0x0000000401000000, 0x0000000800000000)
  region size 4096K, 0 young (0K), 0 survivors (0K)
 Metaspace       used 20711K, capacity 21170K, committed 21296K, reserved 1069056K
  class space    used 2463K, capacity 2620K, committed 2688K, reserved 1048576K
}
Event: 3.990 GC heap before
{Heap before GC invocations=12 (full 5):
 garbage-first heap   total 90112K, used 57022K [0x0000000401000000, 0x0000000800000000)
  region size 4096K, 3 young (12288K), 0 survivors (0K)
 Metaspace       used 23060K, capacity 23477K, committed 23600K, reserved 1071104K
  class space    used 2695K, capacity 2881K, committed 2944K, reserved 1048576K
}
Event: 3.998 GC heap after
{Heap after GC invocations=13 (full 5):
 garbage-first heap   total 90112K, used 54238K [0x0000000401000000, 0x0000000800000000)
  region size 4096K, 1 young (4096K), 1 survivors (4096K)
 Metaspace       used 23060K, capacity 23477K, committed 23600K, reserved 1071104K
  class space    used 2695K, capacity 2881K, committed 2944K, reserved 1048576K
}
Event: 4.046 GC heap before
{Heap before GC invocations=14 (full 5):
 garbage-first heap   total 90112K, used 54238K [0x0000000401000000, 0x0000000800000000)
  region size 4096K, 2 young (8192K), 1 survivors (4096K)
 Metaspace       used 23860K, capacity 24347K, committed 24496K, reserved 1071104K
  class space    used 2762K, capacity 2979K, committed 3072K, reserved 1048576K
}
Event: 4.102 GC heap after
{Heap after GC invocations=15 (full 6):
 garbage-first heap   total 98304K, used 53017K [0x0000000401000000, 0x0000000800000000)
  region size 4096K, 0 young (0K), 0 survivors (0K)
 Metaspace       used 23860K, capacity 24347K, committed 24496K, reserved 1071104K
  class space    used 2762K, capacity 2979K, committed 3072K, reserved 1048576K
}
Event: 4.148 GC heap before
{Heap before GC invocations=15 (full 6):
 garbage-first heap   total 98304K, used 53017K [0x0000000401000000, 0x0000000800000000)
  region size 4096K, 1 young (4096K), 0 survivors (0K)
 Metaspace       used 24424K, capacity 24955K, committed 25136K, reserved 1071104K
  class space    used 2872K, capacity 3075K, committed 3200K, reserved 1048576K
}
Event: 4.203 GC heap after
{Heap after GC invocations=16 (full 7):
 garbage-first heap   total 98304K, used 53148K [0x0000000401000000, 0x0000000800000000)
  region size 4096K, 0 young (0K), 0 survivors (0K)
 Metaspace       used 24424K, capacity 24955K, committed 25136K, reserved 1071104K
  class space    used 2872K, capacity 3075K, committed 3200K, reserved 1048576K
}
Event: 4.414 GC heap before
{Heap before GC invocations=16 (full 7):
 garbage-first heap   total 98304K, used 65436K [0x0000000401000000, 0x0000000800000000)
  region size 4096K, 3 young (12288K), 0 survivors (0K)
 Metaspace       used 27071K, capacity 27596K, committed 27696K, reserved 1073152K
  class space    used 3152K, capacity 3358K, committed 3456K, reserved 1048576K
}
Event: 4.418 GC heap after
{Heap after GC invocations=17 (full 7):
 garbage-first heap   total 573440K, used 53959K [0x0000000401000000, 0x0000000800000000)
  region size 4096K, 1 young (4096K), 1 survivors (4096K)
 Metaspace       used 27071K, capacity 27596K, committed 27696K, reserved 1073152K
  class space    used 3152K, capacity 3358K, committed 3456K, reserved 1048576K
}
Event: 4.477 GC heap before
{Heap before GC invocations=18 (full 7):
 garbage-first heap   total 573440K, used 53959K [0x0000000401000000, 0x0000000800000000)
  region size 4096K, 2 young (8192K), 1 survivors (4096K)
 Metaspace       used 27396K, capacity 27884K, committed 28080K, reserved 1073152K
  class space    used 3316K, capacity 3518K, committed 3584K, reserved 1048576K
}
Event: 4.496 GC heap after
{Heap after GC invocations=19 (full 8):
 garbage-first heap   total 204800K, used 53662K [0x0000000401000000, 0x0000000800000000)
  region size 4096K, 0 young (0K), 0 survivors (0K)
 Metaspace       used 27396K, capacity 27884K, committed 28080K, reserved 1073152K
  class space    used 3316K, capacity 3518K, committed 3584K, reserved 1048576K
}
Event: 5.849 GC heap before
{Heap before GC invocations=19 (full 8):
 garbage-first heap   total 204800K, used 119198K [0x0000000401000000, 0x0000000800000000)
  region size 4096K, 16 young (65536K), 0 survivors (0K)
 Metaspace       used 41432K, capacity 42045K, committed 42288K, reserved 1085440K
  class space    used 5172K, capacity 5412K, committed 5504K, reserved 1048576K
}
Event: 5.851 GC heap after
{Heap after GC invocations=20 (full 8):
 garbage-first heap   total 204800K, used 56966K [0x0000000401000000, 0x0000000800000000)
  region size 4096K, 1 young (4096K), 1 survivors (4096K)
 Metaspace       used 41432K, capacity 42045K, committed 42288K, reserved 1085440K
  class space    used 5172K, capacity 5412K, committed 5504K, reserved 1048576K
}
Event: 5.894 GC heap before
{Heap before GC invocations=20 (full 8):
 garbage-first heap   total 204800K, used 56966K [0x0000000401000000, 0x0000000800000000)
  region size 4096K, 2 young (8192K), 1 survivors (4096K)
 Metaspace       used 41973K, capacity 42557K, committed 42800K, reserved 1087488K
  class space    used 5179K, capacity 5412K, committed 5504K, reserved 1048576K
}
Event: 5.931 GC heap after
{Heap after GC invocations=21 (full 9):
 garbage-first heap   total 204800K, used 57084K [0x0000000401000000, 0x0000000800000000)
  region size 4096K, 0 young (0K), 0 survivors (0K)
 Metaspace       used 41973K, capacity 42557K, committed 42800K, reserved 1087488K
  class space    used 5179K, capacity 5412K, committed 5504K, reserved 1048576K
}

Deoptimization events (20 events):
Event: 7.029 Thread 0x0000018ead617800 Uncommon trap: trap_request=0xffffffde fr.pc=0x0000018eb976b3fc relative=0x000000000000013c
Event: 7.029 Thread 0x0000018ead617800 Uncommon trap: reason=class_check action=maybe_recompile pc=0x0000018eb976b3fc method=java.util.regex.Pattern$BmpCharPropertyGreedy.match(Ljava/util/regex/Matcher;ILjava/lang/CharSequence;)Z @ 26 c2
Event: 7.029 Thread 0x0000018ead617800 DEOPT PACKING pc=0x0000018eb976b3fc sp=0x0000008450fe5370
Event: 7.029 Thread 0x0000018ead617800 DEOPT UNPACKING pc=0x0000018eb19aa1af sp=0x0000008450fe5328 mode 2
Event: 7.029 Thread 0x0000018ead617800 Uncommon trap: trap_request=0xffffffde fr.pc=0x0000018eb976b3fc relative=0x000000000000013c
Event: 7.029 Thread 0x0000018ead617800 Uncommon trap: reason=class_check action=maybe_recompile pc=0x0000018eb976b3fc method=java.util.regex.Pattern$BmpCharPropertyGreedy.match(Ljava/util/regex/Matcher;ILjava/lang/CharSequence;)Z @ 26 c2
Event: 7.029 Thread 0x0000018ead617800 DEOPT PACKING pc=0x0000018eb976b3fc sp=0x0000008450fe5370
Event: 7.029 Thread 0x0000018ead617800 DEOPT UNPACKING pc=0x0000018eb19aa1af sp=0x0000008450fe5328 mode 2
Event: 7.029 Thread 0x0000018ead617800 Uncommon trap: trap_request=0xffffffde fr.pc=0x0000018eb976b3fc relative=0x000000000000013c
Event: 7.029 Thread 0x0000018ead617800 Uncommon trap: reason=class_check action=maybe_recompile pc=0x0000018eb976b3fc method=java.util.regex.Pattern$BmpCharPropertyGreedy.match(Ljava/util/regex/Matcher;ILjava/lang/CharSequence;)Z @ 26 c2
Event: 7.029 Thread 0x0000018ead617800 DEOPT PACKING pc=0x0000018eb976b3fc sp=0x0000008450fe5370
Event: 7.029 Thread 0x0000018ead617800 DEOPT UNPACKING pc=0x0000018eb19aa1af sp=0x0000008450fe5328 mode 2
Event: 7.029 Thread 0x0000018ead617800 Uncommon trap: trap_request=0xffffffde fr.pc=0x0000018eb976b3fc relative=0x000000000000013c
Event: 7.029 Thread 0x0000018ead617800 Uncommon trap: reason=class_check action=maybe_recompile pc=0x0000018eb976b3fc method=java.util.regex.Pattern$BmpCharPropertyGreedy.match(Ljava/util/regex/Matcher;ILjava/lang/CharSequence;)Z @ 26 c2
Event: 7.029 Thread 0x0000018ead617800 DEOPT PACKING pc=0x0000018eb976b3fc sp=0x0000008450fe5370
Event: 7.029 Thread 0x0000018ead617800 DEOPT UNPACKING pc=0x0000018eb19aa1af sp=0x0000008450fe5328 mode 2
Event: 7.043 Thread 0x0000018ead617800 Uncommon trap: trap_request=0xffffff4d fr.pc=0x0000018eb9551814 relative=0x00000000000005b4
Event: 7.043 Thread 0x0000018ead617800 Uncommon trap: reason=unstable_if action=reinterpret pc=0x0000018eb9551814 method=java.lang.PublicMethods$MethodList.filter([Ljava/lang/reflect/Method;Ljava/lang/String;[Ljava/lang/Class;Z)Ljava/lang/PublicMethods$MethodList; @ 58 c2
Event: 7.043 Thread 0x0000018ead617800 DEOPT PACKING pc=0x0000018eb9551814 sp=0x0000008450fe8110
Event: 7.043 Thread 0x0000018ead617800 DEOPT UNPACKING pc=0x0000018eb19aa1af sp=0x0000008450fe80b0 mode 2

Classes redefined (0 events):
No events

Internal exceptions (20 events):
Event: 4.324 Thread 0x0000018ead617800 Exception <a 'java/lang/NoSuchMethodError'{0x00000004065eabe0}: 'void java.lang.invoke.DirectMethodHandle$Holder.invokeSpecial(java.lang.Object, java.lang.Object, java.lang.Object, int)'> (0x00000004065eabe0) thrown at [./src/hotspot/share/interpreter/linkResolver.cpp, line 773]
Event: 4.788 Thread 0x0000018ead617800 Exception <a 'java/lang/NoSuchMethodError'{0x000000040c631d98}: 'void java.lang.invoke.DirectMethodHandle$Holder.invokeStaticInit(java.lang.Object, java.lang.Object)'> (0x000000040c631d98) thrown at [./src/hotspot/share/interpreter/linkResolver.cpp, line 773]
Event: 5.063 Thread 0x0000018ead617800 Exception <a 'java/lang/NoSuchMethodError'{0x000000040b6f32d0}: 'java.lang.Object java.lang.invoke.DirectMethodHandle$Holder.invokeSpecial(java.lang.Object, java.lang.Object, int, int, int, java.lang.Object, java.lang.Object)'> (0x000000040b6f32d0) thrown at [./src/hotspot/share/interpreter/linkResolver.cpp, line 773]
Event: 5.064 Thread 0x0000018ead617800 Exception <a 'java/lang/NoSuchMethodError'{0x000000040b700e58}: 'java.lang.Object java.lang.invoke.Invokers$Holder.linkToTargetMethod(java.lang.Object, int, int, int, java.lang.Object, java.lang.Object)'> (0x000000040b700e58) thrown at [./src/hotspot/share/interpreter/linkResolver.cpp, line 773]
Event: 5.442 Thread 0x0000018ead617800 Exception <a 'java/lang/NoSuchMethodError'{0x000000040abb7368}: 'java.lang.Object java.lang.invoke.DirectMethodHandle$Holder.invokeStaticInit(java.lang.Object, java.lang.Object, int, int, int, int)'> (0x000000040abb7368) thrown at [./src/hotspot/share/interpreter/linkResolver.cpp, line 773]
Event: 5.464 Thread 0x0000018ead617800 Exception <a 'java/lang/NoSuchMethodError'{0x000000040a4b8bf8}: 'java.lang.Object java.lang.invoke.DirectMethodHandle$Holder.invokeStaticInit(java.lang.Object, java.lang.Object, java.lang.Object)'> (0x000000040a4b8bf8) thrown at [./src/hotspot/share/interpreter/linkResolver.cpp, line 773]
Event: 5.643 Thread 0x0000018ead617800 Exception <a 'java/lang/NoSuchMethodError'{0x000000040a1016e8}: 'void java.lang.invoke.DirectMethodHandle$Holder.invokeStatic(java.lang.Object, java.lang.Object, java.lang.Object, java.lang.Object)'> (0x000000040a1016e8) thrown at [./src/hotspot/share/interpreter/linkResolver.cpp, line 773]
Event: 5.828 Thread 0x0000018ead617800 Exception <a 'java/lang/NoSuchMethodError'{0x0000000409a96780}: 'int java.lang.invoke.DirectMethodHandle$Holder.invokeStaticInit(java.lang.Object, java.lang.Object, java.lang.Object)'> (0x0000000409a96780) thrown at [./src/hotspot/share/interpreter/linkResolver.cpp, line 773]
Event: 6.033 Thread 0x0000018ead617800 Implicit null exception at 0x0000018eb971b876 to 0x0000018eb971ba8c
Event: 6.033 Thread 0x0000018ead617800 Implicit null exception at 0x0000018eb9633bbb to 0x0000018eb9634266
Event: 6.034 Thread 0x0000018ead617800 Implicit null exception at 0x0000018eb95db72f to 0x0000018eb95db7a9
Event: 6.264 Thread 0x0000018ead617800 Exception <a 'java/lang/NoSuchMethodError'{0x000000040b512930}: 'void java.lang.invoke.DirectMethodHandle$Holder.invokeStatic(java.lang.Object, java.lang.Object, java.lang.Object, java.lang.Object, java.lang.Object)'> (0x000000040b512930) thrown at [./src/hotspot/share/interpreter/linkResolver.cpp, line 773]
Event: 6.536 Thread 0x0000018ead617800 Implicit null exception at 0x0000018eb9780cfa to 0x0000018eb9780e50
Event: 6.539 Thread 0x0000018ead617800 Implicit null exception at 0x0000018eb96fa6f4 to 0x0000018eb96facfc
Event: 6.628 Thread 0x0000018ead617800 Implicit null exception at 0x0000018eb97325f7 to 0x0000018eb9732bd8
Event: 6.928 Thread 0x0000018ead617800 Exception <a 'java/lang/NoSuchMethodError'{0x0000000408440cd8}: 'void java.lang.invoke.DirectMethodHandle$Holder.invokeStatic(java.lang.Object, long)'> (0x0000000408440cd8) thrown at [./src/hotspot/share/interpreter/linkResolver.cpp, line 773]
Event: 6.928 Thread 0x0000018ead617800 Exception <a 'java/lang/NoSuchMethodError'{0x0000000408445ef0}: 'java.lang.Object java.lang.invoke.DirectMethodHandle$Holder.invokeStatic(java.lang.Object, long)'> (0x0000000408445ef0) thrown at [./src/hotspot/share/interpreter/linkResolver.cpp, line 773]
Event: 6.930 Thread 0x0000018ead617800 Exception <a 'java/lang/NoSuchMethodError'{0x0000000408453f90}: 'java.lang.Object java.lang.invoke.DirectMethodHandle$Holder.invokeStaticInit(java.lang.Object, java.lang.Object, long, java.lang.Object)'> (0x0000000408453f90) thrown at [./src/hotspot/share/interpreter/linkResolver.cpp, line 773]
Event: 6.930 Thread 0x0000018ead617800 Exception <a 'java/lang/NoSuchMethodError'{0x0000000408459e80}: 'java.lang.Object java.lang.invoke.DirectMethodHandle$Holder.invokeStatic(java.lang.Object, java.lang.Object, long)'> (0x0000000408459e80) thrown at [./src/hotspot/share/interpreter/linkResolver.cpp, line 773]
Event: 6.931 Thread 0x0000018ead617800 Exception <a 'java/lang/NoSuchMethodError'{0x0000000408460150}: 'java.lang.Object java.lang.invoke.Invokers$Holder.linkToTargetMethod(java.lang.Object, long, java.lang.Object)'> (0x0000000408460150) thrown at [./src/hotspot/share/interpreter/linkResolver.cpp, line 773]

Events (20 events):
Event: 7.034 loading class com/comsol/model/util/ModelManagerEvent$Type
Event: 7.034 loading class com/comsol/model/util/ModelManagerEvent$Type done
Event: 7.035 loading class com/comsol/model/util/ModelManagerEvent
Event: 7.035 loading class com/comsol/model/util/ModelManagerEvent done
Event: 7.035 loading class com/comsol/model/util/ExternalUtil
Event: 7.035 loading class com/comsol/model/util/ExternalUtil done
Event: 7.036 loading class com/comsol/model/util/ExternalUtil$1
Event: 7.036 loading class com/comsol/model/util/ExternalUtil$1 done
Event: 7.036 loading class com/comsol/model/impl/ModelImpl
Event: 7.036 loading class com/comsol/model/impl/ModelImpl done
Event: 7.037 loading class com/comsol/api/IAppInternalMethods
Event: 7.037 loading class com/comsol/api/IAppInternalMethods done
Event: 7.038 loading class com/comsol/model/impl/AbstractModelImpl
Event: 7.038 loading class com/comsol/model/impl/AbstractModelImpl done
Event: 7.038 loading class com/comsol/model/impl/ModelEntityImpl
Event: 7.038 loading class com/comsol/model/impl/ModelEntityImpl done
Event: 7.039 loading class com/comsol/model/impl/PrimitiveModelEntityImpl
Event: 7.039 loading class com/comsol/model/impl/PrimitiveModelEntityImpl done
Event: 7.042 loading class com/comsol/util/classes/bh
Event: 7.042 loading class com/comsol/util/classes/bh done


Dynamic libraries:
0x00007ff637360000 - 0x00007ff63737c000 	E:\Continuum\anaconda3\pythonw.exe
0x00007ffdd3800000 - 0x00007ffdd39f0000 	C:\WINDOWS\SYSTEM32\ntdll.dll
0x00007ffdd3700000 - 0x00007ffdd37b3000 	C:\WINDOWS\System32\KERNEL32.DLL
0x00007ffdd1420000 - 0x00007ffdd16c5000 	C:\WINDOWS\System32\KERNELBASE.dll
0x00007ffdd0880000 - 0x00007ffdd097a000 	C:\WINDOWS\System32\ucrtbase.dll
0x00007ffd9b440000 - 0x00007ffd9b8b3000 	E:\Continuum\anaconda3\python37.dll
0x00007ffd9bcb0000 - 0x00007ffd9bcc9000 	E:\Continuum\anaconda3\VCRUNTIME140.dll
0x00007ffdd2330000 - 0x00007ffdd2382000 	C:\WINDOWS\System32\SHLWAPI.dll
0x00007ffdd31f0000 - 0x00007ffdd328e000 	C:\WINDOWS\System32\msvcrt.dll
0x00007ffdc8160000 - 0x00007ffdc816a000 	C:\WINDOWS\SYSTEM32\VERSION.dll
0x00007ffdd2ca0000 - 0x00007ffdd2fd6000 	C:\WINDOWS\System32\combase.dll
0x00007ffdd2460000 - 0x00007ffdd257f000 	C:\WINDOWS\System32\RPCRT4.dll
0x00007ffdd0770000 - 0x00007ffdd07f4000 	C:\WINDOWS\System32\bcryptPrimitives.dll
0x00007ffdd1dd0000 - 0x00007ffdd1df6000 	C:\WINDOWS\System32\GDI32.dll
0x00007ffdd17d0000 - 0x00007ffdd17f1000 	C:\WINDOWS\System32\win32u.dll
0x00007ffdd1250000 - 0x00007ffdd13e8000 	C:\WINDOWS\System32\gdi32full.dll
0x00007ffdd1800000 - 0x00007ffdd189e000 	C:\WINDOWS\System32\msvcp_win.dll
0x00007ffdd3490000 - 0x00007ffdd3624000 	C:\WINDOWS\System32\USER32.dll
0x00007ffdd2240000 - 0x00007ffdd22af000 	C:\WINDOWS\System32\WS2_32.dll
0x00007ffdd3140000 - 0x00007ffdd31e3000 	C:\WINDOWS\System32\ADVAPI32.dll
0x00007ffdd1ef0000 - 0x00007ffdd1f87000 	C:\WINDOWS\System32\sechost.dll
0x00007ffdd2060000 - 0x00007ffdd208e000 	C:\WINDOWS\System32\IMM32.DLL
0x00007ffdd0800000 - 0x00007ffdd0817000 	C:\WINDOWS\System32\CRYPTSP.dll
0x00007ffdcfa10000 - 0x00007ffdcfa43000 	C:\WINDOWS\system32\rsaenh.dll
0x00007ffdd13f0000 - 0x00007ffdd1416000 	C:\WINDOWS\System32\bcrypt.dll
0x00007ffdd0060000 - 0x00007ffdd006c000 	C:\WINDOWS\SYSTEM32\CRYPTBASE.dll
0x00007ffd9d1a0000 - 0x00007ffd9d1af000 	E:\Continuum\anaconda3\python3.DLL
0x00007ffd9bc60000 - 0x00007ffd9bc78000 	E:\Continuum\anaconda3\DLLs\_bz2.pyd
0x00007ffd9bc30000 - 0x00007ffd9bc60000 	E:\Continuum\anaconda3\DLLs\_lzma.pyd
0x00007ffd9bad0000 - 0x00007ffd9badd000 	E:\Continuum\anaconda3\DLLs\_hashlib.pyd
0x00007ffd9b0f0000 - 0x00007ffd9b43c000 	E:\Continuum\anaconda3\Library\bin\libcrypto-1_1-x64.dll
0x00007ffd9bc80000 - 0x00007ffd9bca3000 	E:\Continuum\anaconda3\DLLs\_ctypes.pyd
0x00007ffdd2fe0000 - 0x00007ffdd3137000 	C:\WINDOWS\System32\ole32.dll
0x00007ffdd3630000 - 0x00007ffdd36f5000 	C:\WINDOWS\System32\OLEAUT32.dll
0x00007ffdd25b0000 - 0x00007ffdd2c97000 	C:\WINDOWS\System32\shell32.DLL
0x00007ffdd1780000 - 0x00007ffdd17ca000 	C:\WINDOWS\System32\cfgmgr32.dll
0x00007ffdd1d20000 - 0x00007ffdd1dc9000 	C:\WINDOWS\System32\shcore.dll
0x00007ffdd0ad0000 - 0x00007ffdd124b000 	C:\WINDOWS\System32\windows.storage.dll
0x00007ffdd0750000 - 0x00007ffdd076e000 	C:\WINDOWS\System32\profapi.dll
0x00007ffdd06e0000 - 0x00007ffdd072a000 	C:\WINDOWS\System32\powrprof.dll
0x00007ffdd06b0000 - 0x00007ffdd06c0000 	C:\WINDOWS\System32\UMPDC.dll
0x00007ffdd0730000 - 0x00007ffdd0741000 	C:\WINDOWS\System32\kernel.appcore.dll
0x00007ffd53f40000 - 0x00007ffd53f57000 	E:\Continuum\anaconda3\DLLs\_sqlite3.pyd
0x00007ffd53de0000 - 0x00007ffd53f3d000 	E:\Continuum\anaconda3\Library\bin\sqlite3.dll
0x00007ffd9ba40000 - 0x00007ffd9ba55000 	E:\Continuum\anaconda3\DLLs\_socket.pyd
0x00007ffd9ba30000 - 0x00007ffd9ba39000 	E:\Continuum\anaconda3\DLLs\select.pyd
0x00007ffd54420000 - 0x00007ffd5443f000 	E:\Continuum\anaconda3\DLLs\_ssl.pyd
0x00007ffdd0980000 - 0x00007ffdd0aca000 	C:\WINDOWS\System32\CRYPT32.dll
0x00007ffdd06c0000 - 0x00007ffdd06d2000 	C:\WINDOWS\System32\MSASN1.dll
0x00007ffd54370000 - 0x00007ffd5441c000 	E:\Continuum\anaconda3\Library\bin\libssl-1_1-x64.dll
0x00007ffd54320000 - 0x00007ffd54332000 	E:\Continuum\anaconda3\DLLs\_asyncio.pyd
0x00007ffdc0310000 - 0x00007ffdc031d000 	E:\Continuum\anaconda3\DLLs\_overlapped.pyd
0x00007ffdcfe90000 - 0x00007ffdcfef7000 	C:\WINDOWS\system32\mswsock.dll
0x00007ffd9ba20000 - 0x00007ffd9ba29000 	E:\Continuum\anaconda3\DLLs\_queue.pyd
0x00007ffd62250000 - 0x00007ffd62359000 	E:\Continuum\anaconda3\DLLs\unicodedata.pyd
0x00007ffd53dc0000 - 0x00007ffd53dd3000 	E:\Continuum\anaconda3\DLLs\_tkinter.pyd
0x00007ffd53aa0000 - 0x00007ffd53c44000 	E:\Continuum\anaconda3\DLLs\tcl86t.dll
0x00007ffd53c50000 - 0x00007ffd53db7000 	E:\Continuum\anaconda3\DLLs\tk86t.dll
0x00007ffdc6ec0000 - 0x00007ffdc6ed7000 	C:\WINDOWS\SYSTEM32\NETAPI32.dll
0x00007ffdd2390000 - 0x00007ffdd2460000 	C:\WINDOWS\System32\COMDLG32.dll
0x00007ffdd05d0000 - 0x00007ffdd05f5000 	C:\WINDOWS\SYSTEM32\USERENV.dll
0x00007ffdc26d0000 - 0x00007ffdc2954000 	C:\WINDOWS\WinSxS\amd64_microsoft.windows.common-controls_6595b64144ccf1df_6.0.18362.1977_none_9e80206be45c8f68\COMCTL32.dll
0x00007ffdcfcc0000 - 0x00007ffdcfd02000 	C:\WINDOWS\SYSTEM32\LOGONCLI.DLL
0x00007ffdc5b50000 - 0x00007ffdc5b68000 	C:\WINDOWS\SYSTEM32\SAMCLI.DLL
0x00007ffdcfcb0000 - 0x00007ffdcfcbc000 	C:\WINDOWS\SYSTEM32\NETUTILS.DLL
0x00007ffd9ae10000 - 0x00007ffd9b0e6000 	E:\Continuum\anaconda3\lib\site-packages\numpy\core\_multiarray_umath.cp37-win_amd64.pyd
0x00007ffd99d90000 - 0x00007ffd9ae06000 	E:\Continuum\anaconda3\Library\bin\libcblas.dll
0x00007ffd9ba00000 - 0x00007ffd9ba1f000 	E:\Continuum\anaconda3\lib\site-packages\numpy\core\_multiarray_tests.cp37-win_amd64.pyd
0x00007ffd9b9f0000 - 0x00007ffd9b9f9000 	E:\Continuum\anaconda3\lib\site-packages\numpy\linalg\lapack_lite.cp37-win_amd64.pyd
0x00007ffd98d10000 - 0x00007ffd99d86000 	E:\Continuum\anaconda3\Library\bin\liblapack.dll
0x00007ffd9b9c0000 - 0x00007ffd9b9ea000 	E:\Continuum\anaconda3\lib\site-packages\numpy\linalg\_umath_linalg.cp37-win_amd64.pyd
0x00007ffd97c90000 - 0x00007ffd98d06000 	E:\Continuum\anaconda3\Library\bin\libblas.dll
0x00007ffd9b9a0000 - 0x00007ffd9b9c0000 	E:\Continuum\anaconda3\lib\site-packages\numpy\fft\_pocketfft_internal.cp37-win_amd64.pyd
0x00007ffd97c00000 - 0x00007ffd97c8f000 	E:\Continuum\anaconda3\lib\site-packages\numpy\random\mtrand.cp37-win_amd64.pyd
0x00007ffd9b970000 - 0x00007ffd9b99a000 	E:\Continuum\anaconda3\lib\site-packages\numpy\random\bit_generator.cp37-win_amd64.pyd
0x00007ffd9b930000 - 0x00007ffd9b961000 	E:\Continuum\anaconda3\lib\site-packages\numpy\random\_common.cp37-win_amd64.pyd
0x00007ffd97bc0000 - 0x00007ffd97c00000 	E:\Continuum\anaconda3\lib\site-packages\numpy\random\_bounded_integers.cp37-win_amd64.pyd
0x00007ffd97ba0000 - 0x00007ffd97bb8000 	E:\Continuum\anaconda3\lib\site-packages\numpy\random\_mt19937.cp37-win_amd64.pyd
0x00007ffd97b80000 - 0x00007ffd97b97000 	E:\Continuum\anaconda3\lib\site-packages\numpy\random\_philox.cp37-win_amd64.pyd
0x00007ffd97b60000 - 0x00007ffd97b75000 	E:\Continuum\anaconda3\lib\site-packages\numpy\random\_pcg64.cp37-win_amd64.pyd
0x00007ffd97b40000 - 0x00007ffd97b52000 	E:\Continuum\anaconda3\lib\site-packages\numpy\random\_sfc64.cp37-win_amd64.pyd
0x00007ffd97a90000 - 0x00007ffd97b38000 	E:\Continuum\anaconda3\lib\site-packages\numpy\random\_generator.cp37-win_amd64.pyd
0x00007ffd949a0000 - 0x00007ffd97a82000 	E:\Continuum\anaconda3\Library\bin\mkl_intel_thread.dll
0x00007ffd5d250000 - 0x00007ffd61cae000 	E:\Continuum\anaconda3\Library\bin\mkl_core.dll
0x00007ffd92180000 - 0x00007ffd949a0000 	E:\Continuum\anaconda3\Library\bin\mkl_avx2.dll
0x00007ffd91310000 - 0x00007ffd9217d000 	E:\Continuum\anaconda3\Library\bin\mkl_vml_avx2.dll
0x00007ffd91200000 - 0x00007ffd9130e000 	E:\Continuum\anaconda3\lib\site-packages\pandas\_libs\interval.cp37-win_amd64.pyd
0x00007ffd91100000 - 0x00007ffd911f8000 	E:\Continuum\anaconda3\lib\site-packages\pandas\_libs\hashtable.cp37-win_amd64.pyd
0x00007ffd910d0000 - 0x00007ffd910fb000 	E:\Continuum\anaconda3\lib\site-packages\pandas\_libs\missing.cp37-win_amd64.pyd
0x00007ffd910b0000 - 0x00007ffd910cd000 	E:\Continuum\anaconda3\lib\site-packages\pandas\_libs\tslibs\dtypes.cp37-win_amd64.pyd
0x00007ffd91070000 - 0x00007ffd910ac000 	E:\Continuum\anaconda3\lib\site-packages\pandas\_libs\tslibs\conversion.cp37-win_amd64.pyd
0x00007ffd9b920000 - 0x00007ffd9b92f000 	E:\Continuum\anaconda3\lib\site-packages\pandas\_libs\tslibs\base.cp37-win_amd64.pyd
0x00007ffd91040000 - 0x00007ffd91070000 	E:\Continuum\anaconda3\lib\site-packages\pandas\_libs\tslibs\nattype.cp37-win_amd64.pyd
0x00007ffd91030000 - 0x00007ffd9103f000 	E:\Continuum\anaconda3\lib\site-packages\pandas\_libs\tslibs\np_datetime.cp37-win_amd64.pyd
0x00007ffd90ff0000 - 0x00007ffd91025000 	E:\Continuum\anaconda3\lib\site-packages\pandas\_libs\tslibs\timezones.cp37-win_amd64.pyd
0x00007ffd90fb0000 - 0x00007ffd90feb000 	E:\Continuum\anaconda3\lib\site-packages\pandas\_libs\tslibs\tzconversion.cp37-win_amd64.pyd
0x00007ffd90f90000 - 0x00007ffd90fa2000 	E:\Continuum\anaconda3\lib\site-packages\pandas\_libs\tslibs\ccalendar.cp37-win_amd64.pyd
0x00007ffd90f30000 - 0x00007ffd90f81000 	E:\Continuum\anaconda3\lib\site-packages\pandas\_libs\tslibs\parsing.cp37-win_amd64.pyd
0x00007ffd90e60000 - 0x00007ffd90f26000 	E:\Continuum\anaconda3\lib\site-packages\pandas\_libs\tslibs\offsets.cp37-win_amd64.pyd
0x00007ffd90e00000 - 0x00007ffd90e5d000 	E:\Continuum\anaconda3\lib\site-packages\pandas\_libs\tslibs\timedeltas.cp37-win_amd64.pyd
0x00007ffd8f770000 - 0x00007ffd8f7d0000 	E:\Continuum\anaconda3\lib\site-packages\pandas\_libs\tslibs\timestamps.cp37-win_amd64.pyd
0x00007ffd90dc0000 - 0x00007ffd90dfc000 	E:\Continuum\anaconda3\lib\site-packages\pandas\_libs\tslibs\fields.cp37-win_amd64.pyd
0x00007ffd8f720000 - 0x00007ffd8f76d000 	E:\Continuum\anaconda3\lib\site-packages\pandas\_libs\tslibs\strptime.cp37-win_amd64.pyd
0x00007ffd8f700000 - 0x00007ffd8f713000 	E:\Continuum\anaconda3\lib\site-packages\pandas\_libs\properties.cp37-win_amd64.pyd
0x00007ffd8f6b0000 - 0x00007ffd8f6fb000 	E:\Continuum\anaconda3\DLLs\_decimal.pyd
0x00007ffd8f650000 - 0x00007ffd8f6ab000 	E:\Continuum\anaconda3\lib\site-packages\pandas\_libs\tslibs\period.cp37-win_amd64.pyd
0x00007ffd8f610000 - 0x00007ffd8f644000 	E:\Continuum\anaconda3\lib\site-packages\pandas\_libs\tslibs\vectorized.cp37-win_amd64.pyd
0x00007ffd8f5f0000 - 0x00007ffd8f602000 	E:\Continuum\anaconda3\lib\site-packages\pandas\_libs\ops_dispatch.cp37-win_amd64.pyd
0x00007ffd8f4b0000 - 0x00007ffd8f5e4000 	E:\Continuum\anaconda3\lib\site-packages\pandas\_libs\algos.cp37-win_amd64.pyd
0x00007ffd8f430000 - 0x00007ffd8f4a1000 	E:\Continuum\anaconda3\lib\site-packages\pandas\_libs\lib.cp37-win_amd64.pyd
0x00007ffd8f400000 - 0x00007ffd8f426000 	E:\Continuum\anaconda3\lib\site-packages\pandas\_libs\tslib.cp37-win_amd64.pyd
0x00007ffd8f3d0000 - 0x00007ffd8f3fb000 	E:\Continuum\anaconda3\lib\site-packages\pandas\_libs\hashing.cp37-win_amd64.pyd
0x00007ffd7aea0000 - 0x00007ffd7aed2000 	E:\Continuum\anaconda3\lib\site-packages\pandas\_libs\ops.cp37-win_amd64.pyd
0x00007ffd621d0000 - 0x00007ffd62244000 	E:\Continuum\anaconda3\lib\site-packages\pandas\_libs\index.cp37-win_amd64.pyd
0x00007ffd5d070000 - 0x00007ffd5d242000 	E:\Continuum\anaconda3\lib\site-packages\pandas\_libs\join.cp37-win_amd64.pyd
0x00007ffd62100000 - 0x00007ffd621c6000 	E:\Continuum\anaconda3\lib\site-packages\pandas\_libs\sparse.cp37-win_amd64.pyd
0x00007ffd72870000 - 0x00007ffd728b3000 	E:\Continuum\anaconda3\lib\site-packages\pandas\_libs\reduction.cp37-win_amd64.pyd
0x00007ffd90db0000 - 0x00007ffd90dc0000 	E:\Continuum\anaconda3\lib\site-packages\pandas\_libs\indexing.cp37-win_amd64.pyd
0x00007ffd781c0000 - 0x00007ffd781f8000 	E:\Continuum\anaconda3\lib\site-packages\pandas\_libs\internals.cp37-win_amd64.pyd
0x00007ffd73480000 - 0x00007ffd734b1000 	E:\Continuum\anaconda3\lib\site-packages\pandas\_libs\writers.cp37-win_amd64.pyd
0x00007ffd672a0000 - 0x00007ffd672e9000 	E:\Continuum\anaconda3\lib\site-packages\pandas\_libs\window\aggregations.cp37-win_amd64.pyd
0x00007ffd53a00000 - 0x00007ffd53a9b000 	E:\Continuum\anaconda3\lib\site-packages\pandas\_libs\window\MSVCP140.dll
0x00007ffd5d040000 - 0x00007ffd5d069000 	E:\Continuum\anaconda3\lib\site-packages\pandas\_libs\window\indexers.cp37-win_amd64.pyd
0x00007ffd5d000000 - 0x00007ffd5d03c000 	E:\Continuum\anaconda3\lib\site-packages\pandas\_libs\reshape.cp37-win_amd64.pyd
0x00007ffd5cf20000 - 0x00007ffd5cfff000 	E:\Continuum\anaconda3\lib\site-packages\pandas\_libs\groupby.cp37-win_amd64.pyd
0x00007ffd5ceb0000 - 0x00007ffd5cf16000 	E:\Continuum\anaconda3\lib\site-packages\pandas\_libs\parsers.cp37-win_amd64.pyd
0x00007ffd7ae80000 - 0x00007ffd7ae95000 	E:\Continuum\anaconda3\lib\site-packages\pandas\_libs\json.cp37-win_amd64.pyd
0x00007ffd748b0000 - 0x00007ffd748c6000 	E:\Continuum\anaconda3\lib\site-packages\pandas\_libs\testing.cp37-win_amd64.pyd

dbghelp: loaded successfully - version: 4.0.5 - missing functions: none
symbol engine: initialized successfully - sym options: 0x614 - pdb path: .;E:\Continuum\anaconda3;C:\WINDOWS\SYSTEM32;E:\Continuum\anaconda3\DLLs;E:\Continuum\anaconda3\Library\bin;C:\WINDOWS\WinSxS\amd64_microsoft.windows.common-controls_6595b64144ccf1df_6.0.18362.1977_none_9e80206be45c8f68;E:\Continuum\anaconda3\lib\site-packages\numpy\core;E:\Continuum\anaconda3\lib\site-packages\numpy\linalg;E:\Continuum\anaconda3\lib\site-packages\numpy\fft;E:\Continuum\anaconda3\lib\site-packages\numpy\random;E:\Continuum\anaconda3\lib\site-packages\pandas\_libs;E:\Continuum\anaconda3\lib\site-packages\pandas\_libs\tslibs;E:\Continuum\anaconda3\lib\site-packages\pandas\_libs\window;E:\Continuum\anaconda3\lib\site-packages\zmq;E:\Continuum\anaconda3\lib\site-packages\zmq\backend\cython;E:\Continuum\anaconda3\lib\site-packages\tornado;E:\Continuum\anaconda3\lib\site-packages\matplotlib;E:\Continuum\anaconda3\lib\site-packages\PIL;E:\Continuum\anaconda3\lib\site-packages;E:\Continuum\anaconda3\lib\site-packages\win32;E:\Continuum\anaconda3\lib\site-packages\matplotlib\backends;E:\Continuum\anaconda3\lib\site-packages\PyQt5;E:\Continuum\anaconda3\lib\site-packages\lxml;E:\Continuum\anaconda3\lib\site-packages\scipy\.libs;E:\Continuum\anaconda3\lib\site-packages\scipy\_lib;E:\Continuum\anaconda3\lib\site-packages\scipy\optimize;E:\Continuum\anaconda3\lib\site-packages\scipy\sparse;E:\Continuum\anaconda3\lib\site-packages\scipy\sparse\csgraph;E:\Continuum\anaconda3\lib\site-packages\scipy\sparse\linalg\isolve;E:\Continuum\anaconda3\lib\site-packages\scipy\linalg;E:\Continuum\anaconda3\lib\site-packages\scipy\sparse\linalg\dsolve;E:\Continuum\anaconda3\lib\site-packages\scipy\sparse\linalg\eigen\arpack;E:\Continuum\anaconda3\lib\site-packages\scipy\special;E:\Continuum\anaconda3\lib\site-packages\scipy\optimize\_trlib;E:\Continuum\anaconda3\lib\site-packages\scipy\optimize\_lsq;E:\Continuum\anaconda3\lib\site-packages\scipy\optimize\_highs;E:\Continuum\anaconda3\lib\site-packages\scipy\spatial;E:\Continuum\anaconda3\lib\site-packages\scipy\spatial\transform;C:\Program Files\COMSOL\COMSOL60\Multiphysics\java\win64\jre\bin\server;C:\Program Files\COMSOL\COMSOL60\Multiphysics\java\win64\jre\bin;C:\Program Files\COMSOL\COMSOL60\Multiphysics\lib\win64;C:\Program Files\COMSOL\COMSOL60\Multiphysics\bin\win64;C:\Program Files\COMSOL\COMSOL60\Multiphysics\ext\graphicsmagick\win64;C:\Program Files\NVIDIA Corporation\nview

VM Arguments:
java_command: <unknown>
java_class_path (initial): C:\Program Files\COMSOL\COMSOL60\Multiphysics\plugins\aopalliance-repackaged-2.6.1.jar;C:\Program Files\COMSOL\COMSOL60\Multiphysics\plugins\com.comsol.acdc_1.0.0.jar;C:\Program Files\COMSOL\COMSOL60\Multiphysics\plugins\com.comsol.aco_1.0.0.jar;C:\Program Files\COMSOL\COMSOL60\Multiphysics\plugins\com.comsol.api_1.0.0.jar;C:\Program Files\COMSOL\COMSOL60\Multiphysics\plugins\com.comsol.applapi_1.0.0.jar;C:\Program Files\COMSOL\COMSOL60\Multiphysics\plugins\com.comsol.application_1.0.0.jar;C:\Program Files\COMSOL\COMSOL60\Multiphysics\plugins\com.comsol.archiveutil_1.0.0.jar;C:\Program Files\COMSOL\COMSOL60\Multiphysics\plugins\com.comsol.batch_1.0.0.jar;C:\Program Files\COMSOL\COMSOL60\Multiphysics\plugins\com.comsol.bfc_1.0.0.jar;C:\Program Files\COMSOL\COMSOL60\Multiphysics\plugins\com.comsol.bridge_1.0.0.jar;C:\Program Files\COMSOL\COMSOL60\Multiphysics\plugins\com.comsol.cfd_1.0.0.jar;C:\Program Files\COMSOL\COMSOL60\Multiphysics\plugins\com.comsol.chem_1.0.0.jar;C:\Program Files\COMSOL\COMSOL60\Multiphysics\plugins\com.comsol.clientapi_1.0.0.jar;C:\Program Files\COMSOL\COMSOL60\Multiphysics\plugins\com.comsol.client_1.0.0.jar;C:\Program Files\COMSOL\COMSOL60\Multiphysics\plugins\com.comsol.communication_1.0.0.jar;C:\Program Files\COMSOL\COMSOL60\Multiphysics\plugins\com.comsol.compatemf_1.0.0.jar;C:\Program Files\COMSOL\COMSOL60\Multiphysics\plugins\com.comsol.core_1.0.0.jar;C:\Program Files\COMSOL\COMSOL60\Multiphysics\plugins\com.comsol.dbbridge.common_1.0.0.jar;C:\Program Files\COMSOL\COMSOL60\Multiphysics\plugins\com.comsol.dbbridge_1.0.0.jar;C:\Program Files\COMSOL\COMSOL60\Multiphysics\plugins\com.comsol.dbcommon_1.0.0.jar;C:\Program Files\COMSOL\COMSOL60\Multiphysics\plugins\com.comsol.dbcore_1.0.0.jar;C:\Program Files\COMSOL\COMSOL60\Multiphysics\plugins\com.comsol.dbext.solr_1.0.0.jar;C:\Program Files\COMSOL\COMSOL60\Multiphysics\plugins\com.comsol.dbext.sqlite_1.0.0.jar;C:\Program Files\COMSOL\COMSOL60\Multiphysics\plugin
Launcher Type: generic

[Global flags]
     intx CICompilerCount                          = 12                                        {product} {ergonomic}
     uint ConcGCThreads                            = 3                                         {product} {ergonomic}
     uint G1ConcRefinementThreads                  = 13                                        {product} {ergonomic}
   size_t G1HeapRegionSize                         = 4194304                                   {product} {ergonomic}
    uintx GCDrainStackTargetSize                   = 64                                        {product} {ergonomic}
   size_t InitialHeapSize                          = 1073741824                                {product} {ergonomic}
   size_t MarkStackSize                            = 4194304                                   {product} {ergonomic}
   size_t MaxHeapSize                              = 17163091968                               {product} {ergonomic}
   size_t MaxNewSize                               = 10297016320                               {product} {ergonomic}
   size_t MinHeapDeltaBytes                        = 4194304                                   {product} {ergonomic}
    uintx NonNMethodCodeHeapSize                   = 7594288                                {pd product} {ergonomic}
    uintx NonProfiledCodeHeapSize                  = 122031976                              {pd product} {ergonomic}
    uintx ProfiledCodeHeapSize                     = 122031976                              {pd product} {ergonomic}
    uintx ReservedCodeCacheSize                    = 251658240                              {pd product} {ergonomic}
     bool SegmentedCodeCache                       = true                                      {product} {ergonomic}
     bool UseCompressedClassPointers               = true                                 {lp64_product} {ergonomic}
     bool UseCompressedOops                        = true                                 {lp64_product} {ergonomic}
     bool UseG1GC                                  = true                                      {product} {ergonomic}
     bool UseLargePagesIndividualAllocation        = false                                  {pd product} {ergonomic}

Logging:
Log output configuration:
 #0: stdout all=warning uptime,level,tags
 #1: stderr all=off uptime,level,tags

Environment Variables:
PATH=C:\Program Files\COMSOL\COMSOL60\Multiphysics\java\win64\jre\bin;E:\Continuum\anaconda3;E:\Continuum\anaconda3\Library\mingw-w64\bin;E:\Continuum\anaconda3\Library\usr\bin;E:\Continuum\anaconda3\Library\bin;E:\Continuum\anaconda3\Scripts;C:\Program Files (x86)\IntelSWTools\compilers_and_libraries_2019.3.203\windows\mpi\intel64\bin;C:\Program Files (x86)\Intel\iCLS Client\;C:\Program Files\Intel\iCLS Client\;C:\Program Files (x86)\Common Files\Oracle\Java\javapath;C:\WINDOWS\system32;C:\WINDOWS;C:\WINDOWS\System32\Wbem;C:\WINDOWS\System32\WindowsPowerShell\v1.0\;C:\WINDOWS\System32\OpenSSH\;C:\Program Files (x86)\Intel\Intel(R) Management Engine Components\DAL;C:\Program Files\Intel\Intel(R) Management Engine Components\DAL;C:\Program Files (x86)\Intel\Intel(R) Management Engine Components\IPT;C:\Program Files\Intel\Intel(R) Management Engine Components\IPT;C:\Oracle\instantclient_12_1;C:\Oracle\instantclient_12_1\x64;C:\Program Files\MATLAB\R2021a\bin;C:\Program Files\MATLAB\R2020b\bin;C:\Program Files\MATLAB\R2018b\bin;C:\Program Files\Git\cmd;E:\mingw64\bin;C:\Program Files\OGS-5\bin;C:\Program Files\dotnet\;C:\Users\kkorhone\AppData\Local\Microsoft\WindowsApps;C:\Users\kkorhone\AppData\Local\atom\bin;C:\TDM-GCC-64\bin;C:\Users\kkorhone\AppData\Local\Microsoft\WindowsApps;C:\Users\kkorhone\AppData\Local\Programs\Microsoft VS Code\bin;C:\Users\kkorhone\AppData\Local\Programs\MiKTeX\miktex\bin\x64\;C:\Users\kkorhone\AppData\Local\GitHubDesktop\bin;E:\Continuum\anaconda3\lib\site-packages\scipy\.libs;E:\Continuum\anaconda3\lib\site-packages\scipy\.libs
USERNAME=kkorhone
LANG=en
OS=Windows_NT
PROCESSOR_IDENTIFIER=Intel64 Family 6 Model 63 Stepping 2, GenuineIntel



---------------  S Y S T E M  ---------------

OS: Windows 10 , 64 bit Build 18362 (10.0.18362.1916)
OS uptime: 0 days 0:58 hours

CPU:total 16 (initial active 16) (8 cores per cpu, 2 threads per core) family 6 model 63 stepping 2 microcode 0x43, cmov, cx8, fxsr, mmx, sse, sse2, sse3, ssse3, sse4.1, sse4.2, popcnt, avx, avx2, aes, clmul, erms, lzcnt, ht, tsc, tscinvbit, bmi1, bmi2, fma

Memory: 4k page, system-wide physical 65458M (57044M free)
TotalPageFile size 75186M (AvailPageFile size 66226M)
current process WorkingSet (physical memory assigned to process): 509M, peak: 509M
current process commit charge ("private bytes"): 588M, peak: 1384M

vm_info: OpenJDK 64-Bit Server VM (11.0.13+8) for windows-amd64 JRE (11.0.13+8), built on Oct 19 2021 17:05:59 by "" with unknown MS VC++:1916

END.
