#
# A fatal error has been detected by the Java Runtime Environment:
#
#  EXCEPTION_UNCAUGHT_CXX_EXCEPTION (0xe06d7363) at pc=0x00007ffc8adc3fa9, pid=3352, tid=17276
#
# JRE version: OpenJDK Runtime Environment Temurin-11.0.13+8 (11.0.13+8) (build 11.0.13+8)
# Java VM: OpenJDK 64-Bit Server VM Temurin-11.0.13+8 (11.0.13+8, mixed mode, tiered, compressed oops, g1 gc, windows-amd64)
# Problematic frame:
# C  [KERNELBASE.dll+0x43fa9]
#
# No core dump will be written. Minidumps are not enabled by default on client versions of Windows
#
# If you would like to submit a bug report, please visit:
#   https://github.com/adoptium/adoptium-support/issues
# The crash happened outside the Java Virtual Machine in native code.
# See problematic frame for where to report the bug.
#

---------------  S U M M A R Y ------------

Command Line: 

Host: Intel(R) Xeon(R) CPU E5-1660 v3 @ 3.00GHz, 16 cores, 63G,  Windows 10 , 64 bit Build 18362 (10.0.18362.2037)
Time: Wed Feb  2 16:42:37 2022 FLE Standard Time elapsed time: 60.570070 seconds (0d 0h 1m 0s)

---------------  T H R E A D  ---------------

Current thread (0x000001f2e069d800):  JavaThread "main" [_thread_in_native, id=17276, stack(0x0000004bab000000,0x0000004bab1f0000)]

Stack: [0x0000004bab000000,0x0000004bab1f0000],  sp=0x0000004bab1e8050,  free space=1952k
Native frames: (J=compiled Java code, j=interpreted, Vv=VM code, C=native code)
C  [KERNELBASE.dll+0x43fa9]
C  [VCRUNTIME140.dll+0x6220]
C  0x00007ffc622a49c7
C  0x00007ffc622ad8b8
C  0x00007ffc622a2535
C  0x000001f2e70af777

Java frames: (J=compiled Java code, j=interpreted, Vv=VM code)
j  org.jpype.manager.TypeFactoryNative.newWrapper(JJ)V+0
j  org.jpype.JPypeContext.newWrapper(J)V+16
v  ~StubRoutines::call_stub
j  org.jpype.manager.TypeFactoryNative.newWrapper(JJ)V+0
j  org.jpype.JPypeContext.newWrapper(J)V+16
v  ~StubRoutines::call_stub

siginfo: EXCEPTION_UNCAUGHT_CXX_EXCEPTION (0xe06d7363), ExceptionInformation=0x0000000019930520 0x0000004bab1e8210 0x00007ffc622ede18 0x00007ffc62270000 


Register to memory mapping:

RIP=0x00007ffc8adc3fa9 KERNELBASE.dll
RAX=0x0000004bab1e7918 is pointing into the stack for thread: 0x000001f2e069d800
RBX=0x00007ffc622ede18 points into unknown readable memory: 0x0001fda000000000 | 00 00 00 00 a0 fd 01 00
RCX=0x0 is NULL
RDX=0x0000004bab1e79c0 is pointing into the stack for thread: 0x000001f2e069d800
RSP=0x0000004bab1e8050 is pointing into the stack for thread: 0x000001f2e069d800
RBP=0x0000004bab1e8309 is pointing into the stack for thread: 0x000001f2e069d800
RSI=0x0000004bab1e8210 is pointing into the stack for thread: 0x000001f2e069d800
RDI=0x0000000019930520 is an unknown value
R8 =0x0000004bab1e7980 is pointing into the stack for thread: 0x000001f2e069d800
R9 =0x0000004bab1e7a10 is pointing into the stack for thread: 0x000001f2e069d800
R10=0x000001f2e70aa56c is at code_begin+2412 in an Interpreter codelet
invoke return entry points  [0x000001f2e70a9c00, 0x000001f2e70aa600]  2560 bytes
R11=0x0 is NULL
R12=0x0000004bab1e8398 is pointing into the stack for thread: 0x000001f2e069d800
R13=0x000001f2b4ff2ff0 points into unknown readable memory: 0x00007ffc622d3130 | 30 31 2d 62 fc 7f 00 00
R14=0x000001f2a568d6d8 points into unknown readable memory: 0x0000000000000003 | 03 00 00 00 00 00 00 00
R15=0x0 is NULL


Registers:
RAX=0x0000004bab1e7918, RBX=0x00007ffc622ede18, RCX=0x0000000000000000, RDX=0x0000004bab1e79c0
RSP=0x0000004bab1e8050, RBP=0x0000004bab1e8309, RSI=0x0000004bab1e8210, RDI=0x0000000019930520
R8 =0x0000004bab1e7980, R9 =0x0000004bab1e7a10, R10=0x000001f2e70aa56c, R11=0x0000000000000000
R12=0x0000004bab1e8398, R13=0x000001f2b4ff2ff0, R14=0x000001f2a568d6d8, R15=0x0000000000000000
RIP=0x00007ffc8adc3fa9, EFLAGS=0x0000000000000202

Top of Stack: (sp=0x0000004bab1e8050)
0x0000004bab1e8050:   0000000000000040 00007ffc622ede18
0x0000004bab1e8060:   0000004bab1e8210 0000000000000001
0x0000004bab1e8070:   00000001e06d7363 0000000000000000
0x0000004bab1e8080:   00007ffc8adc3fa9 0000004b00000004
0x0000004bab1e8090:   0000000019930520 0000004bab1e8210
0x0000004bab1e80a0:   00007ffc622ede18 00007ffc62270000
0x0000004bab1e80b0:   000001f2b4ff2ff0 0000004bab1e8398
0x0000004bab1e80c0:   0000004bab1e8210 0000004bab1e8309
0x0000004bab1e80d0:   0000004bab1e8150 00007ffc8d75f41f
0x0000004bab1e80e0:   0000000019930520 00007ffc00000000
0x0000004bab1e80f0:   0000000000000000 00007ffc62279174
0x0000004bab1e8100:   00007ffc622f5000 00007ffc62270000
0x0000004bab1e8110:   0000def9046908f8 00007ffc19432119
0x0000004bab1e8120:   00007ffc622ede18 00007ffc82626220
0x0000004bab1e8130:   0000004bab1e81d0 0000004bab1e8309
0x0000004bab1e8140:   0000004bab1e82b8 00007ffc6228fd43 

Instructions: (pc=0x00007ffc8adc3fa9)
0x00007ffc8adc3ea9:   fe ff ff 4c 8d 05 3d db 1f 00 33 d2 8d 4a 02 e8
0x00007ffc8adc3eb9:   c3 32 01 00 48 8b f8 48 89 44 24 58 e9 ef fd ff
0x00007ffc8adc3ec9:   ff 45 33 c0 49 8b d7 48 83 c9 ff e8 b7 67 02 00
0x00007ffc8adc3ed9:   e9 09 ff ff ff 48 8b 0d 73 98 22 00 e8 06 f2 ff
0x00007ffc8adc3ee9:   ff 48 8b cf e8 ae 9f fe ff e9 f9 fe ff ff 49 8b
0x00007ffc8adc3ef9:   ce e8 a1 9f fe ff e9 f5 fe ff ff 48 8b ce e8 94
0x00007ffc8adc3f09:   9f fe ff e9 f1 fe ff ff cc cc cc cc cc cc cc cc
0x00007ffc8adc3f19:   cc cc cc cc cc cc cc 65 48 8b 04 25 30 00 00 00
0x00007ffc8adc3f29:   8b 40 68 c3 cc cc cc cc cc cc cc cc cc cc cc cc
0x00007ffc8adc3f39:   cc cc cc cc cc cc cc 48 81 ec d8 00 00 00 48 8b
0x00007ffc8adc3f49:   05 e2 6e 22 00 48 33 c4 48 89 84 24 c0 00 00 00
0x00007ffc8adc3f59:   48 83 64 24 28 00 48 8d 05 da ff ff ff 83 e2 01
0x00007ffc8adc3f69:   89 4c 24 20 89 54 24 24 48 89 44 24 30 4d 85 c9
0x00007ffc8adc3f79:   74 4b b8 0f 00 00 00 48 8d 4c 24 40 44 3b c0 49
0x00007ffc8adc3f89:   8b d1 44 0f 47 c0 44 89 44 24 38 49 c1 e0 03 e8
0x00007ffc8adc3f99:   9a d6 04 00 48 8d 4c 24 20 48 ff 15 cf 42 16 00
0x00007ffc8adc3fa9:   0f 1f 44 00 00 48 8b 8c 24 c0 00 00 00 48 33 cc
0x00007ffc8adc3fb9:   e8 02 63 04 00 48 81 c4 d8 00 00 00 c3 83 64 24
0x00007ffc8adc3fc9:   38 00 eb d0 cc cc cc cc cc cc cc 48 89 5c 24 08
0x00007ffc8adc3fd9:   48 89 74 24 10 57 48 83 ec 20 8b da 48 8b f9 e8
0x00007ffc8adc3fe9:   43 d3 ff ff 33 f6 85 c0 0f 84 65 2b 06 00 85 db
0x00007ffc8adc3ff9:   0f 84 5d 2b 06 00 44 8d 4e 02 ba 09 10 00 20 4c
0x00007ffc8adc4009:   8d 44 24 40 48 8b cf e8 cb b1 ff ff 85 c0 0f 84
0x00007ffc8adc4019:   3f 2b 06 00 39 5c 24 40 0f 85 35 2b 06 00 0f b7
0x00007ffc8adc4029:   c3 48 8b 5c 24 30 48 8b 74 24 38 48 83 c4 20 5f
0x00007ffc8adc4039:   c3 cc cc cc cc cc cc 48 89 5c 24 08 48 89 74 24
0x00007ffc8adc4049:   10 57 48 83 ec 40 48 8b c2 48 8b f1 48 8b c8 33
0x00007ffc8adc4059:   d2 49 8b d9 41 8b f8 e8 cb 69 ff ff 48 8b d0 48
0x00007ffc8adc4069:   85 db 0f 85 1f 2b 06 00 48 8b 44 24 78 44 8b c7
0x00007ffc8adc4079:   44 8b 4c 24 70 48 8b ce 48 89 44 24 38 8d 43 01
0x00007ffc8adc4089:   89 44 24 30 89 44 24 28 89 44 24 20 e8 16 00 00
0x00007ffc8adc4099:   00 48 8b 5c 24 50 48 8b 74 24 58 48 83 c4 40 5f 


Stack slot to memory mapping:
stack at sp + 0 slots: 64 is a compressed pointer to class: 0x0000000800000040
stack at sp + 1 slots: 0x00007ffc622ede18 points into unknown readable memory: 0x0001fda000000000 | 00 00 00 00 a0 fd 01 00
stack at sp + 2 slots: 0x0000004bab1e8210 is pointing into the stack for thread: 0x000001f2e069d800
stack at sp + 3 slots: 0x0000000000000001 is an unknown value
stack at sp + 4 slots: 0x00000001e06d7363 is an unknown value
stack at sp + 5 slots: 0x0 is NULL
stack at sp + 6 slots: 0x00007ffc8adc3fa9 KERNELBASE.dll
stack at sp + 7 slots: 0x0000004b00000004 is an unknown value


---------------  P R O C E S S  ---------------

Threads class SMR info:
_java_thread_list=0x000001f2a1f23620, length=27, elements={
0x000001f2e069d800, 0x000001f2e4445800, 0x000001f2e4448800, 0x000001f2e446d000,
0x000001f2e446d800, 0x000001f2e446f000, 0x000001f2ddd54000, 0x000001f2ddd57800,
0x000001f2e447c800, 0x000001f2e4681000, 0x000001f2a0da5800, 0x000001f2a1e07800,
0x000001f2dde09000, 0x000001f2dde03000, 0x000001f2dde06800, 0x000001f2dde07800,
0x000001f2a3b3a800, 0x000001f2a3b3d800, 0x000001f2a3b3c800, 0x000001f2e45b8000,
0x000001f2e45b4800, 0x000001f2e45b1000, 0x000001f2e45b5800, 0x000001f2e45af800,
0x000001f2e45b6000, 0x000001f2e45b7000, 0x000001f2e45b2000
}

Java Threads: ( => current thread )
=>0x000001f2e069d800 JavaThread "main" [_thread_in_native, id=17276, stack(0x0000004bab000000,0x0000004bab1f0000)]
  0x000001f2e4445800 JavaThread "Reference Handler" daemon [_thread_blocked, id=16400, stack(0x0000004bae510000,0x0000004bae700000)]
  0x000001f2e4448800 JavaThread "Finalizer" daemon [_thread_blocked, id=20908, stack(0x0000004bae700000,0x0000004bae8f0000)]
  0x000001f2e446d000 JavaThread "Signal Dispatcher" daemon [_thread_blocked, id=22732, stack(0x0000004bae8f0000,0x0000004baeae0000)]
  0x000001f2e446d800 JavaThread "Attach Listener" daemon [_thread_blocked, id=9544, stack(0x0000004baeae0000,0x0000004baecd0000)]
  0x000001f2e446f000 JavaThread "Service Thread" daemon [_thread_blocked, id=2620, stack(0x0000004baecd0000,0x0000004baeec0000)]
  0x000001f2ddd54000 JavaThread "C2 CompilerThread0" daemon [_thread_in_native, id=15620, stack(0x0000004baeec0000,0x0000004baf0b0000)]
  0x000001f2ddd57800 JavaThread "C1 CompilerThread0" daemon [_thread_blocked, id=9788, stack(0x0000004baf0b0000,0x0000004baf2a0000)]
  0x000001f2e447c800 JavaThread "Sweeper thread" daemon [_thread_blocked, id=8888, stack(0x0000004baf2a0000,0x0000004baf490000)]
  0x000001f2e4681000 JavaThread "Common-Cleaner" daemon [_thread_blocked, id=15696, stack(0x0000004baf870000,0x0000004bafa60000)]
  0x000001f2a0da5800 JavaThread "Python Reference Queue" daemon [_thread_blocked, id=12916, stack(0x0000004bafc50000,0x0000004bafe40000)]
  0x000001f2a1e07800 JavaThread "Thread-2" daemon [_thread_blocked, id=13712, stack(0x0000004bb2120000,0x0000004bb2310000)]
  0x000001f2dde09000 JavaThread "EMF Reference Cleaner" daemon [_thread_blocked, id=18436, stack(0x0000004bb2310000,0x0000004bb2500000)]
  0x000001f2dde03000 JavaThread "pool-2-thread-1" [_thread_blocked, id=8908, stack(0x0000004bb4ea0000,0x0000004bb5090000)]
  0x000001f2dde06800 JavaThread "pool-3-thread-1" [_thread_blocked, id=10060, stack(0x0000004bb5090000,0x0000004bb5280000)]
  0x000001f2dde07800 JavaThread "pool-4-thread-1" [_thread_blocked, id=17868, stack(0x0000004bb5280000,0x0000004bb5470000)]
  0x000001f2a3b3a800 JavaThread "pool-5-thread-1" [_thread_blocked, id=6408, stack(0x0000004bb2500000,0x0000004bb26f0000)]
  0x000001f2a3b3d800 JavaThread "Thread-6" daemon [_thread_in_native, id=3048, stack(0x0000004bac1b0000,0x0000004bac3a0000)]
  0x000001f2a3b3c800 JavaThread "CacheManagerWriteBack-0" [_thread_blocked, id=17920, stack(0x0000004bb48d0000,0x0000004bb4ac0000)]
  0x000001f2e45b8000 JavaThread "C1 CompilerThread1" daemon [_thread_blocked, id=7492, stack(0x0000004bb44f0000,0x0000004bb46e0000)]
  0x000001f2e45b4800 JavaThread "C2 CompilerThread1" daemon [_thread_blocked, id=22064, stack(0x0000004bab1f0000,0x0000004bab3e0000)]
  0x000001f2e45b1000 JavaThread "C2 CompilerThread2" daemon [_thread_blocked, id=1436, stack(0x0000004baf490000,0x0000004baf680000)]
  0x000001f2e45b5800 JavaThread "C2 CompilerThread3" daemon [_thread_in_native, id=23516, stack(0x0000004bb1960000,0x0000004bb1b50000)]
  0x000001f2e45af800 JavaThread "C2 CompilerThread4" daemon [_thread_blocked, id=23524, stack(0x0000004bb1b50000,0x0000004bb1d40000)]
  0x000001f2e45b6000 JavaThread "C2 CompilerThread5" daemon [_thread_blocked, id=8916, stack(0x0000004bb26f0000,0x0000004bb28e0000)]
  0x000001f2e45b7000 JavaThread "C2 CompilerThread6" daemon [_thread_in_native, id=21144, stack(0x0000004bb2cc0000,0x0000004bb2eb0000)]
  0x000001f2e45b2000 JavaThread "C2 CompilerThread7" daemon [_thread_blocked, id=23320, stack(0x0000004bb2eb0000,0x0000004bb30a0000)]

Other Threads:
  0x000001f2e4444000 VMThread "VM Thread" [stack: 0x0000004bae320000,0x0000004bae510000] [id=1852]
  0x000001f2dcb99800 WatcherThread [stack: 0x0000004baf680000,0x0000004baf870000] [id=17816]
  0x000001f2e069e000 GCTaskThread "GC Thread#0" [stack: 0x0000004bab3e0000,0x0000004bab5d0000] [id=11008]
  0x000001f2e48e3000 GCTaskThread "GC Thread#1" [stack: 0x0000004bb0030000,0x0000004bb0220000] [id=22580]
  0x000001f2a1a86800 GCTaskThread "GC Thread#2" [stack: 0x0000004bb0220000,0x0000004bb0410000] [id=8024]
  0x000001f2a1a87800 GCTaskThread "GC Thread#3" [stack: 0x0000004bb0410000,0x0000004bb0600000] [id=7948]
  0x000001f2a1628800 GCTaskThread "GC Thread#4" [stack: 0x0000004bb0600000,0x0000004bb07f0000] [id=22372]
  0x000001f2a1980800 GCTaskThread "GC Thread#5" [stack: 0x0000004bb07f0000,0x0000004bb09e0000] [id=7112]
  0x000001f2a1981000 GCTaskThread "GC Thread#6" [stack: 0x0000004bb09e0000,0x0000004bb0bd0000] [id=18848]
  0x000001f2a1192000 GCTaskThread "GC Thread#7" [stack: 0x0000004bb0bd0000,0x0000004bb0dc0000] [id=21736]
  0x000001f2a1193800 GCTaskThread "GC Thread#8" [stack: 0x0000004bb0dc0000,0x0000004bb0fb0000] [id=14476]
  0x000001f2e0696800 GCTaskThread "GC Thread#9" [stack: 0x0000004bb0fb0000,0x0000004bb11a0000] [id=21232]
  0x000001f2e0697000 GCTaskThread "GC Thread#10" [stack: 0x0000004bb11a0000,0x0000004bb1390000] [id=3196]
  0x000001f2e0697800 GCTaskThread "GC Thread#11" [stack: 0x0000004bb1390000,0x0000004bb1580000] [id=22848]
  0x000001f2dcb9a000 GCTaskThread "GC Thread#12" [stack: 0x0000004bb1580000,0x0000004bb1770000] [id=22756]
  0x000001f2e408c000 ConcurrentGCThread "G1 Main Marker" [stack: 0x0000004bab5d0000,0x0000004bab7c0000] [id=9148]
  0x000001f2e408c800 ConcurrentGCThread "G1 Conc#0" [stack: 0x0000004babfc0000,0x0000004bac1b0000] [id=13172]
  0x000001f2dcb9b000 ConcurrentGCThread "G1 Conc#1" [stack: 0x0000004bb1d40000,0x0000004bb1f30000] [id=10324]
  0x000001f2dcb95000 ConcurrentGCThread "G1 Conc#2" [stack: 0x0000004bb1f30000,0x0000004bb2120000] [id=20028]
  0x000001f2e429d000 ConcurrentGCThread "G1 Refine#0" [stack: 0x0000004badf40000,0x0000004bae130000] [id=16124]
  0x000001f2a3450800 ConcurrentGCThread "G1 Refine#1" [stack: 0x0000004bb28e0000,0x0000004bb2ad0000] [id=2328]
  0x000001f2a331f000 ConcurrentGCThread "G1 Refine#2" [stack: 0x0000004bb2ad0000,0x0000004bb2cc0000] [id=4140]
  0x000001f2e44d4000 ConcurrentGCThread "G1 Refine#3" [stack: 0x0000004bafa60000,0x0000004bafc50000] [id=13852]
  0x000001f2e44d5000 ConcurrentGCThread "G1 Refine#4" [stack: 0x0000004bafe40000,0x0000004bb0030000] [id=15504]
  0x000001f2dcb9c800 ConcurrentGCThread "G1 Refine#5" [stack: 0x0000004bb1770000,0x0000004bb1960000] [id=21908]
  0x000001f2e42a1800 ConcurrentGCThread "G1 Young RemSet Sampling" [stack: 0x0000004bae130000,0x0000004bae320000] [id=17568]

Threads with active compile tasks:
C2 CompilerThread0  60783 14143       4       com.comsol.applapi.variables.VariableContainer::b (923 bytes)
C2 CompilerThread3  60783 14167       4       com.comsol.util.classes.symbolic.SymbNode::a (1059 bytes)
C2 CompilerThread6  60783 14200       4       com.comsol.util.classes.symbolic.s::a (537 bytes)

VM state:not at safepoint (normal execution)

VM Mutex/Monitor currently owned by a thread: None

Heap address: 0x0000000401000000, size: 16368 MB, Compressed Oops mode: Zero based, Oop shift amount: 3
Narrow klass base: 0x0000000800000000, Narrow klass shift: 0
Compressed class space size: 1073741824 Address: 0x0000000800000000

Heap:
 garbage-first heap   total 450560K, used 302391K [0x0000000401000000, 0x0000000800000000)
  region size 4096K, 46 young (188416K), 2 survivors (8192K)
 Metaspace       used 102068K, capacity 103837K, committed 103984K, reserved 1142784K
  class space    used 10605K, capacity 11277K, committed 11392K, reserved 1048576K
Heap Regions: E=young(eden), S=young(survivor), O=old, HS=humongous(starts), HC=humongous(continues), CS=collection set, F=free, A=archive, TAMS=top-at-mark-start (previous, next)
|   0|0x0000000401000000, 0x0000000401400000, 0x0000000401400000|100%|HS|  |TAMS 0x0000000401000000, 0x0000000401000000| Untracked 
|   1|0x0000000401400000, 0x0000000401800000, 0x0000000401800000|100%| O|  |TAMS 0x0000000401400000, 0x0000000401400000| Untracked 
|   2|0x0000000401800000, 0x0000000401bffff8, 0x0000000401c00000| 99%| O|  |TAMS 0x0000000401800000, 0x0000000401800000| Untracked 
|   3|0x0000000401c00000, 0x0000000401fffff0, 0x0000000402000000| 99%| O|  |TAMS 0x0000000401c00000, 0x0000000401c00000| Untracked 
|   4|0x0000000402000000, 0x00000004023fffe0, 0x0000000402400000| 99%| O|  |TAMS 0x0000000402000000, 0x0000000402000000| Untracked 
|   5|0x0000000402400000, 0x00000004027ffff8, 0x0000000402800000| 99%| O|  |TAMS 0x0000000402400000, 0x0000000402400000| Untracked 
|   6|0x0000000402800000, 0x0000000402bfffb0, 0x0000000402c00000| 99%| O|  |TAMS 0x0000000402800000, 0x0000000402800000| Untracked 
|   7|0x0000000402c00000, 0x0000000402fffff0, 0x0000000403000000| 99%| O|  |TAMS 0x0000000402c00000, 0x0000000402c00000| Untracked 
|   8|0x0000000403000000, 0x00000004033ffff8, 0x0000000403400000| 99%| O|  |TAMS 0x0000000403000000, 0x0000000403000000| Untracked 
|   9|0x0000000403400000, 0x00000004037ffff8, 0x0000000403800000| 99%| O|  |TAMS 0x0000000403400000, 0x0000000403400000| Untracked 
|  10|0x0000000403800000, 0x0000000403bfffc0, 0x0000000403c00000| 99%| O|  |TAMS 0x0000000403800000, 0x0000000403800000| Untracked 
|  11|0x0000000403c00000, 0x0000000404000000, 0x0000000404000000|100%| O|  |TAMS 0x0000000403c00000, 0x0000000403c00000| Untracked 
|  12|0x0000000404000000, 0x0000000404400000, 0x0000000404400000|100%| O|  |TAMS 0x0000000404000000, 0x0000000404000000| Untracked 
|  13|0x0000000404400000, 0x00000004047ffff8, 0x0000000404800000| 99%| O|  |TAMS 0x0000000404400000, 0x0000000404400000| Untracked 
|  14|0x0000000404800000, 0x0000000404c00000, 0x0000000404c00000|100%| O|  |TAMS 0x0000000404800000, 0x0000000404800000| Untracked 
|  15|0x0000000404c00000, 0x0000000405000000, 0x0000000405000000|100%| O|  |TAMS 0x0000000404c00000, 0x0000000404c00000| Untracked 
|  16|0x0000000405000000, 0x00000004053fffd8, 0x0000000405400000| 99%| O|  |TAMS 0x0000000405000000, 0x0000000405000000| Untracked 
|  17|0x0000000405400000, 0x00000004057ffff8, 0x0000000405800000| 99%| O|  |TAMS 0x0000000405400000, 0x0000000405400000| Untracked 
|  18|0x0000000405800000, 0x0000000405bfffe8, 0x0000000405c00000| 99%| O|  |TAMS 0x0000000405800000, 0x0000000405800000| Untracked 
|  19|0x0000000405c00000, 0x0000000405ffffc8, 0x0000000406000000| 99%| O|  |TAMS 0x0000000405c00000, 0x0000000405c00000| Untracked 
|  20|0x0000000406000000, 0x00000004063ffff0, 0x0000000406400000| 99%| O|  |TAMS 0x0000000406000000, 0x0000000406000000| Untracked 
|  21|0x0000000406400000, 0x0000000406800000, 0x0000000406800000|100%| O|  |TAMS 0x0000000406400000, 0x0000000406400000| Untracked 
|  22|0x0000000406800000, 0x0000000406bfffe8, 0x0000000406c00000| 99%| O|  |TAMS 0x0000000406800000, 0x0000000406800000| Untracked 
|  23|0x0000000406c00000, 0x0000000406fe1048, 0x0000000407000000| 96%| O|  |TAMS 0x0000000406c00000, 0x0000000406c00000| Untracked 
|  24|0x0000000407000000, 0x00000004073954f0, 0x0000000407400000| 89%| O|  |TAMS 0x0000000407000000, 0x0000000407000000| Untracked 
|  25|0x0000000407400000, 0x00000004077fc910, 0x0000000407800000| 99%| O|  |TAMS 0x0000000407400000, 0x0000000407400000| Untracked 
|  26|0x0000000407800000, 0x0000000407b08038, 0x0000000407c00000| 75%| O|  |TAMS 0x0000000407800000, 0x0000000407800000| Untracked 
|  27|0x0000000407c00000, 0x0000000407e51fa8, 0x0000000408000000| 58%| O|  |TAMS 0x0000000407c00000, 0x0000000407c00000| Untracked 
|  28|0x0000000408000000, 0x0000000408337108, 0x0000000408400000| 80%| O|  |TAMS 0x0000000408000000, 0x0000000408000000| Untracked 
|  29|0x0000000408400000, 0x0000000408614ab8, 0x0000000408800000| 52%| O|  |TAMS 0x0000000408400000, 0x0000000408400000| Untracked 
|  30|0x0000000408800000, 0x00000004088f0fb8, 0x0000000408c00000| 23%| O|  |TAMS 0x0000000408800000, 0x0000000408800000| Untracked 
|  31|0x0000000408c00000, 0x0000000408c00000, 0x0000000409000000|  0%| F|  |TAMS 0x0000000408c00000, 0x0000000408c00000| Untracked 
|  32|0x0000000409000000, 0x0000000409000000, 0x0000000409400000|  0%| F|  |TAMS 0x0000000409000000, 0x0000000409000000| Untracked 
|  33|0x0000000409400000, 0x0000000409400000, 0x0000000409800000|  0%| F|  |TAMS 0x0000000409400000, 0x0000000409400000| Untracked 
|  34|0x0000000409800000, 0x0000000409800000, 0x0000000409c00000|  0%| F|  |TAMS 0x0000000409800000, 0x0000000409800000| Untracked 
|  35|0x0000000409c00000, 0x0000000409c00000, 0x000000040a000000|  0%| F|  |TAMS 0x0000000409c00000, 0x0000000409c00000| Untracked 
|  36|0x000000040a000000, 0x000000040a000000, 0x000000040a400000|  0%| F|  |TAMS 0x000000040a000000, 0x000000040a000000| Untracked 
|  37|0x000000040a400000, 0x000000040a400000, 0x000000040a800000|  0%| F|  |TAMS 0x000000040a400000, 0x000000040a400000| Untracked 
|  38|0x000000040a800000, 0x000000040a800000, 0x000000040ac00000|  0%| F|  |TAMS 0x000000040a800000, 0x000000040a800000| Untracked 
|  39|0x000000040ac00000, 0x000000040ac00000, 0x000000040b000000|  0%| F|  |TAMS 0x000000040ac00000, 0x000000040ac00000| Untracked 
|  40|0x000000040b000000, 0x000000040b000000, 0x000000040b400000|  0%| F|  |TAMS 0x000000040b000000, 0x000000040b000000| Untracked 
|  41|0x000000040b400000, 0x000000040b400000, 0x000000040b800000|  0%| F|  |TAMS 0x000000040b400000, 0x000000040b400000| Untracked 
|  42|0x000000040b800000, 0x000000040b800000, 0x000000040bc00000|  0%| F|  |TAMS 0x000000040b800000, 0x000000040b800000| Untracked 
|  43|0x000000040bc00000, 0x000000040bc4bc80, 0x000000040c000000|  7%| S|CS|TAMS 0x000000040bc00000, 0x000000040bc00000| Complete 
|  44|0x000000040c000000, 0x000000040c400000, 0x000000040c400000|100%| S|CS|TAMS 0x000000040c000000, 0x000000040c000000| Complete 
|  45|0x000000040c400000, 0x000000040c400000, 0x000000040c800000|  0%| F|  |TAMS 0x000000040c400000, 0x000000040c400000| Untracked 
|  46|0x000000040c800000, 0x000000040c800000, 0x000000040cc00000|  0%| F|  |TAMS 0x000000040c800000, 0x000000040c800000| Untracked 
|  47|0x000000040cc00000, 0x000000040cc432b0, 0x000000040d000000|  6%| O|  |TAMS 0x000000040cc00000, 0x000000040cc00000| Untracked 
|  48|0x000000040d000000, 0x000000040d000000, 0x000000040d400000|  0%| F|  |TAMS 0x000000040d000000, 0x000000040d000000| Untracked 
|  49|0x000000040d400000, 0x000000040d7b55c0, 0x000000040d800000| 92%| O|  |TAMS 0x000000040d400000, 0x000000040d400000| Untracked 
|  50|0x000000040d800000, 0x000000040d800000, 0x000000040dc00000|  0%| F|  |TAMS 0x000000040d800000, 0x000000040d800000| Untracked 
|  51|0x000000040dc00000, 0x000000040dc00000, 0x000000040e000000|  0%| F|  |TAMS 0x000000040dc00000, 0x000000040dc00000| Untracked 
|  52|0x000000040e000000, 0x000000040e000000, 0x000000040e400000|  0%| F|  |TAMS 0x000000040e000000, 0x000000040e000000| Untracked 
|  53|0x000000040e400000, 0x000000040e400000, 0x000000040e800000|  0%| F|  |TAMS 0x000000040e400000, 0x000000040e400000| Untracked 
|  54|0x000000040e800000, 0x000000040e800000, 0x000000040ec00000|  0%| F|  |TAMS 0x000000040e800000, 0x000000040e800000| Untracked 
|  55|0x000000040ec00000, 0x000000040ec00000, 0x000000040f000000|  0%| F|  |TAMS 0x000000040ec00000, 0x000000040ec00000| Untracked 
|  56|0x000000040f000000, 0x000000040f000000, 0x000000040f400000|  0%| F|  |TAMS 0x000000040f000000, 0x000000040f000000| Untracked 
|  57|0x000000040f400000, 0x000000040f400000, 0x000000040f800000|  0%| F|  |TAMS 0x000000040f400000, 0x000000040f400000| Untracked 
|  58|0x000000040f800000, 0x000000040f800000, 0x000000040fc00000|  0%| F|  |TAMS 0x000000040f800000, 0x000000040f800000| Untracked 
|  59|0x000000040fc00000, 0x000000040fc00000, 0x0000000410000000|  0%| F|  |TAMS 0x000000040fc00000, 0x000000040fc00000| Untracked 
|  60|0x0000000410000000, 0x0000000410000000, 0x0000000410400000|  0%| F|  |TAMS 0x0000000410000000, 0x0000000410000000| Untracked 
|  61|0x0000000410400000, 0x0000000410400000, 0x0000000410800000|  0%| F|  |TAMS 0x0000000410400000, 0x0000000410400000| Untracked 
|  62|0x0000000410800000, 0x0000000410800000, 0x0000000410c00000|  0%| F|  |TAMS 0x0000000410800000, 0x0000000410800000| Untracked 
|  63|0x0000000410c00000, 0x0000000410c00000, 0x0000000411000000|  0%| F|  |TAMS 0x0000000410c00000, 0x0000000410c00000| Untracked 
|  64|0x0000000411000000, 0x0000000411000000, 0x0000000411400000|  0%| F|  |TAMS 0x0000000411000000, 0x0000000411000000| Untracked 
|  65|0x0000000411400000, 0x0000000411400000, 0x0000000411800000|  0%| F|  |TAMS 0x0000000411400000, 0x0000000411400000| Untracked 
|  66|0x0000000411800000, 0x0000000411a00800, 0x0000000411c00000| 50%| E|  |TAMS 0x0000000411800000, 0x0000000411800000| Complete 
|  67|0x0000000411c00000, 0x0000000412000000, 0x0000000412000000|100%| E|CS|TAMS 0x0000000411c00000, 0x0000000411c00000| Complete 
|  68|0x0000000412000000, 0x0000000412400000, 0x0000000412400000|100%| E|CS|TAMS 0x0000000412000000, 0x0000000412000000| Complete 
|  69|0x0000000412400000, 0x0000000412800000, 0x0000000412800000|100%| E|CS|TAMS 0x0000000412400000, 0x0000000412400000| Complete 
|  70|0x0000000412800000, 0x0000000412c00000, 0x0000000412c00000|100%| E|CS|TAMS 0x0000000412800000, 0x0000000412800000| Complete 
|  71|0x0000000412c00000, 0x0000000413000000, 0x0000000413000000|100%| E|CS|TAMS 0x0000000412c00000, 0x0000000412c00000| Complete 
|  72|0x0000000413000000, 0x0000000413400000, 0x0000000413400000|100%| E|CS|TAMS 0x0000000413000000, 0x0000000413000000| Complete 
|  73|0x0000000413400000, 0x0000000413800000, 0x0000000413800000|100%| E|CS|TAMS 0x0000000413400000, 0x0000000413400000| Complete 
|  74|0x0000000413800000, 0x0000000413c00000, 0x0000000413c00000|100%| E|CS|TAMS 0x0000000413800000, 0x0000000413800000| Complete 
|  75|0x0000000413c00000, 0x0000000414000000, 0x0000000414000000|100%| E|CS|TAMS 0x0000000413c00000, 0x0000000413c00000| Complete 
|  76|0x0000000414000000, 0x0000000414400000, 0x0000000414400000|100%| E|CS|TAMS 0x0000000414000000, 0x0000000414000000| Complete 
|  77|0x0000000414400000, 0x0000000414800000, 0x0000000414800000|100%| E|CS|TAMS 0x0000000414400000, 0x0000000414400000| Complete 
|  78|0x0000000414800000, 0x0000000414c00000, 0x0000000414c00000|100%| E|CS|TAMS 0x0000000414800000, 0x0000000414800000| Complete 
|  79|0x0000000414c00000, 0x0000000415000000, 0x0000000415000000|100%| E|CS|TAMS 0x0000000414c00000, 0x0000000414c00000| Complete 
|  80|0x0000000415000000, 0x0000000415400000, 0x0000000415400000|100%| E|CS|TAMS 0x0000000415000000, 0x0000000415000000| Complete 
|  81|0x0000000415400000, 0x0000000415800000, 0x0000000415800000|100%| E|CS|TAMS 0x0000000415400000, 0x0000000415400000| Complete 
|  82|0x0000000415800000, 0x0000000415c00000, 0x0000000415c00000|100%| E|CS|TAMS 0x0000000415800000, 0x0000000415800000| Complete 
|  83|0x0000000415c00000, 0x0000000416000000, 0x0000000416000000|100%| E|CS|TAMS 0x0000000415c00000, 0x0000000415c00000| Complete 
|  84|0x0000000416000000, 0x0000000416400000, 0x0000000416400000|100%| E|CS|TAMS 0x0000000416000000, 0x0000000416000000| Complete 
|  85|0x0000000416400000, 0x0000000416800000, 0x0000000416800000|100%| E|CS|TAMS 0x0000000416400000, 0x0000000416400000| Complete 
|  86|0x0000000416800000, 0x0000000416c00000, 0x0000000416c00000|100%| E|CS|TAMS 0x0000000416800000, 0x0000000416800000| Complete 
|  87|0x0000000416c00000, 0x0000000417000000, 0x0000000417000000|100%| E|CS|TAMS 0x0000000416c00000, 0x0000000416c00000| Complete 
|  88|0x0000000417000000, 0x0000000417400000, 0x0000000417400000|100%| E|CS|TAMS 0x0000000417000000, 0x0000000417000000| Complete 
|  89|0x0000000417400000, 0x0000000417800000, 0x0000000417800000|100%| E|CS|TAMS 0x0000000417400000, 0x0000000417400000| Complete 
|  90|0x0000000417800000, 0x0000000417c00000, 0x0000000417c00000|100%| E|CS|TAMS 0x0000000417800000, 0x0000000417800000| Complete 
|  91|0x0000000417c00000, 0x0000000418000000, 0x0000000418000000|100%| E|CS|TAMS 0x0000000417c00000, 0x0000000417c00000| Complete 
|  92|0x0000000418000000, 0x0000000418400000, 0x0000000418400000|100%| E|CS|TAMS 0x0000000418000000, 0x0000000418000000| Complete 
|  93|0x0000000418400000, 0x0000000418800000, 0x0000000418800000|100%| E|CS|TAMS 0x0000000418400000, 0x0000000418400000| Complete 
|  94|0x0000000418800000, 0x0000000418c00000, 0x0000000418c00000|100%| E|CS|TAMS 0x0000000418800000, 0x0000000418800000| Complete 
|  95|0x0000000418c00000, 0x0000000419000000, 0x0000000419000000|100%| E|CS|TAMS 0x0000000418c00000, 0x0000000418c00000| Complete 
|  96|0x0000000419000000, 0x0000000419400000, 0x0000000419400000|100%| E|CS|TAMS 0x0000000419000000, 0x0000000419000000| Complete 
|  97|0x0000000419400000, 0x0000000419800000, 0x0000000419800000|100%| E|CS|TAMS 0x0000000419400000, 0x0000000419400000| Complete 
|  98|0x0000000419800000, 0x0000000419c00000, 0x0000000419c00000|100%| E|CS|TAMS 0x0000000419800000, 0x0000000419800000| Complete 
|  99|0x0000000419c00000, 0x000000041a000000, 0x000000041a000000|100%| E|CS|TAMS 0x0000000419c00000, 0x0000000419c00000| Complete 
| 100|0x000000041a000000, 0x000000041a400000, 0x000000041a400000|100%| E|CS|TAMS 0x000000041a000000, 0x000000041a000000| Complete 
| 101|0x000000041a400000, 0x000000041a800000, 0x000000041a800000|100%| E|CS|TAMS 0x000000041a400000, 0x000000041a400000| Complete 
| 102|0x000000041a800000, 0x000000041ac00000, 0x000000041ac00000|100%| E|CS|TAMS 0x000000041a800000, 0x000000041a800000| Complete 
| 103|0x000000041ac00000, 0x000000041b000000, 0x000000041b000000|100%| E|CS|TAMS 0x000000041ac00000, 0x000000041ac00000| Complete 
| 104|0x000000041b000000, 0x000000041b400000, 0x000000041b400000|100%| E|CS|TAMS 0x000000041b000000, 0x000000041b000000| Complete 
| 105|0x000000041b400000, 0x000000041b800000, 0x000000041b800000|100%| E|CS|TAMS 0x000000041b400000, 0x000000041b400000| Complete 
| 106|0x000000041b800000, 0x000000041bc00000, 0x000000041bc00000|100%| E|CS|TAMS 0x000000041b800000, 0x000000041b800000| Complete 
| 107|0x000000041bc00000, 0x000000041c000000, 0x000000041c000000|100%| E|CS|TAMS 0x000000041bc00000, 0x000000041bc00000| Complete 
| 108|0x000000041c000000, 0x000000041c400000, 0x000000041c400000|100%| E|CS|TAMS 0x000000041c000000, 0x000000041c000000| Complete 
| 109|0x000000041c400000, 0x000000041c800000, 0x000000041c800000|100%| E|CS|TAMS 0x000000041c400000, 0x000000041c400000| Complete 

Card table byte_map: [0x000001f2f9070000,0x000001f2fb070000] _byte_map_base: 0x000001f2f7068000

Marking Bits (Prev, Next): (CMBitMap*) 0x000001f2e3fc5cc8, (CMBitMap*) 0x000001f2e3fc5d00
 Prev Bits: [0x000001f280000000, 0x000001f28ffc0000)
 Next Bits: [0x000001f28ffc0000, 0x000001f29ff80000)

Polling page: 0x000001f2e7080000

Metaspace:

Usage:
  Non-class:     90.39 MB capacity,    89.32 MB ( 99%) used,   846.17 KB ( <1%) free+waste,   251.25 KB ( <1%) overhead. 
      Class:     11.01 MB capacity,    10.36 MB ( 94%) used,   570.98 KB (  5%) free+waste,   100.31 KB ( <1%) overhead. 
       Both:    101.40 MB capacity,    99.68 MB ( 98%) used,     1.38 MB (  1%) free+waste,   351.56 KB ( <1%) overhead. 

Virtual space:
  Non-class space:       92.00 MB reserved,      90.42 MB ( 98%) committed 
      Class space:        1.00 GB reserved,      11.13 MB (  1%) committed 
             Both:        1.09 GB reserved,     101.55 MB (  9%) committed 

Chunk freelists:
   Non-Class:  32.00 KB
       Class:  19.00 KB
        Both:  51.00 KB

MaxMetaspaceSize: 17179869184.00 GB
CompressedClassSpaceSize: 1.00 GB
Initial GC threshold: 20.80 MB
Current GC threshold: 166.75 MB
CDS: off

CodeHeap 'non-profiled nmethods': size=119168Kb used=18678Kb max_used=18678Kb free=100489Kb
 bounds [0x000001f2eec40000, 0x000001f2efe80000, 0x000001f2f60a0000]
CodeHeap 'profiled nmethods': size=119168Kb used=29904Kb max_used=29904Kb free=89263Kb
 bounds [0x000001f2e77e0000, 0x000001f2e9520000, 0x000001f2eec40000]
CodeHeap 'non-nmethods': size=7424Kb used=2037Kb max_used=3257Kb free=5386Kb
 bounds [0x000001f2e70a0000, 0x000001f2e7410000, 0x000001f2e77e0000]
 total_blobs=12550 nmethods=11748 adapters=707
 compilation: enabled
              stopped_count=0, restarted_count=0
 full_count=0

Compilation events (20 events):
Event: 60.497 Thread 0x000001f2ddd57800 14219       3       com.comsol.model.selections.SelectionMethod::entities (600 bytes)
Event: 60.498 Thread 0x000001f2e45b8000 14220       3       jdk.internal.reflect.ClassFileAssembler::<init> (8 bytes)
Event: 60.498 Thread 0x000001f2e45b8000 nmethod 14220 0x000001f2e9511810 code [0x000001f2e9511a00, 0x000001f2e9511f38]
Event: 60.498 Thread 0x000001f2e45b8000 14221       3       jdk.internal.reflect.ClassFileAssembler::append (9 bytes)
Event: 60.499 Thread 0x000001f2e45b8000 nmethod 14221 0x000001f2e9512110 code [0x000001f2e9512320, 0x000001f2e9512858]
Event: 60.499 Thread 0x000001f2e45b8000 14222       3       jdk.internal.reflect.ByteVectorImpl::put (27 bytes)
Event: 60.500 Thread 0x000001f2e45b8000 nmethod 14222 0x000001f2e9512b90 code [0x000001f2e9512d60, 0x000001f2e9512f28]
Event: 60.501 Thread 0x000001f2e45b8000 14223       2       com.comsol.applapi.variables.al::b (137 bytes)
Event: 60.503 Thread 0x000001f2e45b8000 nmethod 14223 0x000001f2e9513090 code [0x000001f2e9513320, 0x000001f2e9513c08]
Event: 60.506 Thread 0x000001f2ddd57800 nmethod 14219 0x000001f2e9514210 code [0x000001f2e9514b40, 0x000001f2e951b118]
Event: 60.507 Thread 0x000001f2e45b1000 nmethod 14120 0x000001f2efe34410 code [0x000001f2efe34860, 0x000001f2efe3ba08]
Event: 60.508 Thread 0x000001f2e45b1000 14188       4       com.comsol.util.classes.exprparser.u::a (90 bytes)
Event: 60.530 Thread 0x000001f2e45b8000 14224       3       com.comsol.util.api.b$a::a (10 bytes)
Event: 60.530 Thread 0x000001f2ddd57800 14225       3       com.comsol.util.api.b$a::a (52 bytes)
Event: 60.531 Thread 0x000001f2e45b8000 nmethod 14224 0x000001f2e8a10610 code [0x000001f2e8a107c0, 0x000001f2e8a108c8]
Event: 60.532 Thread 0x000001f2ddd57800 nmethod 14225 0x000001f2e951d210 code [0x000001f2e951d4e0, 0x000001f2e951e218]
Event: 60.538 Thread 0x000001f2e45b8000 14226       3       java.lang.Class::annotationData (44 bytes)
Event: 60.538 Thread 0x000001f2e45b8000 nmethod 14226 0x000001f2e951e710 code [0x000001f2e951e8e0, 0x000001f2e951ec48]
Event: 60.539 Thread 0x000001f2ddd57800 14227       3       java.lang.Class::privateGetDeclaredFields (64 bytes)
Event: 60.540 Thread 0x000001f2ddd57800 nmethod 14227 0x000001f2e951ed90 code [0x000001f2e951efc0, 0x000001f2e951f798]

GC Heap History (20 events):
Event: 55.217 GC heap before
{Heap before GC invocations=120 (full 26):
 garbage-first heap   total 466944K, used 388504K [0x0000000401000000, 0x0000000800000000)
  region size 4096K, 64 young (262144K), 1 survivors (4096K)
 Metaspace       used 96906K, capacity 98507K, committed 98608K, reserved 1136640K
  class space    used 10018K, capacity 10606K, committed 10624K, reserved 1048576K
}
Event: 55.219 GC heap after
{Heap after GC invocations=121 (full 26):
 garbage-first heap   total 466944K, used 130941K [0x0000000401000000, 0x0000000800000000)
  region size 4096K, 1 young (4096K), 1 survivors (4096K)
 Metaspace       used 96906K, capacity 98507K, committed 98608K, reserved 1136640K
  class space    used 10018K, capacity 10606K, committed 10624K, reserved 1048576K
}
Event: 56.001 GC heap before
{Heap before GC invocations=121 (full 26):
 garbage-first heap   total 466944K, used 388989K [0x0000000401000000, 0x0000000800000000)
  region size 4096K, 64 young (262144K), 1 survivors (4096K)
 Metaspace       used 100073K, capacity 101785K, committed 101936K, reserved 1140736K
  class space    used 10393K, capacity 11016K, committed 11136K, reserved 1048576K
}
Event: 56.006 GC heap after
{Heap after GC invocations=122 (full 26):
 garbage-first heap   total 466944K, used 131944K [0x0000000401000000, 0x0000000800000000)
  region size 4096K, 2 young (8192K), 2 survivors (8192K)
 Metaspace       used 100073K, capacity 101785K, committed 101936K, reserved 1140736K
  class space    used 10393K, capacity 11016K, committed 11136K, reserved 1048576K
}
Event: 56.059 GC heap before
{Heap before GC invocations=122 (full 26):
 garbage-first heap   total 466944K, used 156520K [0x0000000401000000, 0x0000000800000000)
  region size 4096K, 9 young (36864K), 2 survivors (8192K)
 Metaspace       used 100073K, capacity 101785K, committed 101936K, reserved 1140736K
  class space    used 10393K, capacity 11016K, committed 11136K, reserved 1048576K
}
Event: 56.145 GC heap after
{Heap after GC invocations=123 (full 27):
 garbage-first heap   total 466944K, used 124606K [0x0000000401000000, 0x0000000800000000)
  region size 4096K, 0 young (0K), 0 survivors (0K)
 Metaspace       used 100073K, capacity 101785K, committed 101936K, reserved 1140736K
  class space    used 10393K, capacity 11016K, committed 11136K, reserved 1048576K
}
Event: 56.912 GC heap before
{Heap before GC invocations=123 (full 27):
 garbage-first heap   total 466944K, used 382654K [0x0000000401000000, 0x0000000800000000)
  region size 4096K, 63 young (258048K), 0 survivors (0K)
 Metaspace       used 100204K, capacity 101918K, committed 102192K, reserved 1140736K
  class space    used 10405K, capacity 11034K, committed 11136K, reserved 1048576K
}
Event: 56.914 GC heap after
{Heap after GC invocations=124 (full 27):
 garbage-first heap   total 466944K, used 126617K [0x0000000401000000, 0x0000000800000000)
  region size 4096K, 1 young (4096K), 1 survivors (4096K)
 Metaspace       used 100204K, capacity 101918K, committed 102192K, reserved 1140736K
  class space    used 10405K, capacity 11034K, committed 11136K, reserved 1048576K
}
Event: 57.809 GC heap before
{Heap before GC invocations=124 (full 27):
 garbage-first heap   total 466944K, used 384665K [0x0000000401000000, 0x0000000800000000)
  region size 4096K, 64 young (262144K), 1 survivors (4096K)
 Metaspace       used 100487K, capacity 102246K, committed 102448K, reserved 1140736K
  class space    used 10446K, capacity 11099K, committed 11136K, reserved 1048576K
}
Event: 57.811 GC heap after
{Heap after GC invocations=125 (full 27):
 garbage-first heap   total 466944K, used 128039K [0x0000000401000000, 0x0000000800000000)
  region size 4096K, 1 young (4096K), 1 survivors (4096K)
 Metaspace       used 100487K, capacity 102246K, committed 102448K, reserved 1140736K
  class space    used 10446K, capacity 11099K, committed 11136K, reserved 1048576K
}
Event: 58.508 GC heap before
{Heap before GC invocations=125 (full 27):
 garbage-first heap   total 466944K, used 386087K [0x0000000401000000, 0x0000000800000000)
  region size 4096K, 64 young (262144K), 1 survivors (4096K)
 Metaspace       used 100585K, capacity 102331K, committed 102448K, reserved 1140736K
  class space    used 10460K, capacity 11103K, committed 11136K, reserved 1048576K
}
Event: 58.510 GC heap after
{Heap after GC invocations=126 (full 27):
 garbage-first heap   total 466944K, used 129689K [0x0000000401000000, 0x0000000800000000)
  region size 4096K, 2 young (8192K), 2 survivors (8192K)
 Metaspace       used 100585K, capacity 102331K, committed 102448K, reserved 1140736K
  class space    used 10460K, capacity 11103K, committed 11136K, reserved 1048576K
}
Event: 58.551 GC heap before
{Heap before GC invocations=126 (full 27):
 garbage-first heap   total 466944K, used 146073K [0x0000000401000000, 0x0000000800000000)
  region size 4096K, 7 young (28672K), 2 survivors (8192K)
 Metaspace       used 100587K, capacity 102334K, committed 102448K, reserved 1140736K
  class space    used 10460K, capacity 11104K, committed 11136K, reserved 1048576K
}
Event: 58.635 GC heap after
{Heap after GC invocations=127 (full 28):
 garbage-first heap   total 450560K, used 121864K [0x0000000401000000, 0x0000000800000000)
  region size 4096K, 0 young (0K), 0 survivors (0K)
 Metaspace       used 100587K, capacity 102334K, committed 102448K, reserved 1140736K
  class space    used 10460K, capacity 11104K, committed 11136K, reserved 1048576K
}
Event: 59.132 GC heap before
{Heap before GC invocations=127 (full 28):
 garbage-first heap   total 450560K, used 379912K [0x0000000401000000, 0x0000000800000000)
  region size 4096K, 63 young (258048K), 0 survivors (0K)
 Metaspace       used 100596K, capacity 102334K, committed 102448K, reserved 1140736K
  class space    used 10460K, capacity 11104K, committed 11136K, reserved 1048576K
}
Event: 59.133 GC heap after
{Heap after GC invocations=128 (full 28):
 garbage-first heap   total 450560K, used 123358K [0x0000000401000000, 0x0000000800000000)
  region size 4096K, 1 young (4096K), 1 survivors (4096K)
 Metaspace       used 100596K, capacity 102334K, committed 102448K, reserved 1140736K
  class space    used 10460K, capacity 11104K, committed 11136K, reserved 1048576K
}
Event: 59.571 GC heap before
{Heap before GC invocations=128 (full 28):
 garbage-first heap   total 450560K, used 377310K [0x0000000401000000, 0x0000000800000000)
  region size 4096K, 63 young (258048K), 1 survivors (4096K)
 Metaspace       used 100630K, capacity 102399K, committed 102448K, reserved 1140736K
  class space    used 10460K, capacity 11104K, committed 11136K, reserved 1048576K
}
Event: 59.572 GC heap after
{Heap after GC invocations=129 (full 28):
 garbage-first heap   total 450560K, used 123880K [0x0000000401000000, 0x0000000800000000)
  region size 4096K, 1 young (4096K), 1 survivors (4096K)
 Metaspace       used 100630K, capacity 102399K, committed 102448K, reserved 1140736K
  class space    used 10460K, capacity 11104K, committed 11136K, reserved 1048576K
}
Event: 60.119 GC heap before
{Heap before GC invocations=129 (full 28):
 garbage-first heap   total 450560K, used 377832K [0x0000000401000000, 0x0000000800000000)
  region size 4096K, 63 young (258048K), 1 survivors (4096K)
 Metaspace       used 101541K, capacity 103307K, committed 103600K, reserved 1142784K
  class space    used 10531K, capacity 11190K, committed 11264K, reserved 1048576K
}
Event: 60.122 GC heap after
{Heap after GC invocations=130 (full 28):
 garbage-first heap   total 450560K, used 126263K [0x0000000401000000, 0x0000000800000000)
  region size 4096K, 2 young (8192K), 2 survivors (8192K)
 Metaspace       used 101541K, capacity 103307K, committed 103600K, reserved 1142784K
  class space    used 10531K, capacity 11190K, committed 11264K, reserved 1048576K
}

Deoptimization events (20 events):
Event: 60.530 Thread 0x000001f2e069d800 DEOPT PACKING pc=0x000001f2ef61f328 sp=0x0000004bab1e5170
Event: 60.530 Thread 0x000001f2e069d800 DEOPT UNPACKING pc=0x000001f2e70ea1af sp=0x0000004bab1e51a0 mode 2
Event: 60.530 Thread 0x000001f2e069d800 Uncommon trap: trap_request=0xffffffc6 fr.pc=0x000001f2ef62b820 relative=0x0000000000004e60
Event: 60.530 Thread 0x000001f2e069d800 Uncommon trap: reason=bimorphic_or_optimized_type_check action=maybe_recompile pc=0x000001f2ef62b820 method=com.comsol.model.dbmodel.ParameterEntityDb.getParamValue(Ljava/lang/String;)Lcom/comsol/model/data/primitive/ParamValuePrim; @ 1 c2
Event: 60.530 Thread 0x000001f2e069d800 DEOPT PACKING pc=0x000001f2ef62b820 sp=0x0000004bab1e5260
Event: 60.531 Thread 0x000001f2e069d800 DEOPT UNPACKING pc=0x000001f2e70ea1af sp=0x0000004bab1e5228 mode 2
Event: 60.531 Thread 0x000001f2e069d800 Uncommon trap: trap_request=0xffffffc6 fr.pc=0x000001f2ef61f328 relative=0x0000000000004ca8
Event: 60.531 Thread 0x000001f2e069d800 Uncommon trap: reason=bimorphic_or_optimized_type_check action=maybe_recompile pc=0x000001f2ef61f328 method=com.comsol.model.method.ParameterEntityMethod.migrateName(Ljava/lang/String;)Ljava/lang/String; @ 1 c2
Event: 60.531 Thread 0x000001f2e069d800 DEOPT PACKING pc=0x000001f2ef61f328 sp=0x0000004bab1e5170
Event: 60.531 Thread 0x000001f2e069d800 DEOPT UNPACKING pc=0x000001f2e70ea1af sp=0x0000004bab1e51a0 mode 2
Event: 60.531 Thread 0x000001f2e069d800 Uncommon trap: trap_request=0xffffffc6 fr.pc=0x000001f2ef62b820 relative=0x0000000000004e60
Event: 60.531 Thread 0x000001f2e069d800 Uncommon trap: reason=bimorphic_or_optimized_type_check action=maybe_recompile pc=0x000001f2ef62b820 method=com.comsol.model.dbmodel.ParameterEntityDb.getParamValue(Ljava/lang/String;)Lcom/comsol/model/data/primitive/ParamValuePrim; @ 1 c2
Event: 60.531 Thread 0x000001f2e069d800 DEOPT PACKING pc=0x000001f2ef62b820 sp=0x0000004bab1e5380
Event: 60.531 Thread 0x000001f2e069d800 DEOPT UNPACKING pc=0x000001f2e70ea1af sp=0x0000004bab1e5348 mode 2
Event: 60.531 Thread 0x000001f2e069d800 Uncommon trap: trap_request=0xffffffc6 fr.pc=0x000001f2ef61f328 relative=0x0000000000004ca8
Event: 60.531 Thread 0x000001f2e069d800 Uncommon trap: reason=bimorphic_or_optimized_type_check action=maybe_recompile pc=0x000001f2ef61f328 method=com.comsol.model.method.ParameterEntityMethod.migrateName(Ljava/lang/String;)Ljava/lang/String; @ 1 c2
Event: 60.531 Thread 0x000001f2e069d800 DEOPT PACKING pc=0x000001f2ef61f328 sp=0x0000004bab1e5290
Event: 60.531 Thread 0x000001f2e069d800 DEOPT UNPACKING pc=0x000001f2e70ea1af sp=0x0000004bab1e52c0 mode 2
Event: 60.539 Thread 0x000001f2e069d800 DEOPT PACKING pc=0x000001f2e842dcfa sp=0x0000004bab1e81a0
Event: 60.539 Thread 0x000001f2e069d800 DEOPT UNPACKING pc=0x000001f2e70ea95e sp=0x0000004bab1e76f0 mode 0

Classes redefined (0 events):
No events

Internal exceptions (20 events):
Event: 41.135 Thread 0x000001f2e069d800 Implicit null exception at 0x000001f2efabaae1 to 0x000001f2efabb454
Event: 41.246 Thread 0x000001f2e069d800 Implicit null exception at 0x000001f2efabcee0 to 0x000001f2efabd204
Event: 41.246 Thread 0x000001f2e069d800 Implicit null exception at 0x000001f2ef74cd7b to 0x000001f2ef74e134
Event: 41.262 Thread 0x000001f2e069d800 Implicit null exception at 0x000001f2eee87794 to 0x000001f2eee87828
Event: 41.907 Thread 0x000001f2e069d800 Implicit null exception at 0x000001f2ef64d910 to 0x000001f2ef64d94e
Event: 44.153 Thread 0x000001f2e069d800 Implicit null exception at 0x000001f2ef7a02f0 to 0x000001f2ef7a031c
Event: 44.153 Thread 0x000001f2e069d800 Implicit null exception at 0x000001f2ef1ccc83 to 0x000001f2ef1cd350
Event: 55.428 Thread 0x000001f2e069d800 Implicit null exception at 0x000001f2ef8f35cc to 0x000001f2ef8f3614
Event: 55.469 Thread 0x000001f2e069d800 Implicit null exception at 0x000001f2ef336294 to 0x000001f2ef3365f0
Event: 55.479 Thread 0x000001f2e069d800 Implicit null exception at 0x000001f2ef1195fb to 0x000001f2ef119930
Event: 55.564 Thread 0x000001f2e069d800 Implicit null exception at 0x000001f2eeeb9bba to 0x000001f2eeeb9f3c
Event: 55.564 Thread 0x000001f2e069d800 Implicit null exception at 0x000001f2ef08a77d to 0x000001f2ef08a83c
Event: 55.670 Thread 0x000001f2e069d800 Implicit null exception at 0x000001f2eeccc8f5 to 0x000001f2eecccabc
Event: 56.214 Thread 0x000001f2e069d800 Implicit null exception at 0x000001f2ef4edcf6 to 0x000001f2ef4eff8c
Event: 56.216 Thread 0x000001f2e069d800 Implicit null exception at 0x000001f2ef155110 to 0x000001f2ef155414
Event: 59.900 Thread 0x000001f2e069d800 Implicit null exception at 0x000001f2ef117d70 to 0x000001f2ef117f9c
Event: 59.977 Thread 0x000001f2e069d800 Implicit null exception at 0x000001f2ef6e447e to 0x000001f2ef6ecb30
Event: 59.978 Thread 0x000001f2e069d800 Implicit null exception at 0x000001f2ef783fe2 to 0x000001f2ef7860d4
Event: 59.978 Thread 0x000001f2e069d800 Implicit null exception at 0x000001f2ef758d28 to 0x000001f2ef759090
Event: 59.979 Thread 0x000001f2e069d800 Implicit null exception at 0x000001f2eed8534b to 0x000001f2eed85778

Events (20 events):
Event: 60.518 loading class com/comsol/model/dbmodel/ConstrFeatureListDb
Event: 60.518 loading class com/comsol/model/dbmodel/ConstrFeatureListDb done
Event: 60.520 loading class com/comsol/model/method/ConstrFeatureListMethod
Event: 60.520 loading class com/comsol/model/method/ConstrFeatureListMethod done
Event: 60.520 loading class com/comsol/model/method/GenericModelEntityListMethod
Event: 60.520 loading class com/comsol/model/method/GenericModelEntityListMethod done
Event: 60.521 loading class com/comsol/model/dbmodel/ConstrFeatureDb
Event: 60.521 loading class com/comsol/model/dbmodel/ConstrFeatureDb done
Event: 60.521 loading class com/comsol/model/dbimodel/ConstrFeature
Event: 60.521 loading class com/comsol/model/dbimodel/ConstrFeature done
Event: 60.525 Executing VM operation: Deoptimize
Event: 60.527 Executing VM operation: Deoptimize done
Event: 60.527 loading class com/comsol/model/method/ConstrFeatureMethod
Event: 60.527 loading class com/comsol/model/method/ConstrFeatureMethod done
Event: 60.532 loading class com/comsol/model/method/internal/IMultiphysicsContributorSetter
Event: 60.532 loading class com/comsol/model/method/internal/IMultiphysicsContributorSetter done
Event: 60.534 loading class com/comsol/model/util/ModelReductionUtil
Event: 60.534 loading class com/comsol/model/util/ModelReductionUtil done
Event: 60.536 loading class com/comsol/model/impl/SolverFeatureImpl
Event: 60.536 loading class com/comsol/model/impl/SolverFeatureImpl done


Dynamic libraries:
0x00007ff6f19f0000 - 0x00007ff6f1a0c000 	E:\Continuum\anaconda3\pythonw.exe
0x00007ffc8d740000 - 0x00007ffc8d930000 	C:\WINDOWS\SYSTEM32\ntdll.dll
0x00007ffc8ba70000 - 0x00007ffc8bb23000 	C:\WINDOWS\System32\KERNEL32.DLL
0x00007ffc8ad80000 - 0x00007ffc8b025000 	C:\WINDOWS\System32\KERNELBASE.dll
0x00007ffc8a740000 - 0x00007ffc8a83a000 	C:\WINDOWS\System32\ucrtbase.dll
0x00007ffc19260000 - 0x00007ffc196d3000 	E:\Continuum\anaconda3\python37.dll
0x00007ffc82620000 - 0x00007ffc82639000 	E:\Continuum\anaconda3\VCRUNTIME140.dll
0x00007ffc8b850000 - 0x00007ffc8b8a2000 	C:\WINDOWS\System32\SHLWAPI.dll
0x00007ffc8cee0000 - 0x00007ffc8cf7e000 	C:\WINDOWS\System32\msvcrt.dll
0x00007ffc835b0000 - 0x00007ffc835ba000 	C:\WINDOWS\SYSTEM32\VERSION.dll
0x00007ffc8c8e0000 - 0x00007ffc8cc16000 	C:\WINDOWS\System32\combase.dll
0x00007ffc8b950000 - 0x00007ffc8ba6b000 	C:\WINDOWS\System32\RPCRT4.dll
0x00007ffc8a6b0000 - 0x00007ffc8a734000 	C:\WINDOWS\System32\bcryptPrimitives.dll
0x00007ffc8b8b0000 - 0x00007ffc8b8d6000 	C:\WINDOWS\System32\GDI32.dll
0x00007ffc8b7b0000 - 0x00007ffc8b7d1000 	C:\WINDOWS\System32\win32u.dll
0x00007ffc8a840000 - 0x00007ffc8a9d8000 	C:\WINDOWS\System32\gdi32full.dll
0x00007ffc8ac10000 - 0x00007ffc8acae000 	C:\WINDOWS\System32\msvcp_win.dll
0x00007ffc8bfb0000 - 0x00007ffc8c144000 	C:\WINDOWS\System32\USER32.dll
0x00007ffc8bf40000 - 0x00007ffc8bfaf000 	C:\WINDOWS\System32\WS2_32.dll
0x00007ffc8bc00000 - 0x00007ffc8bca5000 	C:\WINDOWS\System32\ADVAPI32.dll
0x00007ffc8c840000 - 0x00007ffc8c8d8000 	C:\WINDOWS\System32\sechost.dll
0x00007ffc8bcb0000 - 0x00007ffc8bcde000 	C:\WINDOWS\System32\IMM32.DLL
0x00007ffc8acb0000 - 0x00007ffc8acc7000 	C:\WINDOWS\System32\CRYPTSP.dll
0x00007ffc89950000 - 0x00007ffc89983000 	C:\WINDOWS\system32\rsaenh.dll
0x00007ffc8ab30000 - 0x00007ffc8ab56000 	C:\WINDOWS\System32\bcrypt.dll
0x00007ffc8a000000 - 0x00007ffc8a00c000 	C:\WINDOWS\SYSTEM32\CRYPTBASE.dll
0x00007ffc6b480000 - 0x00007ffc6b48f000 	E:\Continuum\anaconda3\python3.DLL
0x00007ffc6b430000 - 0x00007ffc6b448000 	E:\Continuum\anaconda3\DLLs\_bz2.pyd
0x00007ffc6b400000 - 0x00007ffc6b430000 	E:\Continuum\anaconda3\DLLs\_lzma.pyd
0x00007ffc502a0000 - 0x00007ffc502ad000 	E:\Continuum\anaconda3\DLLs\_hashlib.pyd
0x00007ffc42f70000 - 0x00007ffc432bc000 	E:\Continuum\anaconda3\Library\bin\libcrypto-1_1-x64.dll
0x00007ffc6b450000 - 0x00007ffc6b473000 	E:\Continuum\anaconda3\DLLs\_ctypes.pyd
0x00007ffc8bde0000 - 0x00007ffc8bf37000 	C:\WINDOWS\System32\ole32.dll
0x00007ffc8bb30000 - 0x00007ffc8bbf5000 	C:\WINDOWS\System32\OLEAUT32.dll
0x00007ffc8c150000 - 0x00007ffc8c837000 	C:\WINDOWS\System32\shell32.DLL
0x00007ffc8ab60000 - 0x00007ffc8abaa000 	C:\WINDOWS\System32\cfgmgr32.dll
0x00007ffc8d0c0000 - 0x00007ffc8d169000 	C:\WINDOWS\System32\shcore.dll
0x00007ffc8b030000 - 0x00007ffc8b7ac000 	C:\WINDOWS\System32\windows.storage.dll
0x00007ffc8a670000 - 0x00007ffc8a68e000 	C:\WINDOWS\System32\profapi.dll
0x00007ffc8a620000 - 0x00007ffc8a66a000 	C:\WINDOWS\System32\powrprof.dll
0x00007ffc8a5f0000 - 0x00007ffc8a600000 	C:\WINDOWS\System32\UMPDC.dll
0x00007ffc8a690000 - 0x00007ffc8a6a1000 	C:\WINDOWS\System32\kernel.appcore.dll
0x00007ffc09d40000 - 0x00007ffc09d57000 	E:\Continuum\anaconda3\DLLs\_sqlite3.pyd
0x00007ffc09be0000 - 0x00007ffc09d3d000 	E:\Continuum\anaconda3\Library\bin\sqlite3.dll
0x00007ffc42ee0000 - 0x00007ffc42ef5000 	E:\Continuum\anaconda3\DLLs\_socket.pyd
0x00007ffc42ed0000 - 0x00007ffc42ed9000 	E:\Continuum\anaconda3\DLLs\select.pyd
0x00007ffc0c450000 - 0x00007ffc0c46f000 	E:\Continuum\anaconda3\DLLs\_ssl.pyd
0x00007ffc8a9e0000 - 0x00007ffc8ab2a000 	C:\WINDOWS\System32\CRYPT32.dll
0x00007ffc8a600000 - 0x00007ffc8a612000 	C:\WINDOWS\System32\MSASN1.dll
0x00007ffc0c3a0000 - 0x00007ffc0c44c000 	E:\Continuum\anaconda3\Library\bin\libssl-1_1-x64.dll
0x00007ffc0c350000 - 0x00007ffc0c362000 	E:\Continuum\anaconda3\DLLs\_asyncio.pyd
0x00007ffc0c340000 - 0x00007ffc0c34d000 	E:\Continuum\anaconda3\DLLs\_overlapped.pyd
0x00007ffc89dd0000 - 0x00007ffc89e37000 	C:\WINDOWS\system32\mswsock.dll
0x00007ffc42ec0000 - 0x00007ffc42ec9000 	E:\Continuum\anaconda3\DLLs\_queue.pyd
0x00007ffc158c0000 - 0x00007ffc159c9000 	E:\Continuum\anaconda3\DLLs\unicodedata.pyd
0x00007ffc85420000 - 0x00007ffc85433000 	E:\Continuum\anaconda3\DLLs\_tkinter.pyd
0x00007ffc5f6f0000 - 0x00007ffc5f857000 	E:\Continuum\anaconda3\DLLs\tk86t.dll
0x00007ffc61e90000 - 0x00007ffc62034000 	E:\Continuum\anaconda3\DLLs\tcl86t.dll
0x00007ffc8bce0000 - 0x00007ffc8bdb0000 	C:\WINDOWS\System32\COMDLG32.dll
0x00007ffc81ad0000 - 0x00007ffc81ae9000 	C:\WINDOWS\SYSTEM32\NETAPI32.dll
0x00007ffc8a510000 - 0x00007ffc8a535000 	C:\WINDOWS\SYSTEM32\USERENV.dll
0x00007ffc7df20000 - 0x00007ffc7e1a4000 	C:\WINDOWS\WinSxS\amd64_microsoft.windows.common-controls_6595b64144ccf1df_6.0.18362.2037_none_9e7c226de460245a\COMCTL32.dll
0x00007ffc89c00000 - 0x00007ffc89c43000 	C:\WINDOWS\SYSTEM32\LOGONCLI.DLL
0x00007ffc80b70000 - 0x00007ffc80b88000 	C:\WINDOWS\SYSTEM32\SAMCLI.DLL
0x00007ffc89bf0000 - 0x00007ffc89bfc000 	C:\WINDOWS\SYSTEM32\NETUTILS.DLL
0x00007ffc42be0000 - 0x00007ffc42eb6000 	E:\Continuum\anaconda3\lib\site-packages\numpy\core\_multiarray_umath.cp37-win_amd64.pyd
0x00007ffc41b60000 - 0x00007ffc42bd6000 	E:\Continuum\anaconda3\Library\bin\libcblas.dll
0x00007ffc41b40000 - 0x00007ffc41b5f000 	E:\Continuum\anaconda3\lib\site-packages\numpy\core\_multiarray_tests.cp37-win_amd64.pyd
0x00007ffc83320000 - 0x00007ffc83329000 	E:\Continuum\anaconda3\lib\site-packages\numpy\linalg\lapack_lite.cp37-win_amd64.pyd
0x00007ffc40ac0000 - 0x00007ffc41b36000 	E:\Continuum\anaconda3\Library\bin\liblapack.dll
0x00007ffc5e760000 - 0x00007ffc5e78a000 	E:\Continuum\anaconda3\lib\site-packages\numpy\linalg\_umath_linalg.cp37-win_amd64.pyd
0x00007ffc3fa40000 - 0x00007ffc40ab6000 	E:\Continuum\anaconda3\Library\bin\libblas.dll
0x00007ffc6ba80000 - 0x00007ffc6baa0000 	E:\Continuum\anaconda3\lib\site-packages\numpy\fft\_pocketfft_internal.cp37-win_amd64.pyd
0x00007ffc3f9b0000 - 0x00007ffc3fa3f000 	E:\Continuum\anaconda3\lib\site-packages\numpy\random\mtrand.cp37-win_amd64.pyd
0x00007ffc5e730000 - 0x00007ffc5e75a000 	E:\Continuum\anaconda3\lib\site-packages\numpy\random\bit_generator.cp37-win_amd64.pyd
0x00007ffc5e6f0000 - 0x00007ffc5e721000 	E:\Continuum\anaconda3\lib\site-packages\numpy\random\_common.cp37-win_amd64.pyd
0x00007ffc3f970000 - 0x00007ffc3f9b0000 	E:\Continuum\anaconda3\lib\site-packages\numpy\random\_bounded_integers.cp37-win_amd64.pyd
0x00007ffc3f950000 - 0x00007ffc3f968000 	E:\Continuum\anaconda3\lib\site-packages\numpy\random\_mt19937.cp37-win_amd64.pyd
0x00007ffc3f930000 - 0x00007ffc3f947000 	E:\Continuum\anaconda3\lib\site-packages\numpy\random\_philox.cp37-win_amd64.pyd
0x00007ffc3f910000 - 0x00007ffc3f925000 	E:\Continuum\anaconda3\lib\site-packages\numpy\random\_pcg64.cp37-win_amd64.pyd
0x00007ffc3f8f0000 - 0x00007ffc3f902000 	E:\Continuum\anaconda3\lib\site-packages\numpy\random\_sfc64.cp37-win_amd64.pyd
0x00007ffc3f840000 - 0x00007ffc3f8e8000 	E:\Continuum\anaconda3\lib\site-packages\numpy\random\_generator.cp37-win_amd64.pyd
0x00007ffc3c750000 - 0x00007ffc3f832000 	E:\Continuum\anaconda3\Library\bin\mkl_intel_thread.dll
0x00007ffc37cf0000 - 0x00007ffc3c74e000 	E:\Continuum\anaconda3\Library\bin\mkl_core.dll
0x00007ffc16a40000 - 0x00007ffc19260000 	E:\Continuum\anaconda3\Library\bin\mkl_avx2.dll
0x00007ffc15bd0000 - 0x00007ffc16a3d000 	E:\Continuum\anaconda3\Library\bin\mkl_vml_avx2.dll
0x00007ffc37be0000 - 0x00007ffc37cee000 	E:\Continuum\anaconda3\lib\site-packages\pandas\_libs\interval.cp37-win_amd64.pyd
0x00007ffc37ae0000 - 0x00007ffc37bd8000 	E:\Continuum\anaconda3\lib\site-packages\pandas\_libs\hashtable.cp37-win_amd64.pyd
0x00007ffc64870000 - 0x00007ffc6489b000 	E:\Continuum\anaconda3\lib\site-packages\pandas\_libs\missing.cp37-win_amd64.pyd
0x00007ffc6cf20000 - 0x00007ffc6cf3d000 	E:\Continuum\anaconda3\lib\site-packages\pandas\_libs\tslibs\dtypes.cp37-win_amd64.pyd
0x00007ffc64830000 - 0x00007ffc6486c000 	E:\Continuum\anaconda3\lib\site-packages\pandas\_libs\tslibs\conversion.cp37-win_amd64.pyd
0x00007ffc6b020000 - 0x00007ffc6b02f000 	E:\Continuum\anaconda3\lib\site-packages\pandas\_libs\tslibs\base.cp37-win_amd64.pyd
0x00007ffc64800000 - 0x00007ffc64830000 	E:\Continuum\anaconda3\lib\site-packages\pandas\_libs\tslibs\nattype.cp37-win_amd64.pyd
0x00007ffc6b010000 - 0x00007ffc6b01f000 	E:\Continuum\anaconda3\lib\site-packages\pandas\_libs\tslibs\np_datetime.cp37-win_amd64.pyd
0x00007ffc5c730000 - 0x00007ffc5c765000 	E:\Continuum\anaconda3\lib\site-packages\pandas\_libs\tslibs\timezones.cp37-win_amd64.pyd
0x00007ffc5c6f0000 - 0x00007ffc5c72b000 	E:\Continuum\anaconda3\lib\site-packages\pandas\_libs\tslibs\tzconversion.cp37-win_amd64.pyd
0x00007ffc5c6d0000 - 0x00007ffc5c6e2000 	E:\Continuum\anaconda3\lib\site-packages\pandas\_libs\tslibs\ccalendar.cp37-win_amd64.pyd
0x00007ffc37a80000 - 0x00007ffc37ad1000 	E:\Continuum\anaconda3\lib\site-packages\pandas\_libs\tslibs\parsing.cp37-win_amd64.pyd
0x00007ffc379b0000 - 0x00007ffc37a76000 	E:\Continuum\anaconda3\lib\site-packages\pandas\_libs\tslibs\offsets.cp37-win_amd64.pyd
0x00007ffc1e870000 - 0x00007ffc1e8cd000 	E:\Continuum\anaconda3\lib\site-packages\pandas\_libs\tslibs\timedeltas.cp37-win_amd64.pyd
0x00007ffc1e410000 - 0x00007ffc1e470000 	E:\Continuum\anaconda3\lib\site-packages\pandas\_libs\tslibs\timestamps.cp37-win_amd64.pyd
0x00007ffc1e3d0000 - 0x00007ffc1e40c000 	E:\Continuum\anaconda3\lib\site-packages\pandas\_libs\tslibs\fields.cp37-win_amd64.pyd
0x00007ffc1c7e0000 - 0x00007ffc1c82d000 	E:\Continuum\anaconda3\lib\site-packages\pandas\_libs\tslibs\strptime.cp37-win_amd64.pyd
0x00007ffc1dbc0000 - 0x00007ffc1dbd3000 	E:\Continuum\anaconda3\lib\site-packages\pandas\_libs\properties.cp37-win_amd64.pyd
0x00007ffc1c790000 - 0x00007ffc1c7db000 	E:\Continuum\anaconda3\DLLs\_decimal.pyd
0x00007ffc1c730000 - 0x00007ffc1c78b000 	E:\Continuum\anaconda3\lib\site-packages\pandas\_libs\tslibs\period.cp37-win_amd64.pyd
0x00007ffc1aa40000 - 0x00007ffc1aa74000 	E:\Continuum\anaconda3\lib\site-packages\pandas\_libs\tslibs\vectorized.cp37-win_amd64.pyd
0x00007ffc1dba0000 - 0x00007ffc1dbb2000 	E:\Continuum\anaconda3\lib\site-packages\pandas\_libs\ops_dispatch.cp37-win_amd64.pyd
0x00007ffc15a90000 - 0x00007ffc15bc4000 	E:\Continuum\anaconda3\lib\site-packages\pandas\_libs\algos.cp37-win_amd64.pyd
0x00007ffc15a10000 - 0x00007ffc15a81000 	E:\Continuum\anaconda3\lib\site-packages\pandas\_libs\lib.cp37-win_amd64.pyd
0x00007ffc1aa10000 - 0x00007ffc1aa36000 	E:\Continuum\anaconda3\lib\site-packages\pandas\_libs\tslib.cp37-win_amd64.pyd
0x00007ffc1a9e0000 - 0x00007ffc1aa0b000 	E:\Continuum\anaconda3\lib\site-packages\pandas\_libs\hashing.cp37-win_amd64.pyd
0x00007ffc159d0000 - 0x00007ffc15a02000 	E:\Continuum\anaconda3\lib\site-packages\pandas\_libs\ops.cp37-win_amd64.pyd
0x00007ffc15840000 - 0x00007ffc158b4000 	E:\Continuum\anaconda3\lib\site-packages\pandas\_libs\index.cp37-win_amd64.pyd
0x00007ffc15660000 - 0x00007ffc15832000 	E:\Continuum\anaconda3\lib\site-packages\pandas\_libs\join.cp37-win_amd64.pyd
0x00007ffc15590000 - 0x00007ffc15656000 	E:\Continuum\anaconda3\lib\site-packages\pandas\_libs\sparse.cp37-win_amd64.pyd
0x00007ffc15540000 - 0x00007ffc15583000 	E:\Continuum\anaconda3\lib\site-packages\pandas\_libs\reduction.cp37-win_amd64.pyd
0x00007ffc379a0000 - 0x00007ffc379b0000 	E:\Continuum\anaconda3\lib\site-packages\pandas\_libs\indexing.cp37-win_amd64.pyd
0x00007ffc15500000 - 0x00007ffc15538000 	E:\Continuum\anaconda3\lib\site-packages\pandas\_libs\internals.cp37-win_amd64.pyd
0x00007ffc154c0000 - 0x00007ffc154f1000 	E:\Continuum\anaconda3\lib\site-packages\pandas\_libs\writers.cp37-win_amd64.pyd
0x00007ffc15470000 - 0x00007ffc154b9000 	E:\Continuum\anaconda3\lib\site-packages\pandas\_libs\window\aggregations.cp37-win_amd64.pyd
0x00007ffc82480000 - 0x00007ffc8251b000 	E:\Continuum\anaconda3\lib\site-packages\pandas\_libs\window\MSVCP140.dll
0x00007ffc1a4e0000 - 0x00007ffc1a509000 	E:\Continuum\anaconda3\lib\site-packages\pandas\_libs\window\indexers.cp37-win_amd64.pyd
0x00007ffc153d0000 - 0x00007ffc1540c000 	E:\Continuum\anaconda3\lib\site-packages\pandas\_libs\reshape.cp37-win_amd64.pyd
0x00007ffc152f0000 - 0x00007ffc153cf000 	E:\Continuum\anaconda3\lib\site-packages\pandas\_libs\groupby.cp37-win_amd64.pyd
0x00007ffc15280000 - 0x00007ffc152e6000 	E:\Continuum\anaconda3\lib\site-packages\pandas\_libs\parsers.cp37-win_amd64.pyd
0x00007ffc15450000 - 0x00007ffc15465000 	E:\Continuum\anaconda3\lib\site-packages\pandas\_libs\json.cp37-win_amd64.pyd
0x00007ffc15430000 - 0x00007ffc15446000 	E:\Continuum\anaconda3\lib\site-packages\pandas\_libs\testing.cp37-win_amd64.pyd

dbghelp: loaded successfully - version: 4.0.5 - missing functions: none
symbol engine: initialized successfully - sym options: 0x614 - pdb path: .;E:\Continuum\anaconda3;C:\WINDOWS\SYSTEM32;E:\Continuum\anaconda3\DLLs;E:\Continuum\anaconda3\Library\bin;C:\WINDOWS\WinSxS\amd64_microsoft.windows.common-controls_6595b64144ccf1df_6.0.18362.2037_none_9e7c226de460245a;E:\Continuum\anaconda3\lib\site-packages\numpy\core;E:\Continuum\anaconda3\lib\site-packages\numpy\linalg;E:\Continuum\anaconda3\lib\site-packages\numpy\fft;E:\Continuum\anaconda3\lib\site-packages\numpy\random;E:\Continuum\anaconda3\lib\site-packages\pandas\_libs;E:\Continuum\anaconda3\lib\site-packages\pandas\_libs\tslibs;E:\Continuum\anaconda3\lib\site-packages\pandas\_libs\window;E:\Continuum\anaconda3\lib\site-packages\zmq;E:\Continuum\anaconda3\lib\site-packages\zmq\backend\cython;E:\Continuum\anaconda3\lib\site-packages\tornado;E:\Continuum\anaconda3\lib\site-packages\matplotlib;E:\Continuum\anaconda3\lib\site-packages\PIL;E:\Continuum\anaconda3\lib\site-packages;E:\Continuum\anaconda3\lib\site-packages\win32;E:\Continuum\anaconda3\lib\site-packages\matplotlib\backends;E:\Continuum\anaconda3\lib\site-packages\PyQt5;E:\Continuum\anaconda3\lib\site-packages\lxml;C:\Program Files\COMSOL\COMSOL60\Multiphysics\java\win64\jre\bin\server;C:\Program Files\COMSOL\COMSOL60\Multiphysics\java\win64\jre\bin;C:\Program Files\COMSOL\COMSOL60\Multiphysics\lib\win64;C:\Program Files\COMSOL\COMSOL60\Multiphysics\bin\win64;C:\Program Files\COMSOL\COMSOL60\Multiphysics\ext\graphicsmagick\win64;C:\Program Files\COMSOL\COMSOL60\Multiphysics\ext\sqlite\win64

VM Arguments:
java_command: <unknown>
java_class_path (initial): C:\Program Files\COMSOL\COMSOL60\Multiphysics\plugins\aopalliance-repackaged-2.6.1.jar;C:\Program Files\COMSOL\COMSOL60\Multiphysics\plugins\com.comsol.acdc_1.0.0.jar;C:\Program Files\COMSOL\COMSOL60\Multiphysics\plugins\com.comsol.aco_1.0.0.jar;C:\Program Files\COMSOL\COMSOL60\Multiphysics\plugins\com.comsol.api_1.0.0.jar;C:\Program Files\COMSOL\COMSOL60\Multiphysics\plugins\com.comsol.applapi_1.0.0.jar;C:\Program Files\COMSOL\COMSOL60\Multiphysics\plugins\com.comsol.application_1.0.0.jar;C:\Program Files\COMSOL\COMSOL60\Multiphysics\plugins\com.comsol.archiveutil_1.0.0.jar;C:\Program Files\COMSOL\COMSOL60\Multiphysics\plugins\com.comsol.batch_1.0.0.jar;C:\Program Files\COMSOL\COMSOL60\Multiphysics\plugins\com.comsol.bfc_1.0.0.jar;C:\Program Files\COMSOL\COMSOL60\Multiphysics\plugins\com.comsol.bridge_1.0.0.jar;C:\Program Files\COMSOL\COMSOL60\Multiphysics\plugins\com.comsol.cfd_1.0.0.jar;C:\Program Files\COMSOL\COMSOL60\Multiphysics\plugins\com.comsol.chem_1.0.0.jar;C:\Program Files\COMSOL\COMSOL60\Multiphysics\plugins\com.comsol.clientapi_1.0.0.jar;C:\Program Files\COMSOL\COMSOL60\Multiphysics\plugins\com.comsol.client_1.0.0.jar;C:\Program Files\COMSOL\COMSOL60\Multiphysics\plugins\com.comsol.communication_1.0.0.jar;C:\Program Files\COMSOL\COMSOL60\Multiphysics\plugins\com.comsol.compatemf_1.0.0.jar;C:\Program Files\COMSOL\COMSOL60\Multiphysics\plugins\com.comsol.core_1.0.0.jar;C:\Program Files\COMSOL\COMSOL60\Multiphysics\plugins\com.comsol.dbbridge.common_1.0.0.jar;C:\Program Files\COMSOL\COMSOL60\Multiphysics\plugins\com.comsol.dbbridge_1.0.0.jar;C:\Program Files\COMSOL\COMSOL60\Multiphysics\plugins\com.comsol.dbcommon_1.0.0.jar;C:\Program Files\COMSOL\COMSOL60\Multiphysics\plugins\com.comsol.dbcore_1.0.0.jar;C:\Program Files\COMSOL\COMSOL60\Multiphysics\plugins\com.comsol.dbext.solr_1.0.0.jar;C:\Program Files\COMSOL\COMSOL60\Multiphysics\plugins\com.comsol.dbext.sqlite_1.0.0.jar;C:\Program Files\COMSOL\COMSOL60\Multiphysics\plugin
Launcher Type: generic

[Global flags]
     intx CICompilerCount                          = 12                                        {product} {ergonomic}
     uint ConcGCThreads                            = 3                                         {product} {ergonomic}
     uint G1ConcRefinementThreads                  = 13                                        {product} {ergonomic}
   size_t G1HeapRegionSize                         = 4194304                                   {product} {ergonomic}
    uintx GCDrainStackTargetSize                   = 64                                        {product} {ergonomic}
   size_t InitialHeapSize                          = 1073741824                                {product} {ergonomic}
   size_t MarkStackSize                            = 4194304                                   {product} {ergonomic}
   size_t MaxHeapSize                              = 17163091968                               {product} {ergonomic}
   size_t MaxNewSize                               = 10297016320                               {product} {ergonomic}
   size_t MinHeapDeltaBytes                        = 4194304                                   {product} {ergonomic}
    uintx NonNMethodCodeHeapSize                   = 7594288                                {pd product} {ergonomic}
    uintx NonProfiledCodeHeapSize                  = 122031976                              {pd product} {ergonomic}
    uintx ProfiledCodeHeapSize                     = 122031976                              {pd product} {ergonomic}
    uintx ReservedCodeCacheSize                    = 251658240                              {pd product} {ergonomic}
     bool SegmentedCodeCache                       = true                                      {product} {ergonomic}
     bool UseCompressedClassPointers               = true                                 {lp64_product} {ergonomic}
     bool UseCompressedOops                        = true                                 {lp64_product} {ergonomic}
     bool UseG1GC                                  = true                                      {product} {ergonomic}
     bool UseLargePagesIndividualAllocation        = false                                  {pd product} {ergonomic}

Logging:
Log output configuration:
 #0: stdout all=warning uptime,level,tags
 #1: stderr all=off uptime,level,tags

Environment Variables:
PATH=C:\Program Files\COMSOL\COMSOL60\Multiphysics\java\win64\jre\bin;E:\Continuum\anaconda3;E:\Continuum\anaconda3\Library\mingw-w64\bin;E:\Continuum\anaconda3\Library\usr\bin;E:\Continuum\anaconda3\Library\bin;E:\Continuum\anaconda3\Scripts;C:\Program Files (x86)\IntelSWTools\compilers_and_libraries_2019.3.203\windows\mpi\intel64\bin;C:\Program Files (x86)\Intel\iCLS Client\;C:\Program Files\Intel\iCLS Client\;C:\Program Files (x86)\Common Files\Oracle\Java\javapath;C:\WINDOWS\system32;C:\WINDOWS;C:\WINDOWS\System32\Wbem;C:\WINDOWS\System32\WindowsPowerShell\v1.0\;C:\WINDOWS\System32\OpenSSH\;C:\Program Files (x86)\Intel\Intel(R) Management Engine Components\DAL;C:\Program Files\Intel\Intel(R) Management Engine Components\DAL;C:\Program Files (x86)\Intel\Intel(R) Management Engine Components\IPT;C:\Program Files\Intel\Intel(R) Management Engine Components\IPT;C:\Oracle\instantclient_12_1;C:\Oracle\instantclient_12_1\x64;C:\Program Files\MATLAB\R2021a\bin;C:\Program Files\MATLAB\R2020b\bin;C:\Program Files\MATLAB\R2018b\bin;C:\Program Files\Git\cmd;E:\mingw64\bin;C:\Program Files\OGS-5\bin;C:\Program Files\dotnet\;C:\Users\kkorhone\AppData\Local\Microsoft\WindowsApps;C:\Users\kkorhone\AppData\Local\atom\bin;C:\TDM-GCC-64\bin;C:\Users\kkorhone\AppData\Local\Microsoft\WindowsApps;C:\Users\kkorhone\AppData\Local\Programs\Microsoft VS Code\bin;C:\Users\kkorhone\AppData\Local\Programs\MiKTeX\miktex\bin\x64\;C:\Users\kkorhone\AppData\Local\GitHubDesktop\bin;E:\Continuum\anaconda3\lib\site-packages\scipy\.libs
USERNAME=kkorhone
LANG=en
OS=Windows_NT
PROCESSOR_IDENTIFIER=Intel64 Family 6 Model 63 Stepping 2, GenuineIntel



---------------  S Y S T E M  ---------------

OS: Windows 10 , 64 bit Build 18362 (10.0.18362.2037)
OS uptime: 7 days 23:37 hours

CPU:total 16 (initial active 16) (8 cores per cpu, 2 threads per core) family 6 model 63 stepping 2 microcode 0x43, cmov, cx8, fxsr, mmx, sse, sse2, sse3, ssse3, sse4.1, sse4.2, popcnt, avx, avx2, aes, clmul, erms, lzcnt, ht, tsc, tscinvbit, bmi1, bmi2, fma

Memory: 4k page, system-wide physical 65458M (54768M free)
TotalPageFile size 175068M (AvailPageFile size 156072M)
current process WorkingSet (physical memory assigned to process): 1006M, peak: 1246M
current process commit charge ("private bytes"): 1060M, peak: 1355M

vm_info: OpenJDK 64-Bit Server VM (11.0.13+8) for windows-amd64 JRE (11.0.13+8), built on Oct 19 2021 17:05:59 by "" with unknown MS VC++:1916

END.
