#
# A fatal error has been detected by the Java Runtime Environment:
#
#  EXCEPTION_UNCAUGHT_CXX_EXCEPTION (0xe06d7363) at pc=0x00007ffdd1463fa9, pid=3216, tid=14008
#
# JRE version: OpenJDK Runtime Environment Temurin-11.0.13+8 (11.0.13+8) (build 11.0.13+8)
# Java VM: OpenJDK 64-Bit Server VM Temurin-11.0.13+8 (11.0.13+8, mixed mode, tiered, compressed oops, g1 gc, windows-amd64)
# Problematic frame:
# C  [KERNELBASE.dll+0x43fa9]
#
# No core dump will be written. Minidumps are not enabled by default on client versions of Windows
#
# If you would like to submit a bug report, please visit:
#   https://github.com/adoptium/adoptium-support/issues
# The crash happened outside the Java Virtual Machine in native code.
# See problematic frame for where to report the bug.
#

---------------  S U M M A R Y ------------

Command Line: 

Host: Intel(R) Xeon(R) CPU E5-1660 v3 @ 3.00GHz, 16 cores, 63G,  Windows 10 , 64 bit Build 18362 (10.0.18362.1916)
Time: Sun Jan 23 00:31:42 2022 FLE Standard Time elapsed time: 100.197440 seconds (0d 0h 1m 40s)

---------------  T H R E A D  ---------------

Current thread (0x0000016390b84000):  JavaThread "main" [_thread_in_native, id=14008, stack(0x00000055c8a00000,0x00000055c8bf0000)]

Stack: [0x00000055c8a00000,0x00000055c8bf0000],  sp=0x00000055c8be80f0,  free space=1952k
Native frames: (J=compiled Java code, j=interpreted, Vv=VM code, C=native code)
C  [KERNELBASE.dll+0x43fa9]
C  [VCRUNTIME140.dll+0x6220]
C  0x00007ffdc32349c7
C  0x00007ffdc323d8b8
C  0x00007ffdc3232535
C  0x000001639819f777

Java frames: (J=compiled Java code, j=interpreted, Vv=VM code)
j  org.jpype.manager.TypeFactoryNative.newWrapper(JJ)V+0
j  org.jpype.JPypeContext.newWrapper(J)V+16
v  ~StubRoutines::call_stub
j  org.jpype.manager.TypeFactoryNative.newWrapper(JJ)V+0
j  org.jpype.JPypeContext.newWrapper(J)V+16
v  ~StubRoutines::call_stub

siginfo: EXCEPTION_UNCAUGHT_CXX_EXCEPTION (0xe06d7363), ExceptionInformation=0x0000000019930520 0x00000055c8be82b0 0x00007ffdc327de18 0x00007ffdc3200000 


Register to memory mapping:

RIP=0x00007ffdd1463fa9 KERNELBASE.dll
RAX=0x00000055c8be79b8 is pointing into the stack for thread: 0x0000016390b84000
RBX=0x00007ffdc327de18 points into unknown readable memory: 0x0001fda000000000 | 00 00 00 00 a0 fd 01 00
RCX=0x0 is NULL
RDX=0x00000055c8be7a60 is pointing into the stack for thread: 0x0000016390b84000
RSP=0x00000055c8be80f0 is pointing into the stack for thread: 0x0000016390b84000
RBP=0x00000055c8be83a9 is pointing into the stack for thread: 0x0000016390b84000
RSI=0x00000055c8be82b0 is pointing into the stack for thread: 0x0000016390b84000
RDI=0x0000000019930520 is an unknown value
R8 =0x00000055c8be7a20 is pointing into the stack for thread: 0x0000016390b84000
R9 =0x00000055c8be7ab0 is pointing into the stack for thread: 0x0000016390b84000
R10=0x000001639819a56c is at code_begin+2412 in an Interpreter codelet
invoke return entry points  [0x0000016398199c00, 0x000001639819a600]  2560 bytes
R11=0x0 is NULL
R12=0x00000055c8be8438 is pointing into the stack for thread: 0x0000016390b84000
R13=0x00000163dd5da610 points into unknown readable memory: 0x00007ffdc3263130 | 30 31 26 c3 fd 7f 00 00
R14=0x00000163d7206bd8 points into unknown readable memory: 0x0000000000000003 | 03 00 00 00 00 00 00 00
R15=0x0 is NULL


Registers:
RAX=0x00000055c8be79b8, RBX=0x00007ffdc327de18, RCX=0x0000000000000000, RDX=0x00000055c8be7a60
RSP=0x00000055c8be80f0, RBP=0x00000055c8be83a9, RSI=0x00000055c8be82b0, RDI=0x0000000019930520
R8 =0x00000055c8be7a20, R9 =0x00000055c8be7ab0, R10=0x000001639819a56c, R11=0x0000000000000000
R12=0x00000055c8be8438, R13=0x00000163dd5da610, R14=0x00000163d7206bd8, R15=0x0000000000000000
RIP=0x00007ffdd1463fa9, EFLAGS=0x0000000000000202

Top of Stack: (sp=0x00000055c8be80f0)
0x00000055c8be80f0:   0000000000000040 00007ffdc327de18
0x00000055c8be8100:   00000055c8be82b0 0000000000000001
0x00000055c8be8110:   00000001e06d7363 0000000000000000
0x00000055c8be8120:   00007ffdd1463fa9 0000005500000004
0x00000055c8be8130:   0000000019930520 00000055c8be82b0
0x00000055c8be8140:   00007ffdc327de18 00007ffdc3200000
0x00000055c8be8150:   00000163dd5da610 00000055c8be8438
0x00000055c8be8160:   00000055c8be82b0 00000055c8be83a9
0x00000055c8be8170:   00000055c8be81f0 00007ffdd381f41f
0x00000055c8be8180:   0000000019930520 00007ffd00000000
0x00000055c8be8190:   0000000000000000 00007ffdc3209174
0x00000055c8be81a0:   00007ffdc3285000 00007ffdc3200000
0x00000055c8be81b0:   0000351343e4a3b9 00007ffd9b612119
0x00000055c8be81c0:   00007ffdc327de18 00007ffd9bcb6220
0x00000055c8be81d0:   00000055c8be8270 00000055c8be83a9
0x00000055c8be81e0:   00000055c8be8358 00007ffdc321fd43 

Instructions: (pc=0x00007ffdd1463fa9)
0x00007ffdd1463ea9:   fe ff ff 4c 8d 05 25 da 1f 00 33 d2 8d 4a 02 e8
0x00007ffdd1463eb9:   c3 32 01 00 48 8b f8 48 89 44 24 58 e9 ef fd ff
0x00007ffdd1463ec9:   ff 45 33 c0 49 8b d7 48 83 c9 ff e8 b7 67 02 00
0x00007ffdd1463ed9:   e9 09 ff ff ff 48 8b 0d 53 98 22 00 e8 06 f2 ff
0x00007ffdd1463ee9:   ff 48 8b cf e8 ae 9f fe ff e9 f9 fe ff ff 49 8b
0x00007ffdd1463ef9:   ce e8 a1 9f fe ff e9 f5 fe ff ff 48 8b ce e8 94
0x00007ffdd1463f09:   9f fe ff e9 f1 fe ff ff cc cc cc cc cc cc cc cc
0x00007ffdd1463f19:   cc cc cc cc cc cc cc 65 48 8b 04 25 30 00 00 00
0x00007ffdd1463f29:   8b 40 68 c3 cc cc cc cc cc cc cc cc cc cc cc cc
0x00007ffdd1463f39:   cc cc cc cc cc cc cc 48 81 ec d8 00 00 00 48 8b
0x00007ffdd1463f49:   05 e2 6e 22 00 48 33 c4 48 89 84 24 c0 00 00 00
0x00007ffdd1463f59:   48 83 64 24 28 00 48 8d 05 da ff ff ff 83 e2 01
0x00007ffdd1463f69:   89 4c 24 20 89 54 24 24 48 89 44 24 30 4d 85 c9
0x00007ffdd1463f79:   74 4b b8 0f 00 00 00 48 8d 4c 24 40 44 3b c0 49
0x00007ffdd1463f89:   8b d1 44 0f 47 c0 44 89 44 24 38 49 c1 e0 03 e8
0x00007ffdd1463f99:   4a d6 04 00 48 8d 4c 24 20 48 ff 15 4f 42 16 00
0x00007ffdd1463fa9:   0f 1f 44 00 00 48 8b 8c 24 c0 00 00 00 48 33 cc
0x00007ffdd1463fb9:   e8 62 63 04 00 48 81 c4 d8 00 00 00 c3 83 64 24
0x00007ffdd1463fc9:   38 00 eb d0 cc cc cc cc cc cc cc 48 89 5c 24 08
0x00007ffdd1463fd9:   48 89 74 24 10 57 48 83 ec 20 8b da 48 8b f9 e8
0x00007ffdd1463fe9:   43 d3 ff ff 33 f6 85 c0 0f 84 15 2b 06 00 85 db
0x00007ffdd1463ff9:   0f 84 0d 2b 06 00 44 8d 4e 02 ba 09 10 00 20 4c
0x00007ffdd1464009:   8d 44 24 40 48 8b cf e8 cb b1 ff ff 85 c0 0f 84
0x00007ffdd1464019:   ef 2a 06 00 39 5c 24 40 0f 85 e5 2a 06 00 0f b7
0x00007ffdd1464029:   c3 48 8b 5c 24 30 48 8b 74 24 38 48 83 c4 20 5f
0x00007ffdd1464039:   c3 cc cc cc cc cc cc 48 89 5c 24 08 48 89 74 24
0x00007ffdd1464049:   10 57 48 83 ec 40 48 8b c2 48 8b f1 48 8b c8 33
0x00007ffdd1464059:   d2 49 8b d9 41 8b f8 e8 cb 69 ff ff 48 8b d0 48
0x00007ffdd1464069:   85 db 0f 85 cf 2a 06 00 48 8b 44 24 78 44 8b c7
0x00007ffdd1464079:   44 8b 4c 24 70 48 8b ce 48 89 44 24 38 8d 43 01
0x00007ffdd1464089:   89 44 24 30 89 44 24 28 89 44 24 20 e8 16 00 00
0x00007ffdd1464099:   00 48 8b 5c 24 50 48 8b 74 24 58 48 83 c4 40 5f 


Stack slot to memory mapping:
stack at sp + 0 slots: 64 is a compressed pointer to class: 0x0000000800000040
stack at sp + 1 slots: 0x00007ffdc327de18 points into unknown readable memory: 0x0001fda000000000 | 00 00 00 00 a0 fd 01 00
stack at sp + 2 slots: 0x00000055c8be82b0 is pointing into the stack for thread: 0x0000016390b84000
stack at sp + 3 slots: 0x0000000000000001 is an unknown value
stack at sp + 4 slots: 0x00000001e06d7363 is an unknown value
stack at sp + 5 slots: 0x0 is NULL
stack at sp + 6 slots: 0x00007ffdd1463fa9 KERNELBASE.dll
stack at sp + 7 slots: 0x0000005500000004 is an unknown value


---------------  P R O C E S S  ---------------

Threads class SMR info:
_java_thread_list=0x00000163dd266f50, length=19, elements={
0x0000016390b84000, 0x0000016395402800, 0x0000016395407800, 0x000001639540a000,
0x0000016395416800, 0x0000016395417800, 0x000001638ef56000, 0x000001638ef58000,
0x000001639544c000, 0x000001639577e800, 0x0000016391303800, 0x000001638efd5800,
0x000001638efd8800, 0x000001638efd4800, 0x000001638efd7000, 0x00000163dab47800,
0x00000163dab4c800, 0x00000163dab4d800, 0x0000016395587800
}

Java Threads: ( => current thread )
=>0x0000016390b84000 JavaThread "main" [_thread_in_native, id=14008, stack(0x00000055c8a00000,0x00000055c8bf0000)]
  0x0000016395402800 JavaThread "Reference Handler" daemon [_thread_blocked, id=800, stack(0x00000055cc100000,0x00000055cc2f0000)]
  0x0000016395407800 JavaThread "Finalizer" daemon [_thread_blocked, id=9396, stack(0x00000055cc2f0000,0x00000055cc4e0000)]
  0x000001639540a000 JavaThread "Signal Dispatcher" daemon [_thread_blocked, id=17232, stack(0x00000055cc4e0000,0x00000055cc6d0000)]
  0x0000016395416800 JavaThread "Attach Listener" daemon [_thread_blocked, id=11136, stack(0x00000055cc6d0000,0x00000055cc8c0000)]
  0x0000016395417800 JavaThread "Service Thread" daemon [_thread_blocked, id=10060, stack(0x00000055cc8c0000,0x00000055ccab0000)]
  0x000001638ef56000 JavaThread "C2 CompilerThread0" daemon [_thread_blocked, id=4440, stack(0x00000055ccab0000,0x00000055ccca0000)]
  0x000001638ef58000 JavaThread "C1 CompilerThread0" daemon [_thread_blocked, id=17008, stack(0x00000055ccca0000,0x00000055cce90000)]
  0x000001639544c000 JavaThread "Sweeper thread" daemon [_thread_blocked, id=5196, stack(0x00000055cce90000,0x00000055cd080000)]
  0x000001639577e800 JavaThread "Common-Cleaner" daemon [_thread_blocked, id=11232, stack(0x00000055cd460000,0x00000055cd650000)]
  0x0000016391303800 JavaThread "Python Reference Queue" daemon [_thread_blocked, id=2608, stack(0x00000055cda30000,0x00000055cdc20000)]
  0x000001638efd5800 JavaThread "Thread-2" daemon [_thread_blocked, id=13820, stack(0x00000055c8bf0000,0x00000055c8de0000)]
  0x000001638efd8800 JavaThread "EMF Reference Cleaner" daemon [_thread_blocked, id=10180, stack(0x00000055c8fd0000,0x00000055c91c0000)]
  0x000001638efd4800 JavaThread "pool-2-thread-1" [_thread_blocked, id=16708, stack(0x00000055d2520000,0x00000055d2710000)]
  0x000001638efd7000 JavaThread "pool-3-thread-1" [_thread_blocked, id=1412, stack(0x00000055d2710000,0x00000055d2900000)]
  0x00000163dab47800 JavaThread "pool-4-thread-1" [_thread_blocked, id=11976, stack(0x00000055d2900000,0x00000055d2af0000)]
  0x00000163dab4c800 JavaThread "pool-5-thread-1" [_thread_blocked, id=9992, stack(0x00000055cff00000,0x00000055d00f0000)]
  0x00000163dab4d800 JavaThread "CacheManagerWriteBack-0" [_thread_blocked, id=14800, stack(0x00000055d2af0000,0x00000055d2ce0000)]
  0x0000016395587800 JavaThread "C2 CompilerThread1" daemon [_thread_blocked, id=4760, stack(0x00000055c8de0000,0x00000055c8fd0000)]

Other Threads:
  0x0000016395401000 VMThread "VM Thread" [stack: 0x00000055cbf10000,0x00000055cc100000] [id=9464]
  0x000001638de46800 WatcherThread [stack: 0x00000055cd270000,0x00000055cd460000] [id=7124]
  0x0000016394fab000 GCTaskThread "GC Thread#0" [stack: 0x00000055cb560000,0x00000055cb750000] [id=3896]
  0x0000016395818800 GCTaskThread "GC Thread#1" [stack: 0x00000055ce000000,0x00000055ce1f0000] [id=13968]
  0x00000163d2740800 GCTaskThread "GC Thread#2" [stack: 0x00000055ce1f0000,0x00000055ce3e0000] [id=16808]
  0x00000163d249a800 GCTaskThread "GC Thread#3" [stack: 0x00000055ce3e0000,0x00000055ce5d0000] [id=11140]
  0x00000163d1e04800 GCTaskThread "GC Thread#4" [stack: 0x00000055ce5d0000,0x00000055ce7c0000] [id=16112]
  0x00000163d2630000 GCTaskThread "GC Thread#5" [stack: 0x00000055ce7c0000,0x00000055ce9b0000] [id=7236]
  0x00000163d23b2800 GCTaskThread "GC Thread#6" [stack: 0x00000055ce9b0000,0x00000055ceba0000] [id=9700]
  0x00000163d23b3800 GCTaskThread "GC Thread#7" [stack: 0x00000055ceba0000,0x00000055ced90000] [id=5440]
  0x00000163d27d4000 GCTaskThread "GC Thread#8" [stack: 0x00000055ced90000,0x00000055cef80000] [id=8828]
  0x00000163d27d4800 GCTaskThread "GC Thread#9" [stack: 0x00000055cef80000,0x00000055cf170000] [id=2044]
  0x00000163d2754000 GCTaskThread "GC Thread#10" [stack: 0x00000055cf170000,0x00000055cf360000] [id=12340]
  0x00000163d2754800 GCTaskThread "GC Thread#11" [stack: 0x00000055cf360000,0x00000055cf550000] [id=16224]
  0x000001638de47800 GCTaskThread "GC Thread#12" [stack: 0x00000055cf550000,0x00000055cf740000] [id=4880]
  0x000001639506c800 ConcurrentGCThread "G1 Main Marker" [stack: 0x00000055cb750000,0x00000055cb940000] [id=9692]
  0x000001639506d000 ConcurrentGCThread "G1 Conc#0" [stack: 0x00000055cb940000,0x00000055cbb30000] [id=12036]
  0x000001638de4b800 ConcurrentGCThread "G1 Conc#1" [stack: 0x00000055cfb20000,0x00000055cfd10000] [id=8552]
  0x000001638de46000 ConcurrentGCThread "G1 Conc#2" [stack: 0x00000055cfd10000,0x00000055cff00000] [id=784]
  0x0000016395272800 ConcurrentGCThread "G1 Refine#0" [stack: 0x00000055cbb30000,0x00000055cbd20000] [id=11188]
  0x00000163d4691000 ConcurrentGCThread "G1 Refine#1" [stack: 0x00000055d00f0000,0x00000055d02e0000] [id=14680]
  0x00000163d4977000 ConcurrentGCThread "G1 Refine#2" [stack: 0x00000055d02e0000,0x00000055d04d0000] [id=8912]
  0x0000016395273000 ConcurrentGCThread "G1 Young RemSet Sampling" [stack: 0x00000055cbd20000,0x00000055cbf10000] [id=1940]

Threads with active compile tasks:

VM state:not at safepoint (normal execution)

VM Mutex/Monitor currently owned by a thread: None

Heap address: 0x0000000401000000, size: 16368 MB, Compressed Oops mode: Zero based, Oop shift amount: 3
Narrow klass base: 0x0000000800000000, Narrow klass shift: 0
Compressed class space size: 1073741824 Address: 0x0000000800000000

Heap:
 garbage-first heap   total 450560K, used 130646K [0x0000000401000000, 0x0000000800000000)
  region size 4096K, 3 young (12288K), 1 survivors (4096K)
 Metaspace       used 97784K, capacity 99496K, committed 99632K, reserved 1138688K
  class space    used 10173K, capacity 10803K, committed 10880K, reserved 1048576K
Heap Regions: E=young(eden), S=young(survivor), O=old, HS=humongous(starts), HC=humongous(continues), CS=collection set, F=free, A=archive, TAMS=top-at-mark-start (previous, next)
|   0|0x0000000401000000, 0x0000000401400000, 0x0000000401400000|100%|HS|  |TAMS 0x0000000401000000, 0x0000000401000000| Untracked 
|   1|0x0000000401400000, 0x0000000401800000, 0x0000000401800000|100%| O|  |TAMS 0x0000000401400000, 0x0000000401400000| Untracked 
|   2|0x0000000401800000, 0x0000000401bfffe0, 0x0000000401c00000| 99%| O|  |TAMS 0x0000000401800000, 0x0000000401800000| Untracked 
|   3|0x0000000401c00000, 0x0000000401ffffd8, 0x0000000402000000| 99%| O|  |TAMS 0x0000000401c00000, 0x0000000401c00000| Untracked 
|   4|0x0000000402000000, 0x00000004023fffe8, 0x0000000402400000| 99%| O|  |TAMS 0x0000000402000000, 0x0000000402000000| Untracked 
|   5|0x0000000402400000, 0x0000000402800000, 0x0000000402800000|100%| O|  |TAMS 0x0000000402400000, 0x0000000402400000| Untracked 
|   6|0x0000000402800000, 0x0000000402bffff8, 0x0000000402c00000| 99%| O|  |TAMS 0x0000000402800000, 0x0000000402800000| Untracked 
|   7|0x0000000402c00000, 0x0000000402fffff8, 0x0000000403000000| 99%| O|  |TAMS 0x0000000402c00000, 0x0000000402c00000| Untracked 
|   8|0x0000000403000000, 0x00000004033ffff8, 0x0000000403400000| 99%| O|  |TAMS 0x0000000403000000, 0x0000000403000000| Untracked 
|   9|0x0000000403400000, 0x00000004037ffff8, 0x0000000403800000| 99%| O|  |TAMS 0x0000000403400000, 0x0000000403400000| Untracked 
|  10|0x0000000403800000, 0x0000000403c00000, 0x0000000403c00000|100%| O|  |TAMS 0x0000000403800000, 0x0000000403800000| Untracked 
|  11|0x0000000403c00000, 0x0000000403fffff0, 0x0000000404000000| 99%| O|  |TAMS 0x0000000403c00000, 0x0000000403c00000| Untracked 
|  12|0x0000000404000000, 0x0000000404400000, 0x0000000404400000|100%| O|  |TAMS 0x0000000404000000, 0x0000000404000000| Untracked 
|  13|0x0000000404400000, 0x0000000404800000, 0x0000000404800000|100%| O|  |TAMS 0x0000000404400000, 0x0000000404400000| Untracked 
|  14|0x0000000404800000, 0x0000000404bffff0, 0x0000000404c00000| 99%| O|  |TAMS 0x0000000404800000, 0x0000000404800000| Untracked 
|  15|0x0000000404c00000, 0x0000000404ffffe8, 0x0000000405000000| 99%| O|  |TAMS 0x0000000404c00000, 0x0000000404c00000| Untracked 
|  16|0x0000000405000000, 0x00000004053ffff8, 0x0000000405400000| 99%| O|  |TAMS 0x0000000405000000, 0x0000000405000000| Untracked 
|  17|0x0000000405400000, 0x0000000405800000, 0x0000000405800000|100%| O|  |TAMS 0x0000000405400000, 0x0000000405400000| Untracked 
|  18|0x0000000405800000, 0x0000000405bffff0, 0x0000000405c00000| 99%| O|  |TAMS 0x0000000405800000, 0x0000000405800000| Untracked 
|  19|0x0000000405c00000, 0x0000000405fffe18, 0x0000000406000000| 99%| O|  |TAMS 0x0000000405c00000, 0x0000000405c00000| Untracked 
|  20|0x0000000406000000, 0x00000004063ffff8, 0x0000000406400000| 99%| O|  |TAMS 0x0000000406000000, 0x0000000406000000| Untracked 
|  21|0x0000000406400000, 0x00000004067ffff8, 0x0000000406800000| 99%| O|  |TAMS 0x0000000406400000, 0x0000000406400000| Untracked 
|  22|0x0000000406800000, 0x0000000406bffeb8, 0x0000000406c00000| 99%| O|  |TAMS 0x0000000406800000, 0x0000000406800000| Untracked 
|  23|0x0000000406c00000, 0x0000000406fffbf0, 0x0000000407000000| 99%| O|  |TAMS 0x0000000406c00000, 0x0000000406c00000| Untracked 
|  24|0x0000000407000000, 0x00000004073fffc0, 0x0000000407400000| 99%| O|  |TAMS 0x0000000407000000, 0x0000000407000000| Untracked 
|  25|0x0000000407400000, 0x0000000407748fb8, 0x0000000407800000| 82%| O|  |TAMS 0x0000000407400000, 0x0000000407400000| Untracked 
|  26|0x0000000407800000, 0x0000000407bbbe68, 0x0000000407c00000| 93%| O|  |TAMS 0x0000000407800000, 0x0000000407800000| Untracked 
|  27|0x0000000407c00000, 0x0000000407daed88, 0x0000000408000000| 42%| O|  |TAMS 0x0000000407c00000, 0x0000000407c00000| Untracked 
|  28|0x0000000408000000, 0x000000040838d1a8, 0x0000000408400000| 88%| O|  |TAMS 0x0000000408000000, 0x0000000408000000| Untracked 
|  29|0x0000000408400000, 0x0000000408617b68, 0x0000000408800000| 52%| O|  |TAMS 0x0000000408400000, 0x0000000408400000| Untracked 
|  30|0x0000000408800000, 0x0000000408b24ca8, 0x0000000408c00000| 78%| O|  |TAMS 0x0000000408800000, 0x0000000408800000| Untracked 
|  31|0x0000000408c00000, 0x0000000408e3b600, 0x0000000409000000| 55%| O|  |TAMS 0x0000000408c00000, 0x0000000408c00000| Untracked 
|  32|0x0000000409000000, 0x0000000409032430, 0x0000000409400000|  4%| O|  |TAMS 0x0000000409000000, 0x0000000409000000| Untracked 
|  33|0x0000000409400000, 0x0000000409400000, 0x0000000409800000|  0%| F|  |TAMS 0x0000000409400000, 0x0000000409400000| Untracked 
|  34|0x0000000409800000, 0x0000000409800000, 0x0000000409c00000|  0%| F|  |TAMS 0x0000000409800000, 0x0000000409800000| Untracked 
|  35|0x0000000409c00000, 0x0000000409c00000, 0x000000040a000000|  0%| F|  |TAMS 0x0000000409c00000, 0x0000000409c00000| Untracked 
|  36|0x000000040a000000, 0x000000040a000000, 0x000000040a400000|  0%| F|  |TAMS 0x000000040a000000, 0x000000040a000000| Untracked 
|  37|0x000000040a400000, 0x000000040a400000, 0x000000040a800000|  0%| F|  |TAMS 0x000000040a400000, 0x000000040a400000| Untracked 
|  38|0x000000040a800000, 0x000000040a800000, 0x000000040ac00000|  0%| F|  |TAMS 0x000000040a800000, 0x000000040a800000| Untracked 
|  39|0x000000040ac00000, 0x000000040ac00000, 0x000000040b000000|  0%| F|  |TAMS 0x000000040ac00000, 0x000000040ac00000| Untracked 
|  40|0x000000040b000000, 0x000000040b000000, 0x000000040b400000|  0%| F|  |TAMS 0x000000040b000000, 0x000000040b000000| Untracked 
|  41|0x000000040b400000, 0x000000040b400000, 0x000000040b800000|  0%| F|  |TAMS 0x000000040b400000, 0x000000040b400000| Untracked 
|  42|0x000000040b800000, 0x000000040b800000, 0x000000040bc00000|  0%| F|  |TAMS 0x000000040b800000, 0x000000040b800000| Untracked 
|  43|0x000000040bc00000, 0x000000040bc00000, 0x000000040c000000|  0%| F|  |TAMS 0x000000040bc00000, 0x000000040bc00000| Untracked 
|  44|0x000000040c000000, 0x000000040c000000, 0x000000040c400000|  0%| F|  |TAMS 0x000000040c000000, 0x000000040c000000| Untracked 
|  45|0x000000040c400000, 0x000000040c400000, 0x000000040c800000|  0%| F|  |TAMS 0x000000040c400000, 0x000000040c400000| Untracked 
|  46|0x000000040c800000, 0x000000040cba82b0, 0x000000040cc00000| 91%| S|CS|TAMS 0x000000040c800000, 0x000000040c800000| Complete 
|  47|0x000000040cc00000, 0x000000040cc00000, 0x000000040d000000|  0%| F|  |TAMS 0x000000040cc00000, 0x000000040cc00000| Untracked 
|  48|0x000000040d000000, 0x000000040d000000, 0x000000040d400000|  0%| F|  |TAMS 0x000000040d000000, 0x000000040d000000| Untracked 
|  49|0x000000040d400000, 0x000000040d400000, 0x000000040d800000|  0%| F|  |TAMS 0x000000040d400000, 0x000000040d400000| Untracked 
|  50|0x000000040d800000, 0x000000040d800000, 0x000000040dc00000|  0%| F|  |TAMS 0x000000040d800000, 0x000000040d800000| Untracked 
|  51|0x000000040dc00000, 0x000000040dc00000, 0x000000040e000000|  0%| F|  |TAMS 0x000000040dc00000, 0x000000040dc00000| Untracked 
|  52|0x000000040e000000, 0x000000040e000000, 0x000000040e400000|  0%| F|  |TAMS 0x000000040e000000, 0x000000040e000000| Untracked 
|  53|0x000000040e400000, 0x000000040e400000, 0x000000040e800000|  0%| F|  |TAMS 0x000000040e400000, 0x000000040e400000| Untracked 
|  54|0x000000040e800000, 0x000000040e800000, 0x000000040ec00000|  0%| F|  |TAMS 0x000000040e800000, 0x000000040e800000| Untracked 
|  55|0x000000040ec00000, 0x000000040ec00000, 0x000000040f000000|  0%| F|  |TAMS 0x000000040ec00000, 0x000000040ec00000| Untracked 
|  56|0x000000040f000000, 0x000000040f000000, 0x000000040f400000|  0%| F|  |TAMS 0x000000040f000000, 0x000000040f000000| Untracked 
|  57|0x000000040f400000, 0x000000040f400000, 0x000000040f800000|  0%| F|  |TAMS 0x000000040f400000, 0x000000040f400000| Untracked 
|  58|0x000000040f800000, 0x000000040f800000, 0x000000040fc00000|  0%| F|  |TAMS 0x000000040f800000, 0x000000040f800000| Untracked 
|  59|0x000000040fc00000, 0x000000040fc00000, 0x0000000410000000|  0%| F|  |TAMS 0x000000040fc00000, 0x000000040fc00000| Untracked 
|  60|0x0000000410000000, 0x0000000410000000, 0x0000000410400000|  0%| F|  |TAMS 0x0000000410000000, 0x0000000410000000| Untracked 
|  61|0x0000000410400000, 0x0000000410400000, 0x0000000410800000|  0%| F|  |TAMS 0x0000000410400000, 0x0000000410400000| Untracked 
|  62|0x0000000410800000, 0x0000000410800000, 0x0000000410c00000|  0%| F|  |TAMS 0x0000000410800000, 0x0000000410800000| Untracked 
|  63|0x0000000410c00000, 0x0000000410c00000, 0x0000000411000000|  0%| F|  |TAMS 0x0000000410c00000, 0x0000000410c00000| Untracked 
|  64|0x0000000411000000, 0x0000000411000000, 0x0000000411400000|  0%| F|  |TAMS 0x0000000411000000, 0x0000000411000000| Untracked 
|  65|0x0000000411400000, 0x0000000411400000, 0x0000000411800000|  0%| F|  |TAMS 0x0000000411400000, 0x0000000411400000| Untracked 
|  66|0x0000000411800000, 0x0000000411800000, 0x0000000411c00000|  0%| F|  |TAMS 0x0000000411800000, 0x0000000411800000| Untracked 
|  67|0x0000000411c00000, 0x0000000411c00000, 0x0000000412000000|  0%| F|  |TAMS 0x0000000411c00000, 0x0000000411c00000| Untracked 
|  68|0x0000000412000000, 0x0000000412000000, 0x0000000412400000|  0%| F|  |TAMS 0x0000000412000000, 0x0000000412000000| Untracked 
|  69|0x0000000412400000, 0x0000000412400000, 0x0000000412800000|  0%| F|  |TAMS 0x0000000412400000, 0x0000000412400000| Untracked 
|  70|0x0000000412800000, 0x0000000412800000, 0x0000000412c00000|  0%| F|  |TAMS 0x0000000412800000, 0x0000000412800000| Untracked 
|  71|0x0000000412c00000, 0x0000000412c00000, 0x0000000413000000|  0%| F|  |TAMS 0x0000000412c00000, 0x0000000412c00000| Untracked 
|  72|0x0000000413000000, 0x0000000413000000, 0x0000000413400000|  0%| F|  |TAMS 0x0000000413000000, 0x0000000413000000| Untracked 
|  73|0x0000000413400000, 0x0000000413400000, 0x0000000413800000|  0%| F|  |TAMS 0x0000000413400000, 0x0000000413400000| Untracked 
|  74|0x0000000413800000, 0x0000000413800000, 0x0000000413c00000|  0%| F|  |TAMS 0x0000000413800000, 0x0000000413800000| Untracked 
|  75|0x0000000413c00000, 0x0000000413c00000, 0x0000000414000000|  0%| F|  |TAMS 0x0000000413c00000, 0x0000000413c00000| Untracked 
|  76|0x0000000414000000, 0x0000000414000000, 0x0000000414400000|  0%| F|  |TAMS 0x0000000414000000, 0x0000000414000000| Untracked 
|  77|0x0000000414400000, 0x0000000414400000, 0x0000000414800000|  0%| F|  |TAMS 0x0000000414400000, 0x0000000414400000| Untracked 
|  78|0x0000000414800000, 0x0000000414800000, 0x0000000414c00000|  0%| F|  |TAMS 0x0000000414800000, 0x0000000414800000| Untracked 
|  79|0x0000000414c00000, 0x0000000414c00000, 0x0000000415000000|  0%| F|  |TAMS 0x0000000414c00000, 0x0000000414c00000| Untracked 
|  80|0x0000000415000000, 0x0000000415000000, 0x0000000415400000|  0%| F|  |TAMS 0x0000000415000000, 0x0000000415000000| Untracked 
|  81|0x0000000415400000, 0x0000000415400000, 0x0000000415800000|  0%| F|  |TAMS 0x0000000415400000, 0x0000000415400000| Untracked 
|  82|0x0000000415800000, 0x0000000415800000, 0x0000000415c00000|  0%| F|  |TAMS 0x0000000415800000, 0x0000000415800000| Untracked 
|  83|0x0000000415c00000, 0x0000000415c00000, 0x0000000416000000|  0%| F|  |TAMS 0x0000000415c00000, 0x0000000415c00000| Untracked 
|  84|0x0000000416000000, 0x0000000416000000, 0x0000000416400000|  0%| F|  |TAMS 0x0000000416000000, 0x0000000416000000| Untracked 
|  85|0x0000000416400000, 0x0000000416400000, 0x0000000416800000|  0%| F|  |TAMS 0x0000000416400000, 0x0000000416400000| Untracked 
|  86|0x0000000416800000, 0x0000000416800000, 0x0000000416c00000|  0%| F|  |TAMS 0x0000000416800000, 0x0000000416800000| Untracked 
|  87|0x0000000416c00000, 0x0000000416c00000, 0x0000000417000000|  0%| F|  |TAMS 0x0000000416c00000, 0x0000000416c00000| Untracked 
|  88|0x0000000417000000, 0x0000000417000000, 0x0000000417400000|  0%| F|  |TAMS 0x0000000417000000, 0x0000000417000000| Untracked 
|  89|0x0000000417400000, 0x0000000417400000, 0x0000000417800000|  0%| F|  |TAMS 0x0000000417400000, 0x0000000417400000| Untracked 
|  90|0x0000000417800000, 0x0000000417800000, 0x0000000417c00000|  0%| F|  |TAMS 0x0000000417800000, 0x0000000417800000| Untracked 
|  91|0x0000000417c00000, 0x0000000417c00000, 0x0000000418000000|  0%| F|  |TAMS 0x0000000417c00000, 0x0000000417c00000| Untracked 
|  92|0x0000000418000000, 0x0000000418000000, 0x0000000418400000|  0%| F|  |TAMS 0x0000000418000000, 0x0000000418000000| Untracked 
|  93|0x0000000418400000, 0x0000000418400000, 0x0000000418800000|  0%| F|  |TAMS 0x0000000418400000, 0x0000000418400000| Untracked 
|  94|0x0000000418800000, 0x0000000418800000, 0x0000000418c00000|  0%| F|  |TAMS 0x0000000418800000, 0x0000000418800000| Untracked 
|  95|0x0000000418c00000, 0x0000000418c00000, 0x0000000419000000|  0%| F|  |TAMS 0x0000000418c00000, 0x0000000418c00000| Untracked 
|  96|0x0000000419000000, 0x0000000419000000, 0x0000000419400000|  0%| F|  |TAMS 0x0000000419000000, 0x0000000419000000| Untracked 
|  97|0x0000000419400000, 0x0000000419400000, 0x0000000419800000|  0%| F|  |TAMS 0x0000000419400000, 0x0000000419400000| Untracked 
|  98|0x0000000419800000, 0x0000000419800000, 0x0000000419c00000|  0%| F|  |TAMS 0x0000000419800000, 0x0000000419800000| Untracked 
|  99|0x0000000419c00000, 0x0000000419c00000, 0x000000041a000000|  0%| F|  |TAMS 0x0000000419c00000, 0x0000000419c00000| Untracked 
| 100|0x000000041a000000, 0x000000041a000000, 0x000000041a400000|  0%| F|  |TAMS 0x000000041a000000, 0x000000041a000000| Untracked 
| 101|0x000000041a400000, 0x000000041a400000, 0x000000041a800000|  0%| F|  |TAMS 0x000000041a400000, 0x000000041a400000| Untracked 
| 102|0x000000041a800000, 0x000000041a800000, 0x000000041ac00000|  0%| F|  |TAMS 0x000000041a800000, 0x000000041a800000| Untracked 
| 103|0x000000041ac00000, 0x000000041ac00000, 0x000000041b000000|  0%| F|  |TAMS 0x000000041ac00000, 0x000000041ac00000| Untracked 
| 104|0x000000041b000000, 0x000000041b000000, 0x000000041b400000|  0%| F|  |TAMS 0x000000041b000000, 0x000000041b000000| Untracked 
| 105|0x000000041b400000, 0x000000041b400000, 0x000000041b800000|  0%| F|  |TAMS 0x000000041b400000, 0x000000041b400000| Untracked 
| 106|0x000000041b800000, 0x000000041b800000, 0x000000041bc00000|  0%| F|  |TAMS 0x000000041b800000, 0x000000041b800000| Untracked 
| 107|0x000000041bc00000, 0x000000041be00800, 0x000000041c000000| 50%| E|  |TAMS 0x000000041bc00000, 0x000000041bc00000| Complete 
| 108|0x000000041c000000, 0x000000041c002e28, 0x000000041c400000|  0%| O|  |TAMS 0x000000041c000000, 0x000000041c000000| Untracked 
| 111|0x000000041cc00000, 0x000000041d000000, 0x000000041d000000|100%| E|CS|TAMS 0x000000041cc00000, 0x000000041cc00000| Complete 

Card table byte_map: [0x00000163aa160000,0x00000163ac160000] _byte_map_base: 0x00000163a8158000

Marking Bits (Prev, Next): (CMBitMap*) 0x0000016395058270, (CMBitMap*) 0x0000016395058238
 Prev Bits: [0x00000163be120000, 0x00000163ce0e0000)
 Next Bits: [0x00000163ae160000, 0x00000163be120000)

Polling page: 0x0000016395b60000

Metaspace:

Usage:
  Non-class:     86.61 MB capacity,    85.56 MB ( 99%) used,   846.16 KB ( <1%) free+waste,   235.50 KB ( <1%) overhead. 
      Class:     10.55 MB capacity,     9.93 MB ( 94%) used,   535.98 KB (  5%) free+waste,    93.94 KB ( <1%) overhead. 
       Both:     97.16 MB capacity,    95.49 MB ( 98%) used,     1.35 MB (  1%) free+waste,   329.44 KB ( <1%) overhead. 

Virtual space:
  Non-class space:       88.00 MB reserved,      86.67 MB ( 98%) committed 
      Class space:        1.00 GB reserved,      10.63 MB (  1%) committed 
             Both:        1.09 GB reserved,      97.30 MB (  9%) committed 

Chunk freelists:
   Non-Class:  59.00 KB
       Class:  13.00 KB
        Both:  72.00 KB

MaxMetaspaceSize: 17179869184.00 GB
CompressedClassSpaceSize: 1.00 GB
Initial GC threshold: 20.80 MB
Current GC threshold: 160.08 MB
CDS: off

CodeHeap 'non-profiled nmethods': size=119168Kb used=15291Kb max_used=15845Kb free=103876Kb
 bounds [0x000001639fd30000, 0x00000163a0cb0000, 0x00000163a7190000]
CodeHeap 'profiled nmethods': size=119168Kb used=26266Kb max_used=29004Kb free=92901Kb
 bounds [0x00000163988d0000, 0x000001639a560000, 0x000001639fd30000]
CodeHeap 'non-nmethods': size=7424Kb used=1457Kb max_used=3303Kb free=5966Kb
 bounds [0x0000016398190000, 0x0000016398510000, 0x00000163988d0000]
 total_blobs=11438 nmethods=10659 adapters=686
 compilation: enabled
              stopped_count=0, restarted_count=0
 full_count=0

Compilation events (20 events):
Event: 100.152 Thread 0x000001638ef58000 13097       3       com.comsol.model.method.StudyFeatureMethod::getMe (8 bytes)
Event: 100.152 Thread 0x000001638ef58000 nmethod 13097 0x0000016398adc510 code [0x0000016398adc6c0, 0x0000016398adc8f8]
Event: 100.154 Thread 0x000001638ef58000 13098       3       java.util.Spliterators$IteratorSpliterator::forEachRemaining (58 bytes)
Event: 100.155 Thread 0x000001638ef58000 nmethod 13098 0x0000016399714510 code [0x0000016399714700, 0x0000016399714c38]
Event: 100.156 Thread 0x0000016395587800 nmethod 13095 0x00000163a016fe90 code [0x00000163a0170060, 0x00000163a0170878]
Event: 100.159 Thread 0x0000016395587800 13099       4       java.util.Optional::get (22 bytes)
Event: 100.159 Thread 0x000001638ef58000 13100       1       com.comsol.model.analysis.SpecialAnalysisID::isEquationForm (2 bytes)
Event: 100.159 Thread 0x000001638ef58000 nmethod 13100 0x00000163a0265290 code [0x00000163a0265440, 0x00000163a02654f8]
Event: 100.160 Thread 0x0000016395587800 nmethod 13099 0x00000163a0407310 code [0x00000163a04074a0, 0x00000163a0407518]
Event: 100.160 Thread 0x000001638ef58000 13101       3       com.comsol.model.dbmodel.ModelDb::getFrame (12 bytes)
Event: 100.161 Thread 0x000001638ef58000 nmethod 13101 0x00000163993f1710 code [0x00000163993f19a0, 0x00000163993f2858]
Event: 100.161 Thread 0x000001638ef58000 13102       3       com.comsol.model.applapi.ApplAPIUtil$SolveForInfo::fromEntity (145 bytes)
Event: 100.162 Thread 0x000001638ef58000 nmethod 13102 0x00000163999bbd90 code [0x00000163999bc140, 0x00000163999be0e8]
Event: 100.162 Thread 0x000001638ef58000 13103       3       com.comsol.model.dbmodel.FrameDb::getSolveForTag (37 bytes)
Event: 100.163 Thread 0x000001638ef58000 nmethod 13103 0x0000016399bee290 code [0x0000016399bee5e0, 0x0000016399befc68]
Event: 100.164 Thread 0x0000016395587800 13104       4       sun.invoke.util.VerifyAccess::isTypeVisible (118 bytes)
Event: 100.166 Thread 0x000001638ef58000 13105       3       com.comsol.model.dbmodel.StudyFeatureDb::getFeatureType (4 bytes)
Event: 100.166 Thread 0x000001638ef58000 nmethod 13105 0x0000016398c86f10 code [0x0000016398c870c0, 0x0000016398c871d8]
Event: 100.170 Thread 0x0000016395587800 nmethod 13104 0x000001639fdfa090 code [0x000001639fdfa240, 0x000001639fdfa528]
Event: 100.170 Thread 0x0000016395587800 13106       4       java.util.Iterator::forEachRemaining (30 bytes)

GC Heap History (20 events):
Event: 96.493 GC heap before
{Heap before GC invocations=101 (full 32):
 garbage-first heap   total 450560K, used 378698K [0x0000000401000000, 0x0000000800000000)
  region size 4096K, 64 young (262144K), 2 survivors (8192K)
 Metaspace       used 96768K, capacity 98325K, committed 98352K, reserved 1136640K
  class space    used 10018K, capacity 10606K, committed 10624K, reserved 1048576K
}
Event: 96.494 GC heap after
{Heap after GC invocations=102 (full 32):
 garbage-first heap   total 450560K, used 124805K [0x0000000401000000, 0x0000000800000000)
  region size 4096K, 2 young (8192K), 2 survivors (8192K)
 Metaspace       used 96768K, capacity 98325K, committed 98352K, reserved 1136640K
  class space    used 10018K, capacity 10606K, committed 10624K, reserved 1048576K
}
Event: 96.911 GC heap before
{Heap before GC invocations=102 (full 32):
 garbage-first heap   total 450560K, used 378757K [0x0000000401000000, 0x0000000800000000)
  region size 4096K, 64 young (262144K), 2 survivors (8192K)
 Metaspace       used 96775K, capacity 98326K, committed 98352K, reserved 1136640K
  class space    used 10018K, capacity 10606K, committed 10624K, reserved 1048576K
}
Event: 96.912 GC heap after
{Heap after GC invocations=103 (full 32):
 garbage-first heap   total 450560K, used 125064K [0x0000000401000000, 0x0000000800000000)
  region size 4096K, 2 young (8192K), 2 survivors (8192K)
 Metaspace       used 96775K, capacity 98326K, committed 98352K, reserved 1136640K
  class space    used 10018K, capacity 10606K, committed 10624K, reserved 1048576K
}
Event: 97.318 GC heap before
{Heap before GC invocations=103 (full 32):
 garbage-first heap   total 450560K, used 379016K [0x0000000401000000, 0x0000000800000000)
  region size 4096K, 64 young (262144K), 2 survivors (8192K)
 Metaspace       used 96779K, capacity 98327K, committed 98352K, reserved 1136640K
  class space    used 10018K, capacity 10606K, committed 10624K, reserved 1048576K
}
Event: 97.320 GC heap after
{Heap after GC invocations=104 (full 32):
 garbage-first heap   total 450560K, used 125509K [0x0000000401000000, 0x0000000800000000)
  region size 4096K, 2 young (8192K), 2 survivors (8192K)
 Metaspace       used 96779K, capacity 98327K, committed 98352K, reserved 1136640K
  class space    used 10018K, capacity 10606K, committed 10624K, reserved 1048576K
}
Event: 97.707 GC heap before
{Heap before GC invocations=104 (full 32):
 garbage-first heap   total 450560K, used 379461K [0x0000000401000000, 0x0000000800000000)
  region size 4096K, 64 young (262144K), 2 survivors (8192K)
 Metaspace       used 96784K, capacity 98327K, committed 98352K, reserved 1136640K
  class space    used 10018K, capacity 10606K, committed 10624K, reserved 1048576K
}
Event: 97.709 GC heap after
{Heap after GC invocations=105 (full 32):
 garbage-first heap   total 450560K, used 125205K [0x0000000401000000, 0x0000000800000000)
  region size 4096K, 2 young (8192K), 2 survivors (8192K)
 Metaspace       used 96784K, capacity 98327K, committed 98352K, reserved 1136640K
  class space    used 10018K, capacity 10606K, committed 10624K, reserved 1048576K
}
Event: 98.124 GC heap before
{Heap before GC invocations=105 (full 32):
 garbage-first heap   total 450560K, used 379157K [0x0000000401000000, 0x0000000800000000)
  region size 4096K, 64 young (262144K), 2 survivors (8192K)
 Metaspace       used 96786K, capacity 98327K, committed 98352K, reserved 1136640K
  class space    used 10018K, capacity 10606K, committed 10624K, reserved 1048576K
}
Event: 98.126 GC heap after
{Heap after GC invocations=106 (full 32):
 garbage-first heap   total 450560K, used 125478K [0x0000000401000000, 0x0000000800000000)
  region size 4096K, 2 young (8192K), 2 survivors (8192K)
 Metaspace       used 96786K, capacity 98327K, committed 98352K, reserved 1136640K
  class space    used 10018K, capacity 10606K, committed 10624K, reserved 1048576K
}
Event: 98.497 GC heap before
{Heap before GC invocations=106 (full 32):
 garbage-first heap   total 450560K, used 379430K [0x0000000401000000, 0x0000000800000000)
  region size 4096K, 64 young (262144K), 2 survivors (8192K)
 Metaspace       used 96786K, capacity 98327K, committed 98352K, reserved 1136640K
  class space    used 10018K, capacity 10606K, committed 10624K, reserved 1048576K
}
Event: 98.499 GC heap after
{Heap after GC invocations=107 (full 32):
 garbage-first heap   total 450560K, used 125669K [0x0000000401000000, 0x0000000800000000)
  region size 4096K, 2 young (8192K), 2 survivors (8192K)
 Metaspace       used 96786K, capacity 98327K, committed 98352K, reserved 1136640K
  class space    used 10018K, capacity 10606K, committed 10624K, reserved 1048576K
}
Event: 98.880 GC heap before
{Heap before GC invocations=107 (full 32):
 garbage-first heap   total 450560K, used 379621K [0x0000000401000000, 0x0000000800000000)
  region size 4096K, 64 young (262144K), 2 survivors (8192K)
 Metaspace       used 96786K, capacity 98327K, committed 98352K, reserved 1136640K
  class space    used 10018K, capacity 10606K, committed 10624K, reserved 1048576K
}
Event: 98.882 GC heap after
{Heap after GC invocations=108 (full 32):
 garbage-first heap   total 450560K, used 125610K [0x0000000401000000, 0x0000000800000000)
  region size 4096K, 2 young (8192K), 2 survivors (8192K)
 Metaspace       used 96786K, capacity 98327K, committed 98352K, reserved 1136640K
  class space    used 10018K, capacity 10606K, committed 10624K, reserved 1048576K
}
Event: 99.271 GC heap before
{Heap before GC invocations=108 (full 32):
 garbage-first heap   total 450560K, used 375466K [0x0000000401000000, 0x0000000800000000)
  region size 4096K, 63 young (258048K), 2 survivors (8192K)
 Metaspace       used 96792K, capacity 98329K, committed 98352K, reserved 1136640K
  class space    used 10018K, capacity 10606K, committed 10624K, reserved 1048576K
}
Event: 99.273 GC heap after
{Heap after GC invocations=109 (full 32):
 garbage-first heap   total 450560K, used 125965K [0x0000000401000000, 0x0000000800000000)
  region size 4096K, 1 young (4096K), 1 survivors (4096K)
 Metaspace       used 96792K, capacity 98329K, committed 98352K, reserved 1136640K
  class space    used 10018K, capacity 10606K, committed 10624K, reserved 1048576K
}
Event: 99.680 GC heap before
{Heap before GC invocations=109 (full 32):
 garbage-first heap   total 450560K, used 379917K [0x0000000401000000, 0x0000000800000000)
  region size 4096K, 63 young (258048K), 1 survivors (4096K)
 Metaspace       used 96799K, capacity 98329K, committed 98352K, reserved 1136640K
  class space    used 10018K, capacity 10606K, committed 10624K, reserved 1048576K
}
Event: 99.681 GC heap after
{Heap after GC invocations=110 (full 32):
 garbage-first heap   total 450560K, used 126246K [0x0000000401000000, 0x0000000800000000)
  region size 4096K, 1 young (4096K), 1 survivors (4096K)
 Metaspace       used 96799K, capacity 98329K, committed 98352K, reserved 1136640K
  class space    used 10018K, capacity 10606K, committed 10624K, reserved 1048576K
}
Event: 100.067 GC heap before
{Heap before GC invocations=110 (full 32):
 garbage-first heap   total 450560K, used 380198K [0x0000000401000000, 0x0000000800000000)
  region size 4096K, 63 young (258048K), 1 survivors (4096K)
 Metaspace       used 96814K, capacity 98394K, committed 98608K, reserved 1136640K
  class space    used 10019K, capacity 10606K, committed 10624K, reserved 1048576K
}
Event: 100.069 GC heap after
{Heap after GC invocations=111 (full 32):
 garbage-first heap   total 450560K, used 126550K [0x0000000401000000, 0x0000000800000000)
  region size 4096K, 1 young (4096K), 1 survivors (4096K)
 Metaspace       used 96814K, capacity 98394K, committed 98608K, reserved 1136640K
  class space    used 10019K, capacity 10606K, committed 10624K, reserved 1048576K
}

Deoptimization events (20 events):
Event: 100.160 Thread 0x0000016390b84000 Uncommon trap: trap_request=0xffffff4d fr.pc=0x000001639fecdfac relative=0x00000000000004ec
Event: 100.160 Thread 0x0000016390b84000 Uncommon trap: reason=unstable_if action=reinterpret pc=0x000001639fecdfac method=com.comsol.model.analysis.AnalysisID.isSpecialCaseOf(Ljava/lang/String;)Z @ 12 c2
Event: 100.160 Thread 0x0000016390b84000 DEOPT PACKING pc=0x000001639fecdfac sp=0x00000055c8be59b0
Event: 100.160 Thread 0x0000016390b84000 DEOPT UNPACKING pc=0x00000163981da1af sp=0x00000055c8be58e0 mode 2
Event: 100.160 Thread 0x0000016390b84000 Uncommon trap: trap_request=0xffffffde fr.pc=0x00000163a0be524c relative=0x00000000000026cc
Event: 100.160 Thread 0x0000016390b84000 Uncommon trap: reason=class_check action=maybe_recompile pc=0x00000163a0be524c method=com.comsol.model.param.ParamSpec.a(Lcom/comsol/model/dbimodel/ParameterContainer;ZZ)Ljava/util/Map; @ 135 c2
Event: 100.160 Thread 0x0000016390b84000 DEOPT PACKING pc=0x00000163a0be524c sp=0x00000055c8be51d0
Event: 100.160 Thread 0x0000016390b84000 DEOPT UNPACKING pc=0x00000163981da1af sp=0x00000055c8be51c8 mode 2
Event: 100.162 Thread 0x0000016390b84000 Uncommon trap: trap_request=0xffffffde fr.pc=0x00000163a0be524c relative=0x00000000000026cc
Event: 100.162 Thread 0x0000016390b84000 Uncommon trap: reason=class_check action=maybe_recompile pc=0x00000163a0be524c method=com.comsol.model.param.ParamSpec.a(Lcom/comsol/model/dbimodel/ParameterContainer;ZZ)Ljava/util/Map; @ 135 c2
Event: 100.162 Thread 0x0000016390b84000 DEOPT PACKING pc=0x00000163a0be524c sp=0x00000055c8be6ac0
Event: 100.162 Thread 0x0000016390b84000 DEOPT UNPACKING pc=0x00000163981da1af sp=0x00000055c8be6ab8 mode 2
Event: 100.167 Thread 0x0000016390b84000 Uncommon trap: trap_request=0xffffffde fr.pc=0x00000163a0bfc000 relative=0x0000000000005180
Event: 100.167 Thread 0x0000016390b84000 Uncommon trap: reason=class_check action=maybe_recompile pc=0x00000163a0bfc000 method=com.comsol.model.selections.AbstractSelectionMethod.getSelectionKey()Ljava/lang/String; @ 96 c2
Event: 100.167 Thread 0x0000016390b84000 DEOPT PACKING pc=0x00000163a0bfc000 sp=0x00000055c8be6be0
Event: 100.167 Thread 0x0000016390b84000 DEOPT UNPACKING pc=0x00000163981da1af sp=0x00000055c8be6bb0 mode 2
Event: 100.167 Thread 0x0000016390b84000 Uncommon trap: trap_request=0xffffffde fr.pc=0x00000163a0bfc000 relative=0x0000000000005180
Event: 100.167 Thread 0x0000016390b84000 Uncommon trap: reason=class_check action=maybe_recompile pc=0x00000163a0bfc000 method=com.comsol.model.selections.AbstractSelectionMethod.getSelectionKey()Ljava/lang/String; @ 96 c2
Event: 100.167 Thread 0x0000016390b84000 DEOPT PACKING pc=0x00000163a0bfc000 sp=0x00000055c8be6de0
Event: 100.167 Thread 0x0000016390b84000 DEOPT UNPACKING pc=0x00000163981da1af sp=0x00000055c8be6db0 mode 2

Classes redefined (0 events):
No events

Internal exceptions (20 events):
Event: 74.409 Thread 0x0000016390b84000 Exception <a 'java/lang/NoSuchMethodError'{0x000000041544e5a8}: 'java.lang.Object java.lang.invoke.Invokers$Holder.linkToTargetMethod(java.lang.Object, int, java.lang.Object, java.lang.Object)'> (0x000000041544e5a8) thrown at [./src/hotspot/share/interpreter/linkResolver.cpp, line 773]
Event: 74.411 Thread 0x0000016390b84000 Exception <a 'java/lang/NoSuchMethodError'{0x000000041545b388}: 'java.lang.Object java.lang.invoke.DirectMethodHandle$Holder.invokeSpecial(java.lang.Object, java.lang.Object, java.lang.Object, java.lang.Object, java.lang.Object, java.lang.Object, java.lang.Object, java.lang.Object, java.lang.Object)'> (0x000000041545b388) thrown at [./src/hotspot/share/interpreter/linkResolver.cpp, line 773]
Event: 74.411 Thread 0x0000016390b84000 Exception <a 'java/lang/NoSuchMethodError'{0x000000041545f2d8}: 'java.lang.Object java.lang.invoke.Invokers$Holder.linkToTargetMethod(java.lang.Object, java.lang.Object, java.lang.Object, java.lang.Object, java.lang.Object, java.lang.Object, java.lang.Object, java.lang.Object)'> (0x000000041545f2d8) thrown at [./src/hotspot/share/interpreter/linkResolver.cpp, line 773]
Event: 74.471 Thread 0x0000016390b84000 Exception <a 'java/lang/NoSuchMethodError'{0x00000004152f8ab0}: 'java.lang.Object java.lang.invoke.DirectMethodHandle$Holder.invokeStatic(java.lang.Object, int, java.lang.Object, java.lang.Object)'> (0x00000004152f8ab0) thrown at [./src/hotspot/share/interpreter/linkResolver.cpp, line 773]
Event: 74.757 Thread 0x0000016390b84000 Exception <a 'java/lang/NoSuchMethodError'{0x0000000410c89938}: 'int java.lang.invoke.DirectMethodHandle$Holder.invokeStatic(java.lang.Object, int, java.lang.Object, java.lang.Object)'> (0x0000000410c89938) thrown at [./src/hotspot/share/interpreter/linkResolver.cpp, line 773]
Event: 74.863 Thread 0x0000016390b84000 Implicit null exception at 0x00000163a042390f to 0x00000163a0423c08
Event: 75.086 Thread 0x0000016390b84000 Exception <a 'java/lang/NoSuchMethodError'{0x000000040d9a2dc0}: 'int java.lang.invoke.DirectMethodHandle$Holder.invokeStatic(java.lang.Object, java.lang.Object, java.lang.Object, java.lang.Object, java.lang.Object)'> (0x000000040d9a2dc0) thrown at [./src/hotspot/share/interpreter/linkResolver.cpp, line 773]
Event: 75.101 Thread 0x0000016390b84000 Exception <a 'java/lang/NoSuchMethodError'{0x000000040d411be8}: 'java.lang.Object java.lang.invoke.DirectMethodHandle$Holder.invokeSpecialIFC(java.lang.Object, java.lang.Object, java.lang.Object, java.lang.Object, java.lang.Object)'> (0x000000040d411be8) thrown at [./src/hotspot/share/interpreter/linkResolver.cpp, line 773]
Event: 75.451 Thread 0x0000016390b84000 Exception <a 'java/lang/NoSuchMethodError'{0x0000000416d61958}: 'java.lang.Object java.lang.invoke.DirectMethodHandle$Holder.invokeSpecialIFC(java.lang.Object, java.lang.Object, java.lang.Object)'> (0x0000000416d61958) thrown at [./src/hotspot/share/interpreter/linkResolver.cpp, line 773]
Event: 76.048 Thread 0x0000016390b84000 Exception <a 'java/lang/NoSuchMethodError'{0x000000040d09d300}: 'java.lang.Object java.lang.invoke.Invokers$Holder.linkToTargetMethod(java.lang.Object, int, java.lang.Object, java.lang.Object, java.lang.Object, java.lang.Object)'> (0x000000040d09d300) thrown at [./src/hotspot/share/interpreter/linkResolver.cpp, line 773]
Event: 76.056 Thread 0x0000016390b84000 Exception <a 'java/lang/NoSuchMethodError'{0x000000040d138418}: 'void java.lang.invoke.DirectMethodHandle$Holder.invokeInterface(java.lang.Object, java.lang.Object)'> (0x000000040d138418) thrown at [./src/hotspot/share/interpreter/linkResolver.cpp, line 773]
Event: 89.276 Thread 0x0000016390b84000 Implicit null exception at 0x00000163a082dcff to 0x00000163a082f520
Event: 89.291 Thread 0x0000016390b84000 Implicit null exception at 0x00000163a081ea95 to 0x00000163a081f2a0
Event: 89.789 Thread 0x0000016390b84000 Implicit null exception at 0x00000163a06b8e90 to 0x00000163a06b8ece
Event: 91.609 Thread 0x0000016390b84000 Implicit null exception at 0x00000163a0846cf0 to 0x00000163a0846d1c
Event: 91.609 Thread 0x0000016390b84000 Implicit null exception at 0x00000163a02af421 to 0x00000163a02afaf4
Event: 92.767 Thread 0x0000016390b84000 Implicit null exception at 0x000001639ff9ae74 to 0x000001639ff9b839
Event: 100.111 Thread 0x0000016390b84000 Implicit null exception at 0x00000163a09c4a4c to 0x00000163a09c4a94
Event: 100.147 Thread 0x0000016390b84000 Implicit null exception at 0x00000163a02e5519 to 0x00000163a02e5870
Event: 100.154 Thread 0x0000016390b84000 Implicit null exception at 0x00000163a01ce87b to 0x00000163a01cebb0

Events (20 events):
Event: 100.166 loading class com/comsol/model/dbimodel/physics/MultiphysicsCoupling
Event: 100.166 loading class com/comsol/model/dbimodel/physics/MultiphysicsCoupling done
Event: 100.166 loading class com/comsol/model/dbimodel/StudyFeature
Event: 100.166 loading class com/comsol/model/dbimodel/StudyFeature done
Event: 100.166 loading class com/comsol/model/dbimodel/physics/MultiphysicsCoupling
Event: 100.166 loading class com/comsol/model/dbimodel/physics/MultiphysicsCoupling done
Event: 100.166 loading class com/comsol/model/dbimodel/physics/MultiphysicsCoupling
Event: 100.166 loading class com/comsol/model/dbimodel/physics/MultiphysicsCoupling done
Event: 100.167 loading class com/comsol/model/dbimodel/StudyFeature
Event: 100.167 loading class com/comsol/model/dbimodel/StudyFeature done
Event: 100.167 loading class com/comsol/model/dbimodel/CommonFeature
Event: 100.167 loading class com/comsol/model/dbimodel/CommonFeature done
Event: 100.167 loading class com/comsol/model/dbimodel/StudyFeature
Event: 100.167 loading class com/comsol/model/dbimodel/StudyFeature done
Event: 100.167 loading class com/comsol/model/dbimodel/CommonFeature
Event: 100.167 loading class com/comsol/model/dbimodel/CommonFeature done
Event: 100.167 loading class com/comsol/model/dbimodel/CommonFeature
Event: 100.167 loading class com/comsol/model/dbimodel/CommonFeature done
Event: 100.168 loading class com/comsol/model/impl/StudyFeatureImpl
Event: 100.168 loading class com/comsol/model/impl/StudyFeatureImpl done


Dynamic libraries:
0x00007ff637360000 - 0x00007ff63737c000 	E:\Continuum\anaconda3\pythonw.exe
0x00007ffdd3800000 - 0x00007ffdd39f0000 	C:\WINDOWS\SYSTEM32\ntdll.dll
0x00007ffdd3700000 - 0x00007ffdd37b3000 	C:\WINDOWS\System32\KERNEL32.DLL
0x00007ffdd1420000 - 0x00007ffdd16c5000 	C:\WINDOWS\System32\KERNELBASE.dll
0x00007ffdd0880000 - 0x00007ffdd097a000 	C:\WINDOWS\System32\ucrtbase.dll
0x00007ffd9b440000 - 0x00007ffd9b8b3000 	E:\Continuum\anaconda3\python37.dll
0x00007ffd9bcb0000 - 0x00007ffd9bcc9000 	E:\Continuum\anaconda3\VCRUNTIME140.dll
0x00007ffdd2330000 - 0x00007ffdd2382000 	C:\WINDOWS\System32\SHLWAPI.dll
0x00007ffdd31f0000 - 0x00007ffdd328e000 	C:\WINDOWS\System32\msvcrt.dll
0x00007ffdc8160000 - 0x00007ffdc816a000 	C:\WINDOWS\SYSTEM32\VERSION.dll
0x00007ffdd2ca0000 - 0x00007ffdd2fd6000 	C:\WINDOWS\System32\combase.dll
0x00007ffdd2460000 - 0x00007ffdd257f000 	C:\WINDOWS\System32\RPCRT4.dll
0x00007ffdd0770000 - 0x00007ffdd07f4000 	C:\WINDOWS\System32\bcryptPrimitives.dll
0x00007ffdd1dd0000 - 0x00007ffdd1df6000 	C:\WINDOWS\System32\GDI32.dll
0x00007ffdd17d0000 - 0x00007ffdd17f1000 	C:\WINDOWS\System32\win32u.dll
0x00007ffdd1250000 - 0x00007ffdd13e8000 	C:\WINDOWS\System32\gdi32full.dll
0x00007ffdd1800000 - 0x00007ffdd189e000 	C:\WINDOWS\System32\msvcp_win.dll
0x00007ffdd3490000 - 0x00007ffdd3624000 	C:\WINDOWS\System32\USER32.dll
0x00007ffdd2240000 - 0x00007ffdd22af000 	C:\WINDOWS\System32\WS2_32.dll
0x00007ffdd3140000 - 0x00007ffdd31e3000 	C:\WINDOWS\System32\ADVAPI32.dll
0x00007ffdd1ef0000 - 0x00007ffdd1f87000 	C:\WINDOWS\System32\sechost.dll
0x00007ffdd2060000 - 0x00007ffdd208e000 	C:\WINDOWS\System32\IMM32.DLL
0x00007ffdd0800000 - 0x00007ffdd0817000 	C:\WINDOWS\System32\CRYPTSP.dll
0x00007ffdcfa10000 - 0x00007ffdcfa43000 	C:\WINDOWS\system32\rsaenh.dll
0x00007ffdd13f0000 - 0x00007ffdd1416000 	C:\WINDOWS\System32\bcrypt.dll
0x00007ffdd0060000 - 0x00007ffdd006c000 	C:\WINDOWS\SYSTEM32\CRYPTBASE.dll
0x00007ffd9d1a0000 - 0x00007ffd9d1af000 	E:\Continuum\anaconda3\python3.DLL
0x00007ffd9bc60000 - 0x00007ffd9bc78000 	E:\Continuum\anaconda3\DLLs\_bz2.pyd
0x00007ffd9bc30000 - 0x00007ffd9bc60000 	E:\Continuum\anaconda3\DLLs\_lzma.pyd
0x00007ffd9bad0000 - 0x00007ffd9badd000 	E:\Continuum\anaconda3\DLLs\_hashlib.pyd
0x00007ffd9b0f0000 - 0x00007ffd9b43c000 	E:\Continuum\anaconda3\Library\bin\libcrypto-1_1-x64.dll
0x00007ffd9bc80000 - 0x00007ffd9bca3000 	E:\Continuum\anaconda3\DLLs\_ctypes.pyd
0x00007ffdd2fe0000 - 0x00007ffdd3137000 	C:\WINDOWS\System32\ole32.dll
0x00007ffdd3630000 - 0x00007ffdd36f5000 	C:\WINDOWS\System32\OLEAUT32.dll
0x00007ffdd25b0000 - 0x00007ffdd2c97000 	C:\WINDOWS\System32\shell32.DLL
0x00007ffdd1780000 - 0x00007ffdd17ca000 	C:\WINDOWS\System32\cfgmgr32.dll
0x00007ffdd1d20000 - 0x00007ffdd1dc9000 	C:\WINDOWS\System32\shcore.dll
0x00007ffdd0ad0000 - 0x00007ffdd124b000 	C:\WINDOWS\System32\windows.storage.dll
0x00007ffdd0750000 - 0x00007ffdd076e000 	C:\WINDOWS\System32\profapi.dll
0x00007ffdd06e0000 - 0x00007ffdd072a000 	C:\WINDOWS\System32\powrprof.dll
0x00007ffdd06b0000 - 0x00007ffdd06c0000 	C:\WINDOWS\System32\UMPDC.dll
0x00007ffdd0730000 - 0x00007ffdd0741000 	C:\WINDOWS\System32\kernel.appcore.dll
0x00007ffd53f40000 - 0x00007ffd53f57000 	E:\Continuum\anaconda3\DLLs\_sqlite3.pyd
0x00007ffd53de0000 - 0x00007ffd53f3d000 	E:\Continuum\anaconda3\Library\bin\sqlite3.dll
0x00007ffd9ba40000 - 0x00007ffd9ba55000 	E:\Continuum\anaconda3\DLLs\_socket.pyd
0x00007ffd9ba30000 - 0x00007ffd9ba39000 	E:\Continuum\anaconda3\DLLs\select.pyd
0x00007ffd54420000 - 0x00007ffd5443f000 	E:\Continuum\anaconda3\DLLs\_ssl.pyd
0x00007ffdd0980000 - 0x00007ffdd0aca000 	C:\WINDOWS\System32\CRYPT32.dll
0x00007ffdd06c0000 - 0x00007ffdd06d2000 	C:\WINDOWS\System32\MSASN1.dll
0x00007ffd54370000 - 0x00007ffd5441c000 	E:\Continuum\anaconda3\Library\bin\libssl-1_1-x64.dll
0x00007ffd54320000 - 0x00007ffd54332000 	E:\Continuum\anaconda3\DLLs\_asyncio.pyd
0x00007ffdc0310000 - 0x00007ffdc031d000 	E:\Continuum\anaconda3\DLLs\_overlapped.pyd
0x00007ffdcfe90000 - 0x00007ffdcfef7000 	C:\WINDOWS\system32\mswsock.dll
0x00007ffd9ba20000 - 0x00007ffd9ba29000 	E:\Continuum\anaconda3\DLLs\_queue.pyd
0x00007ffd62250000 - 0x00007ffd62359000 	E:\Continuum\anaconda3\DLLs\unicodedata.pyd
0x00007ffdc3b50000 - 0x00007ffdc3b63000 	E:\Continuum\anaconda3\DLLs\_tkinter.pyd
0x00007ffdabfc0000 - 0x00007ffdac127000 	E:\Continuum\anaconda3\DLLs\tk86t.dll
0x00007ffdd2390000 - 0x00007ffdd2460000 	C:\WINDOWS\System32\COMDLG32.dll
0x00007ffda9330000 - 0x00007ffda94d4000 	E:\Continuum\anaconda3\DLLs\tcl86t.dll
0x00007ffdd05d0000 - 0x00007ffdd05f5000 	C:\WINDOWS\SYSTEM32\USERENV.dll
0x00007ffdc6ec0000 - 0x00007ffdc6ed7000 	C:\WINDOWS\SYSTEM32\NETAPI32.dll
0x00007ffdc26d0000 - 0x00007ffdc2954000 	C:\WINDOWS\WinSxS\amd64_microsoft.windows.common-controls_6595b64144ccf1df_6.0.18362.1977_none_9e80206be45c8f68\COMCTL32.dll
0x00007ffdcfcc0000 - 0x00007ffdcfd02000 	C:\WINDOWS\SYSTEM32\LOGONCLI.DLL
0x00007ffdc5b50000 - 0x00007ffdc5b68000 	C:\WINDOWS\SYSTEM32\SAMCLI.DLL
0x00007ffdcfcb0000 - 0x00007ffdcfcbc000 	C:\WINDOWS\SYSTEM32\NETUTILS.DLL
0x00007ffd9ae10000 - 0x00007ffd9b0e6000 	E:\Continuum\anaconda3\lib\site-packages\numpy\core\_multiarray_umath.cp37-win_amd64.pyd
0x00007ffd99d90000 - 0x00007ffd9ae06000 	E:\Continuum\anaconda3\Library\bin\libcblas.dll
0x00007ffd9ba00000 - 0x00007ffd9ba1f000 	E:\Continuum\anaconda3\lib\site-packages\numpy\core\_multiarray_tests.cp37-win_amd64.pyd
0x00007ffd9b9f0000 - 0x00007ffd9b9f9000 	E:\Continuum\anaconda3\lib\site-packages\numpy\linalg\lapack_lite.cp37-win_amd64.pyd
0x00007ffd98d10000 - 0x00007ffd99d86000 	E:\Continuum\anaconda3\Library\bin\liblapack.dll
0x00007ffd9b9c0000 - 0x00007ffd9b9ea000 	E:\Continuum\anaconda3\lib\site-packages\numpy\linalg\_umath_linalg.cp37-win_amd64.pyd
0x00007ffd97c90000 - 0x00007ffd98d06000 	E:\Continuum\anaconda3\Library\bin\libblas.dll
0x00007ffd9b9a0000 - 0x00007ffd9b9c0000 	E:\Continuum\anaconda3\lib\site-packages\numpy\fft\_pocketfft_internal.cp37-win_amd64.pyd
0x00007ffd97c00000 - 0x00007ffd97c8f000 	E:\Continuum\anaconda3\lib\site-packages\numpy\random\mtrand.cp37-win_amd64.pyd
0x00007ffd9b970000 - 0x00007ffd9b99a000 	E:\Continuum\anaconda3\lib\site-packages\numpy\random\bit_generator.cp37-win_amd64.pyd
0x00007ffd9b930000 - 0x00007ffd9b961000 	E:\Continuum\anaconda3\lib\site-packages\numpy\random\_common.cp37-win_amd64.pyd
0x00007ffd97bc0000 - 0x00007ffd97c00000 	E:\Continuum\anaconda3\lib\site-packages\numpy\random\_bounded_integers.cp37-win_amd64.pyd
0x00007ffd97ba0000 - 0x00007ffd97bb8000 	E:\Continuum\anaconda3\lib\site-packages\numpy\random\_mt19937.cp37-win_amd64.pyd
0x00007ffd97b80000 - 0x00007ffd97b97000 	E:\Continuum\anaconda3\lib\site-packages\numpy\random\_philox.cp37-win_amd64.pyd
0x00007ffd97b60000 - 0x00007ffd97b75000 	E:\Continuum\anaconda3\lib\site-packages\numpy\random\_pcg64.cp37-win_amd64.pyd
0x00007ffd97b40000 - 0x00007ffd97b52000 	E:\Continuum\anaconda3\lib\site-packages\numpy\random\_sfc64.cp37-win_amd64.pyd
0x00007ffd97a90000 - 0x00007ffd97b38000 	E:\Continuum\anaconda3\lib\site-packages\numpy\random\_generator.cp37-win_amd64.pyd
0x00007ffd949a0000 - 0x00007ffd97a82000 	E:\Continuum\anaconda3\Library\bin\mkl_intel_thread.dll
0x00007ffd5d250000 - 0x00007ffd61cae000 	E:\Continuum\anaconda3\Library\bin\mkl_core.dll
0x00007ffd92180000 - 0x00007ffd949a0000 	E:\Continuum\anaconda3\Library\bin\mkl_avx2.dll
0x00007ffd91310000 - 0x00007ffd9217d000 	E:\Continuum\anaconda3\Library\bin\mkl_vml_avx2.dll
0x00007ffd91200000 - 0x00007ffd9130e000 	E:\Continuum\anaconda3\lib\site-packages\pandas\_libs\interval.cp37-win_amd64.pyd
0x00007ffd91100000 - 0x00007ffd911f8000 	E:\Continuum\anaconda3\lib\site-packages\pandas\_libs\hashtable.cp37-win_amd64.pyd
0x00007ffd910d0000 - 0x00007ffd910fb000 	E:\Continuum\anaconda3\lib\site-packages\pandas\_libs\missing.cp37-win_amd64.pyd
0x00007ffd910b0000 - 0x00007ffd910cd000 	E:\Continuum\anaconda3\lib\site-packages\pandas\_libs\tslibs\dtypes.cp37-win_amd64.pyd
0x00007ffd91070000 - 0x00007ffd910ac000 	E:\Continuum\anaconda3\lib\site-packages\pandas\_libs\tslibs\conversion.cp37-win_amd64.pyd
0x00007ffd9b920000 - 0x00007ffd9b92f000 	E:\Continuum\anaconda3\lib\site-packages\pandas\_libs\tslibs\base.cp37-win_amd64.pyd
0x00007ffd91040000 - 0x00007ffd91070000 	E:\Continuum\anaconda3\lib\site-packages\pandas\_libs\tslibs\nattype.cp37-win_amd64.pyd
0x00007ffd91030000 - 0x00007ffd9103f000 	E:\Continuum\anaconda3\lib\site-packages\pandas\_libs\tslibs\np_datetime.cp37-win_amd64.pyd
0x00007ffd90ff0000 - 0x00007ffd91025000 	E:\Continuum\anaconda3\lib\site-packages\pandas\_libs\tslibs\timezones.cp37-win_amd64.pyd
0x00007ffd90fb0000 - 0x00007ffd90feb000 	E:\Continuum\anaconda3\lib\site-packages\pandas\_libs\tslibs\tzconversion.cp37-win_amd64.pyd
0x00007ffd90f90000 - 0x00007ffd90fa2000 	E:\Continuum\anaconda3\lib\site-packages\pandas\_libs\tslibs\ccalendar.cp37-win_amd64.pyd
0x00007ffd90f30000 - 0x00007ffd90f81000 	E:\Continuum\anaconda3\lib\site-packages\pandas\_libs\tslibs\parsing.cp37-win_amd64.pyd
0x00007ffd90e60000 - 0x00007ffd90f26000 	E:\Continuum\anaconda3\lib\site-packages\pandas\_libs\tslibs\offsets.cp37-win_amd64.pyd
0x00007ffd90e00000 - 0x00007ffd90e5d000 	E:\Continuum\anaconda3\lib\site-packages\pandas\_libs\tslibs\timedeltas.cp37-win_amd64.pyd
0x00007ffd8f770000 - 0x00007ffd8f7d0000 	E:\Continuum\anaconda3\lib\site-packages\pandas\_libs\tslibs\timestamps.cp37-win_amd64.pyd
0x00007ffd90dc0000 - 0x00007ffd90dfc000 	E:\Continuum\anaconda3\lib\site-packages\pandas\_libs\tslibs\fields.cp37-win_amd64.pyd
0x00007ffd8f720000 - 0x00007ffd8f76d000 	E:\Continuum\anaconda3\lib\site-packages\pandas\_libs\tslibs\strptime.cp37-win_amd64.pyd
0x00007ffd8f700000 - 0x00007ffd8f713000 	E:\Continuum\anaconda3\lib\site-packages\pandas\_libs\properties.cp37-win_amd64.pyd
0x00007ffd8f6b0000 - 0x00007ffd8f6fb000 	E:\Continuum\anaconda3\DLLs\_decimal.pyd
0x00007ffd8f650000 - 0x00007ffd8f6ab000 	E:\Continuum\anaconda3\lib\site-packages\pandas\_libs\tslibs\period.cp37-win_amd64.pyd
0x00007ffd8f610000 - 0x00007ffd8f644000 	E:\Continuum\anaconda3\lib\site-packages\pandas\_libs\tslibs\vectorized.cp37-win_amd64.pyd
0x00007ffd8f5f0000 - 0x00007ffd8f602000 	E:\Continuum\anaconda3\lib\site-packages\pandas\_libs\ops_dispatch.cp37-win_amd64.pyd
0x00007ffd8f4b0000 - 0x00007ffd8f5e4000 	E:\Continuum\anaconda3\lib\site-packages\pandas\_libs\algos.cp37-win_amd64.pyd
0x00007ffd8f430000 - 0x00007ffd8f4a1000 	E:\Continuum\anaconda3\lib\site-packages\pandas\_libs\lib.cp37-win_amd64.pyd
0x00007ffd8f400000 - 0x00007ffd8f426000 	E:\Continuum\anaconda3\lib\site-packages\pandas\_libs\tslib.cp37-win_amd64.pyd
0x00007ffd8f3d0000 - 0x00007ffd8f3fb000 	E:\Continuum\anaconda3\lib\site-packages\pandas\_libs\hashing.cp37-win_amd64.pyd
0x00007ffd7aea0000 - 0x00007ffd7aed2000 	E:\Continuum\anaconda3\lib\site-packages\pandas\_libs\ops.cp37-win_amd64.pyd
0x00007ffd621d0000 - 0x00007ffd62244000 	E:\Continuum\anaconda3\lib\site-packages\pandas\_libs\index.cp37-win_amd64.pyd
0x00007ffd5d070000 - 0x00007ffd5d242000 	E:\Continuum\anaconda3\lib\site-packages\pandas\_libs\join.cp37-win_amd64.pyd
0x00007ffd62100000 - 0x00007ffd621c6000 	E:\Continuum\anaconda3\lib\site-packages\pandas\_libs\sparse.cp37-win_amd64.pyd
0x00007ffd72870000 - 0x00007ffd728b3000 	E:\Continuum\anaconda3\lib\site-packages\pandas\_libs\reduction.cp37-win_amd64.pyd
0x00007ffd90db0000 - 0x00007ffd90dc0000 	E:\Continuum\anaconda3\lib\site-packages\pandas\_libs\indexing.cp37-win_amd64.pyd
0x00007ffd781c0000 - 0x00007ffd781f8000 	E:\Continuum\anaconda3\lib\site-packages\pandas\_libs\internals.cp37-win_amd64.pyd
0x00007ffd73480000 - 0x00007ffd734b1000 	E:\Continuum\anaconda3\lib\site-packages\pandas\_libs\writers.cp37-win_amd64.pyd
0x00007ffd672a0000 - 0x00007ffd672e9000 	E:\Continuum\anaconda3\lib\site-packages\pandas\_libs\window\aggregations.cp37-win_amd64.pyd
0x00007ffdc3880000 - 0x00007ffdc391b000 	E:\Continuum\anaconda3\lib\site-packages\pandas\_libs\window\MSVCP140.dll
0x00007ffd5d040000 - 0x00007ffd5d069000 	E:\Continuum\anaconda3\lib\site-packages\pandas\_libs\window\indexers.cp37-win_amd64.pyd
0x00007ffd5d000000 - 0x00007ffd5d03c000 	E:\Continuum\anaconda3\lib\site-packages\pandas\_libs\reshape.cp37-win_amd64.pyd
0x00007ffd5cf20000 - 0x00007ffd5cfff000 	E:\Continuum\anaconda3\lib\site-packages\pandas\_libs\groupby.cp37-win_amd64.pyd
0x00007ffd5ceb0000 - 0x00007ffd5cf16000 	E:\Continuum\anaconda3\lib\site-packages\pandas\_libs\parsers.cp37-win_amd64.pyd
0x00007ffd7ae80000 - 0x00007ffd7ae95000 	E:\Continuum\anaconda3\lib\site-packages\pandas\_libs\json.cp37-win_amd64.pyd
0x00007ffd748b0000 - 0x00007ffd748c6000 	E:\Continuum\anaconda3\lib\site-packages\pandas\_libs\testing.cp37-win_amd64.pyd

dbghelp: loaded successfully - version: 4.0.5 - missing functions: none
symbol engine: initialized successfully - sym options: 0x614 - pdb path: .;E:\Continuum\anaconda3;C:\WINDOWS\SYSTEM32;E:\Continuum\anaconda3\DLLs;E:\Continuum\anaconda3\Library\bin;C:\WINDOWS\WinSxS\amd64_microsoft.windows.common-controls_6595b64144ccf1df_6.0.18362.1977_none_9e80206be45c8f68;E:\Continuum\anaconda3\lib\site-packages\numpy\core;E:\Continuum\anaconda3\lib\site-packages\numpy\linalg;E:\Continuum\anaconda3\lib\site-packages\numpy\fft;E:\Continuum\anaconda3\lib\site-packages\numpy\random;E:\Continuum\anaconda3\lib\site-packages\pandas\_libs;E:\Continuum\anaconda3\lib\site-packages\pandas\_libs\tslibs;E:\Continuum\anaconda3\lib\site-packages\pandas\_libs\window;E:\Continuum\anaconda3\lib\site-packages\zmq;E:\Continuum\anaconda3\lib\site-packages\zmq\backend\cython;E:\Continuum\anaconda3\lib\site-packages\tornado;E:\Continuum\anaconda3\lib\site-packages\matplotlib;E:\Continuum\anaconda3\lib\site-packages\PIL;E:\Continuum\anaconda3\lib\site-packages;E:\Continuum\anaconda3\lib\site-packages\win32;E:\Continuum\anaconda3\lib\site-packages\matplotlib\backends;E:\Continuum\anaconda3\lib\site-packages\PyQt5;E:\Continuum\anaconda3\lib\site-packages\lxml;C:\Program Files\COMSOL\COMSOL60\Multiphysics\java\win64\jre\bin\server;C:\Program Files\COMSOL\COMSOL60\Multiphysics\java\win64\jre\bin;C:\Program Files\COMSOL\COMSOL60\Multiphysics\lib\win64;C:\Program Files\COMSOL\COMSOL60\Multiphysics\bin\win64;C:\Program Files\COMSOL\COMSOL60\Multiphysics\ext\graphicsmagick\win64;C:\Program Files\NVIDIA Corporation\nview;C:\Program Files\COMSOL\COMSOL60\Multiphysics\ext\sqlite\win64

VM Arguments:
java_command: <unknown>
java_class_path (initial): C:\Program Files\COMSOL\COMSOL60\Multiphysics\plugins\aopalliance-repackaged-2.6.1.jar;C:\Program Files\COMSOL\COMSOL60\Multiphysics\plugins\com.comsol.acdc_1.0.0.jar;C:\Program Files\COMSOL\COMSOL60\Multiphysics\plugins\com.comsol.aco_1.0.0.jar;C:\Program Files\COMSOL\COMSOL60\Multiphysics\plugins\com.comsol.api_1.0.0.jar;C:\Program Files\COMSOL\COMSOL60\Multiphysics\plugins\com.comsol.applapi_1.0.0.jar;C:\Program Files\COMSOL\COMSOL60\Multiphysics\plugins\com.comsol.application_1.0.0.jar;C:\Program Files\COMSOL\COMSOL60\Multiphysics\plugins\com.comsol.archiveutil_1.0.0.jar;C:\Program Files\COMSOL\COMSOL60\Multiphysics\plugins\com.comsol.batch_1.0.0.jar;C:\Program Files\COMSOL\COMSOL60\Multiphysics\plugins\com.comsol.bfc_1.0.0.jar;C:\Program Files\COMSOL\COMSOL60\Multiphysics\plugins\com.comsol.bridge_1.0.0.jar;C:\Program Files\COMSOL\COMSOL60\Multiphysics\plugins\com.comsol.cfd_1.0.0.jar;C:\Program Files\COMSOL\COMSOL60\Multiphysics\plugins\com.comsol.chem_1.0.0.jar;C:\Program Files\COMSOL\COMSOL60\Multiphysics\plugins\com.comsol.clientapi_1.0.0.jar;C:\Program Files\COMSOL\COMSOL60\Multiphysics\plugins\com.comsol.client_1.0.0.jar;C:\Program Files\COMSOL\COMSOL60\Multiphysics\plugins\com.comsol.communication_1.0.0.jar;C:\Program Files\COMSOL\COMSOL60\Multiphysics\plugins\com.comsol.compatemf_1.0.0.jar;C:\Program Files\COMSOL\COMSOL60\Multiphysics\plugins\com.comsol.core_1.0.0.jar;C:\Program Files\COMSOL\COMSOL60\Multiphysics\plugins\com.comsol.dbbridge.common_1.0.0.jar;C:\Program Files\COMSOL\COMSOL60\Multiphysics\plugins\com.comsol.dbbridge_1.0.0.jar;C:\Program Files\COMSOL\COMSOL60\Multiphysics\plugins\com.comsol.dbcommon_1.0.0.jar;C:\Program Files\COMSOL\COMSOL60\Multiphysics\plugins\com.comsol.dbcore_1.0.0.jar;C:\Program Files\COMSOL\COMSOL60\Multiphysics\plugins\com.comsol.dbext.solr_1.0.0.jar;C:\Program Files\COMSOL\COMSOL60\Multiphysics\plugins\com.comsol.dbext.sqlite_1.0.0.jar;C:\Program Files\COMSOL\COMSOL60\Multiphysics\plugin
Launcher Type: generic

[Global flags]
     intx CICompilerCount                          = 12                                        {product} {ergonomic}
     uint ConcGCThreads                            = 3                                         {product} {ergonomic}
     uint G1ConcRefinementThreads                  = 13                                        {product} {ergonomic}
   size_t G1HeapRegionSize                         = 4194304                                   {product} {ergonomic}
    uintx GCDrainStackTargetSize                   = 64                                        {product} {ergonomic}
   size_t InitialHeapSize                          = 1073741824                                {product} {ergonomic}
   size_t MarkStackSize                            = 4194304                                   {product} {ergonomic}
   size_t MaxHeapSize                              = 17163091968                               {product} {ergonomic}
   size_t MaxNewSize                               = 10297016320                               {product} {ergonomic}
   size_t MinHeapDeltaBytes                        = 4194304                                   {product} {ergonomic}
    uintx NonNMethodCodeHeapSize                   = 7594288                                {pd product} {ergonomic}
    uintx NonProfiledCodeHeapSize                  = 122031976                              {pd product} {ergonomic}
    uintx ProfiledCodeHeapSize                     = 122031976                              {pd product} {ergonomic}
    uintx ReservedCodeCacheSize                    = 251658240                              {pd product} {ergonomic}
     bool SegmentedCodeCache                       = true                                      {product} {ergonomic}
     bool UseCompressedClassPointers               = true                                 {lp64_product} {ergonomic}
     bool UseCompressedOops                        = true                                 {lp64_product} {ergonomic}
     bool UseG1GC                                  = true                                      {product} {ergonomic}
     bool UseLargePagesIndividualAllocation        = false                                  {pd product} {ergonomic}

Logging:
Log output configuration:
 #0: stdout all=warning uptime,level,tags
 #1: stderr all=off uptime,level,tags

Environment Variables:
PATH=C:\Program Files\COMSOL\COMSOL60\Multiphysics\java\win64\jre\bin;E:\Continuum\anaconda3;E:\Continuum\anaconda3\Library\mingw-w64\bin;E:\Continuum\anaconda3\Library\usr\bin;E:\Continuum\anaconda3\Library\bin;E:\Continuum\anaconda3\Scripts;C:\Program Files (x86)\IntelSWTools\compilers_and_libraries_2019.3.203\windows\mpi\intel64\bin;C:\Program Files (x86)\Intel\iCLS Client\;C:\Program Files\Intel\iCLS Client\;C:\Program Files (x86)\Common Files\Oracle\Java\javapath;C:\WINDOWS\system32;C:\WINDOWS;C:\WINDOWS\System32\Wbem;C:\WINDOWS\System32\WindowsPowerShell\v1.0\;C:\WINDOWS\System32\OpenSSH\;C:\Program Files (x86)\Intel\Intel(R) Management Engine Components\DAL;C:\Program Files\Intel\Intel(R) Management Engine Components\DAL;C:\Program Files (x86)\Intel\Intel(R) Management Engine Components\IPT;C:\Program Files\Intel\Intel(R) Management Engine Components\IPT;C:\Oracle\instantclient_12_1;C:\Oracle\instantclient_12_1\x64;C:\Program Files\MATLAB\R2021a\bin;C:\Program Files\MATLAB\R2020b\bin;C:\Program Files\MATLAB\R2018b\bin;C:\Program Files\Git\cmd;E:\mingw64\bin;C:\Program Files\OGS-5\bin;C:\Program Files\dotnet\;C:\Users\kkorhone\AppData\Local\Microsoft\WindowsApps;C:\Users\kkorhone\AppData\Local\atom\bin;C:\TDM-GCC-64\bin;C:\Users\kkorhone\AppData\Local\Microsoft\WindowsApps;C:\Users\kkorhone\AppData\Local\Programs\Microsoft VS Code\bin;C:\Users\kkorhone\AppData\Local\Programs\MiKTeX\miktex\bin\x64\;C:\Users\kkorhone\AppData\Local\GitHubDesktop\bin;E:\Continuum\anaconda3\lib\site-packages\scipy\.libs
USERNAME=kkorhone
LANG=en
OS=Windows_NT
PROCESSOR_IDENTIFIER=Intel64 Family 6 Model 63 Stepping 2, GenuineIntel



---------------  S Y S T E M  ---------------

OS: Windows 10 , 64 bit Build 18362 (10.0.18362.1916)
OS uptime: 0 days 1:24 hours

CPU:total 16 (initial active 16) (8 cores per cpu, 2 threads per core) family 6 model 63 stepping 2 microcode 0x43, cmov, cx8, fxsr, mmx, sse, sse2, sse3, ssse3, sse4.1, sse4.2, popcnt, avx, avx2, aes, clmul, erms, lzcnt, ht, tsc, tscinvbit, bmi1, bmi2, fma

Memory: 4k page, system-wide physical 65458M (56232M free)
TotalPageFile size 75186M (AvailPageFile size 65297M)
current process WorkingSet (physical memory assigned to process): 956M, peak: 1048M
current process commit charge ("private bytes"): 1024M, peak: 1352M

vm_info: OpenJDK 64-Bit Server VM (11.0.13+8) for windows-amd64 JRE (11.0.13+8), built on Oct 19 2021 17:05:59 by "" with unknown MS VC++:1916

END.
